CRITICAL - 2023-11-29 09:00:08 --> You must set the database table to be used with your query.
in SYSTEMPATH\Database\BaseConnection.php on line 884.
 1 SYSTEMPATH\Model.php(635): CodeIgniter\Database\BaseConnection->table(null)
 2 SYSTEMPATH\Model.php(863): CodeIgniter\Model->builder()
 3 APPPATH\Controllers\BookController.php(51): CodeIgniter\Model->__call('where', [...])
 4 SYSTEMPATH\CodeIgniter.php(942): App\Controllers\BookController->getBook('1')
 5 SYSTEMPATH\CodeIgniter.php(502): CodeIgniter\CodeIgniter->runController(Object(App\Controllers\BookController))
 6 SYSTEMPATH\CodeIgniter.php(361): CodeIgniter\CodeIgniter->handleRequest(null, Object(Config\Cache), false)
 7 FCPATH\index.php(79): CodeIgniter\CodeIgniter->run()
CRITICAL - 2023-11-29 09:08:40 --> Undefined variable $data
in APPPATH\Controllers\SearchController.php on line 21.
 1 APPPATH\Controllers\SearchController.php(21): CodeIgniter\Debug\Exceptions->errorHandler(2, 'Undefined variable $data', 'D:\\projects\\biblioteka_cyfr\\app\\Controllers\\SearchController.php', 21)
 2 SYSTEMPATH\CodeIgniter.php(942): App\Controllers\SearchController->index()
 3 SYSTEMPATH\CodeIgniter.php(502): CodeIgniter\CodeIgniter->runController(Object(App\Controllers\SearchController))
 4 SYSTEMPATH\CodeIgniter.php(361): CodeIgniter\CodeIgniter->handleRequest(null, Object(Config\Cache), false)
 5 FCPATH\index.php(79): CodeIgniter\CodeIgniter->run()
CRITICAL - 2023-11-29 09:09:18 --> Undefined variable $data
in APPPATH\Controllers\SearchController.php on line 22.
 1 APPPATH\Controllers\SearchController.php(22): CodeIgniter\Debug\Exceptions->errorHandler(2, 'Undefined variable $data', 'D:\\projects\\biblioteka_cyfr\\app\\Controllers\\SearchController.php', 22)
 2 SYSTEMPATH\CodeIgniter.php(942): App\Controllers\SearchController->index()
 3 SYSTEMPATH\CodeIgniter.php(502): CodeIgniter\CodeIgniter->runController(Object(App\Controllers\SearchController))
 4 SYSTEMPATH\CodeIgniter.php(361): CodeIgniter\CodeIgniter->handleRequest(null, Object(Config\Cache), false)
 5 FCPATH\index.php(79): CodeIgniter\CodeIgniter->run()
CRITICAL - 2023-11-29 09:09:20 --> Undefined variable $data
in APPPATH\Controllers\SearchController.php on line 22.
 1 APPPATH\Controllers\SearchController.php(22): CodeIgniter\Debug\Exceptions->errorHandler(2, 'Undefined variable $data', 'D:\\projects\\biblioteka_cyfr\\app\\Controllers\\SearchController.php', 22)
 2 SYSTEMPATH\CodeIgniter.php(942): App\Controllers\SearchController->index()
 3 SYSTEMPATH\CodeIgniter.php(502): CodeIgniter\CodeIgniter->runController(Object(App\Controllers\SearchController))
 4 SYSTEMPATH\CodeIgniter.php(361): CodeIgniter\CodeIgniter->handleRequest(null, Object(Config\Cache), false)
 5 FCPATH\index.php(79): CodeIgniter\CodeIgniter->run()
CRITICAL - 2023-11-29 09:09:22 --> Undefined variable $data
in APPPATH\Controllers\SearchController.php on line 22.
 1 APPPATH\Controllers\SearchController.php(22): CodeIgniter\Debug\Exceptions->errorHandler(2, 'Undefined variable $data', 'D:\\projects\\biblioteka_cyfr\\app\\Controllers\\SearchController.php', 22)
 2 SYSTEMPATH\CodeIgniter.php(942): App\Controllers\SearchController->index()
 3 SYSTEMPATH\CodeIgniter.php(502): CodeIgniter\CodeIgniter->runController(Object(App\Controllers\SearchController))
 4 SYSTEMPATH\CodeIgniter.php(361): CodeIgniter\CodeIgniter->handleRequest(null, Object(Config\Cache), false)
 5 FCPATH\index.php(79): CodeIgniter\CodeIgniter->run()
CRITICAL - 2023-11-29 09:09:56 --> Undefined variable $data
in APPPATH\Controllers\SearchController.php on line 22.
 1 APPPATH\Controllers\SearchController.php(22): CodeIgniter\Debug\Exceptions->errorHandler(2, 'Undefined variable $data', 'D:\\projects\\biblioteka_cyfr\\app\\Controllers\\SearchController.php', 22)
 2 SYSTEMPATH\CodeIgniter.php(942): App\Controllers\SearchController->index()
 3 SYSTEMPATH\CodeIgniter.php(502): CodeIgniter\CodeIgniter->runController(Object(App\Controllers\SearchController))
 4 SYSTEMPATH\CodeIgniter.php(361): CodeIgniter\CodeIgniter->handleRequest(null, Object(Config\Cache), false)
 5 FCPATH\index.php(79): CodeIgniter\CodeIgniter->run()
CRITICAL - 2023-11-29 09:09:59 --> Undefined variable $data
in APPPATH\Controllers\SearchController.php on line 22.
 1 APPPATH\Controllers\SearchController.php(22): CodeIgniter\Debug\Exceptions->errorHandler(2, 'Undefined variable $data', 'D:\\projects\\biblioteka_cyfr\\app\\Controllers\\SearchController.php', 22)
 2 SYSTEMPATH\CodeIgniter.php(942): App\Controllers\SearchController->index()
 3 SYSTEMPATH\CodeIgniter.php(502): CodeIgniter\CodeIgniter->runController(Object(App\Controllers\SearchController))
 4 SYSTEMPATH\CodeIgniter.php(361): CodeIgniter\CodeIgniter->handleRequest(null, Object(Config\Cache), false)
 5 FCPATH\index.php(79): CodeIgniter\CodeIgniter->run()
CRITICAL - 2023-11-29 09:10:00 --> Undefined variable $data
in APPPATH\Controllers\SearchController.php on line 22.
 1 APPPATH\Controllers\SearchController.php(22): CodeIgniter\Debug\Exceptions->errorHandler(2, 'Undefined variable $data', 'D:\\projects\\biblioteka_cyfr\\app\\Controllers\\SearchController.php', 22)
 2 SYSTEMPATH\CodeIgniter.php(942): App\Controllers\SearchController->index()
 3 SYSTEMPATH\CodeIgniter.php(502): CodeIgniter\CodeIgniter->runController(Object(App\Controllers\SearchController))
 4 SYSTEMPATH\CodeIgniter.php(361): CodeIgniter\CodeIgniter->handleRequest(null, Object(Config\Cache), false)
 5 FCPATH\index.php(79): CodeIgniter\CodeIgniter->run()
CRITICAL - 2023-11-29 09:10:04 --> Undefined variable $data
in APPPATH\Controllers\SearchController.php on line 22.
 1 APPPATH\Controllers\SearchController.php(22): CodeIgniter\Debug\Exceptions->errorHandler(2, 'Undefined variable $data', 'D:\\projects\\biblioteka_cyfr\\app\\Controllers\\SearchController.php', 22)
 2 SYSTEMPATH\CodeIgniter.php(942): App\Controllers\SearchController->index()
 3 SYSTEMPATH\CodeIgniter.php(502): CodeIgniter\CodeIgniter->runController(Object(App\Controllers\SearchController))
 4 SYSTEMPATH\CodeIgniter.php(361): CodeIgniter\CodeIgniter->handleRequest(null, Object(Config\Cache), false)
 5 FCPATH\index.php(79): CodeIgniter\CodeIgniter->run()
CRITICAL - 2023-11-29 09:12:55 --> count(): Argument #1 ($value) must be of type Countable|array, null given
in APPPATH\Views\search.php on line 15.
 1 SYSTEMPATH\View\View.php(228): include()
 2 SYSTEMPATH\View\View.php(231): CodeIgniter\View\View->CodeIgniter\View\{closure}()
 3 SYSTEMPATH\Common.php(1190): CodeIgniter\View\View->render('search', [], true)
 4 APPPATH\Controllers\SearchController.php(23): view('search', [])
 5 SYSTEMPATH\CodeIgniter.php(942): App\Controllers\SearchController->index()
 6 SYSTEMPATH\CodeIgniter.php(502): CodeIgniter\CodeIgniter->runController(Object(App\Controllers\SearchController))
 7 SYSTEMPATH\CodeIgniter.php(361): CodeIgniter\CodeIgniter->handleRequest(null, Object(Config\Cache), false)
 8 FCPATH\index.php(79): CodeIgniter\CodeIgniter->run()
CRITICAL - 2023-11-29 09:17:54 --> Undefined property: stdClass::$name
in APPPATH\Views\search.php on line 31.
 1 APPPATH\Views\search.php(31): CodeIgniter\Debug\Exceptions->errorHandler(2, 'Undefined property: stdClass::$name', 'D:\\projects\\biblioteka_cyfr\\app\\Views\\search.php', 31)
 2 SYSTEMPATH\View\View.php(228): include('D:\\projects\\biblioteka_cyfr\\app\\Views\\search.php')
 3 SYSTEMPATH\View\View.php(231): CodeIgniter\View\View->CodeIgniter\View\{closure}()
 4 SYSTEMPATH\Common.php(1190): CodeIgniter\View\View->render('search', [], true)
 5 APPPATH\Controllers\SearchController.php(21): view('search', [...])
 6 SYSTEMPATH\CodeIgniter.php(942): App\Controllers\SearchController->index()
 7 SYSTEMPATH\CodeIgniter.php(502): CodeIgniter\CodeIgniter->runController(Object(App\Controllers\SearchController))
 8 SYSTEMPATH\CodeIgniter.php(361): CodeIgniter\CodeIgniter->handleRequest(null, Object(Config\Cache), false)
 9 FCPATH\index.php(79): CodeIgniter\CodeIgniter->run()
CRITICAL - 2023-11-29 09:18:03 --> syntax error, unexpected token ";"
in APPPATH\Views\search.php on line 31.
 1 SYSTEMPATH\View\View.php(231): CodeIgniter\View\View->CodeIgniter\View\{closure}()
 2 SYSTEMPATH\Common.php(1190): CodeIgniter\View\View->render('search', [], true)
 3 APPPATH\Controllers\SearchController.php(21): view('search', [...])
 4 SYSTEMPATH\CodeIgniter.php(942): App\Controllers\SearchController->index()
 5 SYSTEMPATH\CodeIgniter.php(502): CodeIgniter\CodeIgniter->runController(Object(App\Controllers\SearchController))
 6 SYSTEMPATH\CodeIgniter.php(361): CodeIgniter\CodeIgniter->handleRequest(null, Object(Config\Cache), false)
 7 FCPATH\index.php(79): CodeIgniter\CodeIgniter->run()
CRITICAL - 2023-11-29 09:23:09 --> syntax error, unexpected token "?"
in APPPATH\Views\search.php on line 8.
 1 SYSTEMPATH\View\View.php(231): CodeIgniter\View\View->CodeIgniter\View\{closure}()
 2 SYSTEMPATH\Common.php(1190): CodeIgniter\View\View->render('search', [], true)
 3 APPPATH\Controllers\SearchController.php(21): view('search', [...])
 4 SYSTEMPATH\CodeIgniter.php(942): App\Controllers\SearchController->index()
 5 SYSTEMPATH\CodeIgniter.php(502): CodeIgniter\CodeIgniter->runController(Object(App\Controllers\SearchController))
 6 SYSTEMPATH\CodeIgniter.php(361): CodeIgniter\CodeIgniter->handleRequest(null, Object(Config\Cache), false)
 7 FCPATH\index.php(79): CodeIgniter\CodeIgniter->run()
CRITICAL - 2023-11-29 09:26:24 --> Undefined variable $GET
in APPPATH\Views\search.php on line 13.
 1 APPPATH\Views\search.php(13): CodeIgniter\Debug\Exceptions->errorHandler(2, 'Undefined variable $GET', 'D:\\projects\\biblioteka_cyfr\\app\\Views\\search.php', 13)
 2 SYSTEMPATH\View\View.php(228): include('D:\\projects\\biblioteka_cyfr\\app\\Views\\search.php')
 3 SYSTEMPATH\View\View.php(231): CodeIgniter\View\View->CodeIgniter\View\{closure}()
 4 SYSTEMPATH\Common.php(1190): CodeIgniter\View\View->render('search', [], true)
 5 APPPATH\Controllers\SearchController.php(21): view('search', [...])
 6 SYSTEMPATH\CodeIgniter.php(942): App\Controllers\SearchController->index()
 7 SYSTEMPATH\CodeIgniter.php(502): CodeIgniter\CodeIgniter->runController(Object(App\Controllers\SearchController))
 8 SYSTEMPATH\CodeIgniter.php(361): CodeIgniter\CodeIgniter->handleRequest(null, Object(Config\Cache), false)
 9 FCPATH\index.php(79): CodeIgniter\CodeIgniter->run()
CRITICAL - 2023-11-29 09:26:27 --> Undefined variable $GET
in APPPATH\Views\search.php on line 13.
 1 APPPATH\Views\search.php(13): CodeIgniter\Debug\Exceptions->errorHandler(2, 'Undefined variable $GET', 'D:\\projects\\biblioteka_cyfr\\app\\Views\\search.php', 13)
 2 SYSTEMPATH\View\View.php(228): include('D:\\projects\\biblioteka_cyfr\\app\\Views\\search.php')
 3 SYSTEMPATH\View\View.php(231): CodeIgniter\View\View->CodeIgniter\View\{closure}()
 4 SYSTEMPATH\Common.php(1190): CodeIgniter\View\View->render('search', [], true)
 5 APPPATH\Controllers\SearchController.php(21): view('search', [])
 6 SYSTEMPATH\CodeIgniter.php(942): App\Controllers\SearchController->index()
 7 SYSTEMPATH\CodeIgniter.php(502): CodeIgniter\CodeIgniter->runController(Object(App\Controllers\SearchController))
 8 SYSTEMPATH\CodeIgniter.php(361): CodeIgniter\CodeIgniter->handleRequest(null, Object(Config\Cache), false)
 9 FCPATH\index.php(79): CodeIgniter\CodeIgniter->run()
CRITICAL - 2023-11-29 09:26:29 --> Undefined variable $GET
in APPPATH\Views\search.php on line 13.
 1 APPPATH\Views\search.php(13): CodeIgniter\Debug\Exceptions->errorHandler(2, 'Undefined variable $GET', 'D:\\projects\\biblioteka_cyfr\\app\\Views\\search.php', 13)
 2 SYSTEMPATH\View\View.php(228): include('D:\\projects\\biblioteka_cyfr\\app\\Views\\search.php')
 3 SYSTEMPATH\View\View.php(231): CodeIgniter\View\View->CodeIgniter\View\{closure}()
 4 SYSTEMPATH\Common.php(1190): CodeIgniter\View\View->render('search', [], true)
 5 APPPATH\Controllers\SearchController.php(21): view('search', [])
 6 SYSTEMPATH\CodeIgniter.php(942): App\Controllers\SearchController->index()
 7 SYSTEMPATH\CodeIgniter.php(502): CodeIgniter\CodeIgniter->runController(Object(App\Controllers\SearchController))
 8 SYSTEMPATH\CodeIgniter.php(361): CodeIgniter\CodeIgniter->handleRequest(null, Object(Config\Cache), false)
 9 FCPATH\index.php(79): CodeIgniter\CodeIgniter->run()
CRITICAL - 2023-11-29 09:28:32 --> Undefined array key "search"
in APPPATH\Views\search.php on line 13.
 1 APPPATH\Views\search.php(13): CodeIgniter\Debug\Exceptions->errorHandler(2, 'Undefined array key "search"', 'D:\\projects\\biblioteka_cyfr\\app\\Views\\search.php', 13)
 2 SYSTEMPATH\View\View.php(228): include('D:\\projects\\biblioteka_cyfr\\app\\Views\\search.php')
 3 SYSTEMPATH\View\View.php(231): CodeIgniter\View\View->CodeIgniter\View\{closure}()
 4 SYSTEMPATH\Common.php(1190): CodeIgniter\View\View->render('search', [], true)
 5 APPPATH\Controllers\SearchController.php(21): view('search', [])
 6 SYSTEMPATH\CodeIgniter.php(942): App\Controllers\SearchController->index()
 7 SYSTEMPATH\CodeIgniter.php(502): CodeIgniter\CodeIgniter->runController(Object(App\Controllers\SearchController))
 8 SYSTEMPATH\CodeIgniter.php(361): CodeIgniter\CodeIgniter->handleRequest(null, Object(Config\Cache), false)
 9 FCPATH\index.php(79): CodeIgniter\CodeIgniter->run()
CRITICAL - 2023-11-29 09:29:56 --> Undefined array key "search"
in APPPATH\Views\search.php on line 8.
 1 APPPATH\Views\search.php(8): CodeIgniter\Debug\Exceptions->errorHandler(2, 'Undefined array key "search"', 'D:\\projects\\biblioteka_cyfr\\app\\Views\\search.php', 8)
 2 SYSTEMPATH\View\View.php(228): include('D:\\projects\\biblioteka_cyfr\\app\\Views\\search.php')
 3 SYSTEMPATH\View\View.php(231): CodeIgniter\View\View->CodeIgniter\View\{closure}()
 4 SYSTEMPATH\Common.php(1190): CodeIgniter\View\View->render('search', [], true)
 5 APPPATH\Controllers\SearchController.php(21): view('search', [])
 6 SYSTEMPATH\CodeIgniter.php(942): App\Controllers\SearchController->index()
 7 SYSTEMPATH\CodeIgniter.php(502): CodeIgniter\CodeIgniter->runController(Object(App\Controllers\SearchController))
 8 SYSTEMPATH\CodeIgniter.php(361): CodeIgniter\CodeIgniter->handleRequest(null, Object(Config\Cache), false)
 9 FCPATH\index.php(79): CodeIgniter\CodeIgniter->run()
CRITICAL - 2023-11-29 11:22:07 --> Undefined property: stdClass::$amount
in APPPATH\Views\bookList.php on line 37.
 1 APPPATH\Views\bookList.php(37): CodeIgniter\Debug\Exceptions->errorHandler(2, 'Undefined property: stdClass::$amount', 'D:\\projects\\biblioteka_cyfr\\app\\Views\\bookList.php', 37)
 2 SYSTEMPATH\View\View.php(228): include('D:\\projects\\biblioteka_cyfr\\app\\Views\\bookList.php')
 3 SYSTEMPATH\View\View.php(231): CodeIgniter\View\View->CodeIgniter\View\{closure}()
 4 SYSTEMPATH\Common.php(1190): CodeIgniter\View\View->render('bookList', [], true)
 5 APPPATH\Controllers\BookController.php(44): view('bookList', [...])
 6 SYSTEMPATH\CodeIgniter.php(942): App\Controllers\BookController->index()
 7 SYSTEMPATH\CodeIgniter.php(502): CodeIgniter\CodeIgniter->runController(Object(App\Controllers\BookController))
 8 SYSTEMPATH\CodeIgniter.php(361): CodeIgniter\CodeIgniter->handleRequest(null, Object(Config\Cache), false)
 9 FCPATH\index.php(79): CodeIgniter\CodeIgniter->run()
CRITICAL - 2023-11-29 11:28:31 --> Undefined property: stdClass::$name
in APPPATH\Views\search.php on line 42.
 1 APPPATH\Views\search.php(42): CodeIgniter\Debug\Exceptions->errorHandler(2, 'Undefined property: stdClass::$name', 'D:\\projects\\biblioteka_cyfr\\app\\Views\\search.php', 42)
 2 SYSTEMPATH\View\View.php(228): include('D:\\projects\\biblioteka_cyfr\\app\\Views\\search.php')
 3 SYSTEMPATH\View\View.php(231): CodeIgniter\View\View->CodeIgniter\View\{closure}()
 4 SYSTEMPATH\Common.php(1190): CodeIgniter\View\View->render('search', [], true)
 5 APPPATH\Controllers\SearchController.php(21): view('search', [...])
 6 SYSTEMPATH\CodeIgniter.php(942): App\Controllers\SearchController->index()
 7 SYSTEMPATH\CodeIgniter.php(502): CodeIgniter\CodeIgniter->runController(Object(App\Controllers\SearchController))
 8 SYSTEMPATH\CodeIgniter.php(361): CodeIgniter\CodeIgniter->handleRequest(null, Object(Config\Cache), false)
 9 FCPATH\index.php(79): CodeIgniter\CodeIgniter->run()
ERROR - 2023-11-29 11:30:03 --> mysqli_sql_exception: Column 'id' in where clause is ambiguous in D:\projects\biblioteka_cyfr\system\Database\MySQLi\Connection.php:306
Stack trace:
#0 D:\projects\biblioteka_cyfr\system\Database\MySQLi\Connection.php(306): mysqli->query('SELECT *\nFROM `...', 0)
#1 D:\projects\biblioteka_cyfr\system\Database\BaseConnection.php(693): CodeIgniter\Database\MySQLi\Connection->execute('SELECT *\nFROM `...')
#2 D:\projects\biblioteka_cyfr\system\Database\BaseConnection.php(607): CodeIgniter\Database\BaseConnection->simpleQuery('SELECT *\nFROM `...')
#3 D:\projects\biblioteka_cyfr\system\Database\BaseBuilder.php(1615): CodeIgniter\Database\BaseConnection->query('SELECT *\nFROM `...', Array, false)
#4 D:\projects\biblioteka_cyfr\system\Model.php(264): CodeIgniter\Database\BaseBuilder->get()
#5 D:\projects\biblioteka_cyfr\system\BaseModel.php(662): CodeIgniter\Model->doFirst()
#6 D:\projects\biblioteka_cyfr\app\Controllers\BookController.php(55): CodeIgniter\BaseModel->first()
#7 D:\projects\biblioteka_cyfr\system\CodeIgniter.php(942): App\Controllers\BookController->getBook('1')
#8 D:\projects\biblioteka_cyfr\system\CodeIgniter.php(502): CodeIgniter\CodeIgniter->runController(Object(App\Controllers\BookController))
#9 D:\projects\biblioteka_cyfr\system\CodeIgniter.php(361): CodeIgniter\CodeIgniter->handleRequest(NULL, Object(Config\Cache), false)
#10 D:\projects\biblioteka_cyfr\public\index.php(79): CodeIgniter\CodeIgniter->run()
#11 {main}
CRITICAL - 2023-11-29 11:30:03 --> Column 'id' in where clause is ambiguous
in SYSTEMPATH\Database\BaseConnection.php on line 647.
 1 SYSTEMPATH\Database\BaseBuilder.php(1615): CodeIgniter\Database\BaseConnection->query('SELECT *
FROM `books`
LEFT JOIN `authors` ON `books`.`author_id` = `authors`.`id`
WHERE `id` = :id:
AND `books`.`deleted_at` IS NULL
 LIMIT 1', [...], false)
 2 SYSTEMPATH\Model.php(264): CodeIgniter\Database\BaseBuilder->get()
 3 SYSTEMPATH\BaseModel.php(662): CodeIgniter\Model->doFirst()
 4 APPPATH\Controllers\BookController.php(55): CodeIgniter\BaseModel->first()
 5 SYSTEMPATH\CodeIgniter.php(942): App\Controllers\BookController->getBook('1')
 6 SYSTEMPATH\CodeIgniter.php(502): CodeIgniter\CodeIgniter->runController(Object(App\Controllers\BookController))
 7 SYSTEMPATH\CodeIgniter.php(361): CodeIgniter\CodeIgniter->handleRequest(null, Object(Config\Cache), false)
 8 FCPATH\index.php(79): CodeIgniter\CodeIgniter->run()
CRITICAL - 2023-11-29 11:32:26 --> Undefined variable $row
in APPPATH\Views\book.php on line 22.
 1 APPPATH\Views\book.php(22): CodeIgniter\Debug\Exceptions->errorHandler(2, 'Undefined variable $row', 'D:\\projects\\biblioteka_cyfr\\app\\Views\\book.php', 22)
 2 SYSTEMPATH\View\View.php(228): include('D:\\projects\\biblioteka_cyfr\\app\\Views\\book.php')
 3 SYSTEMPATH\View\View.php(231): CodeIgniter\View\View->CodeIgniter\View\{closure}()
 4 SYSTEMPATH\Common.php(1190): CodeIgniter\View\View->render('book', [], true)
 5 APPPATH\Controllers\BookController.php(58): view('book', [...])
 6 SYSTEMPATH\CodeIgniter.php(942): App\Controllers\BookController->getBook('1')
 7 SYSTEMPATH\CodeIgniter.php(502): CodeIgniter\CodeIgniter->runController(Object(App\Controllers\BookController))
 8 SYSTEMPATH\CodeIgniter.php(361): CodeIgniter\CodeIgniter->handleRequest(null, Object(Config\Cache), false)
 9 FCPATH\index.php(79): CodeIgniter\CodeIgniter->run()
CRITICAL - 2023-11-29 11:36:46 --> Undefined variable $pager_links
in APPPATH\Views\bookList.php on line 54.
 1 APPPATH\Views\bookList.php(54): CodeIgniter\Debug\Exceptions->errorHandler(2, 'Undefined variable $pager_links', 'D:\\projects\\biblioteka_cyfr\\app\\Views\\bookList.php', 54)
 2 SYSTEMPATH\View\View.php(228): include('D:\\projects\\biblioteka_cyfr\\app\\Views\\bookList.php')
 3 SYSTEMPATH\View\View.php(231): CodeIgniter\View\View->CodeIgniter\View\{closure}()
 4 SYSTEMPATH\Common.php(1190): CodeIgniter\View\View->render('bookList', [], true)
 5 APPPATH\Controllers\BookController.php(49): view('bookList', [...])
 6 SYSTEMPATH\CodeIgniter.php(942): App\Controllers\BookController->index()
 7 SYSTEMPATH\CodeIgniter.php(502): CodeIgniter\CodeIgniter->runController(Object(App\Controllers\BookController))
 8 SYSTEMPATH\CodeIgniter.php(361): CodeIgniter\CodeIgniter->handleRequest(null, Object(Config\Cache), false)
 9 FCPATH\index.php(79): CodeIgniter\CodeIgniter->run()
CRITICAL - 2023-11-29 11:38:47 --> Undefined variable $pager_links
in APPPATH\Views\bookList.php on line 54.
 1 APPPATH\Views\bookList.php(54): CodeIgniter\Debug\Exceptions->errorHandler(2, 'Undefined variable $pager_links', 'D:\\projects\\biblioteka_cyfr\\app\\Views\\bookList.php', 54)
 2 SYSTEMPATH\View\View.php(228): include('D:\\projects\\biblioteka_cyfr\\app\\Views\\bookList.php')
 3 SYSTEMPATH\View\View.php(231): CodeIgniter\View\View->CodeIgniter\View\{closure}()
 4 SYSTEMPATH\Common.php(1190): CodeIgniter\View\View->render('bookList', [], true)
 5 APPPATH\Controllers\BookController.php(51): view('bookList', [...])
 6 SYSTEMPATH\CodeIgniter.php(942): App\Controllers\BookController->index()
 7 SYSTEMPATH\CodeIgniter.php(502): CodeIgniter\CodeIgniter->runController(Object(App\Controllers\BookController))
 8 SYSTEMPATH\CodeIgniter.php(361): CodeIgniter\CodeIgniter->handleRequest(null, Object(Config\Cache), false)
 9 FCPATH\index.php(79): CodeIgniter\CodeIgniter->run()
CRITICAL - 2023-11-29 11:39:46 --> Call to a member function links() on null
in APPPATH\Views\bookList.php on line 54.
 1 SYSTEMPATH\View\View.php(228): include()
 2 SYSTEMPATH\View\View.php(231): CodeIgniter\View\View->CodeIgniter\View\{closure}()
 3 SYSTEMPATH\Common.php(1190): CodeIgniter\View\View->render('bookList', [], true)
 4 APPPATH\Controllers\BookController.php(51): view('bookList', [...])
 5 SYSTEMPATH\CodeIgniter.php(942): App\Controllers\BookController->index()
 6 SYSTEMPATH\CodeIgniter.php(502): CodeIgniter\CodeIgniter->runController(Object(App\Controllers\BookController))
 7 SYSTEMPATH\CodeIgniter.php(361): CodeIgniter\CodeIgniter->handleRequest(null, Object(Config\Cache), false)
 8 FCPATH\index.php(79): CodeIgniter\CodeIgniter->run()
CRITICAL - 2023-11-29 11:40:02 --> syntax error, unexpected token ";"
in APPPATH\Views\bookList.php on line 54.
 1 SYSTEMPATH\View\View.php(231): CodeIgniter\View\View->CodeIgniter\View\{closure}()
 2 SYSTEMPATH\Common.php(1190): CodeIgniter\View\View->render('bookList', [], true)
 3 APPPATH\Controllers\BookController.php(51): view('bookList', [...])
 4 SYSTEMPATH\CodeIgniter.php(942): App\Controllers\BookController->index()
 5 SYSTEMPATH\CodeIgniter.php(502): CodeIgniter\CodeIgniter->runController(Object(App\Controllers\BookController))
 6 SYSTEMPATH\CodeIgniter.php(361): CodeIgniter\CodeIgniter->handleRequest(null, Object(Config\Cache), false)
 7 FCPATH\index.php(79): CodeIgniter\CodeIgniter->run()
CRITICAL - 2023-11-29 11:43:06 --> Call to a member function paginate() on array
in APPPATH\Controllers\BookController.php on line 47.
 1 SYSTEMPATH\CodeIgniter.php(942): App\Controllers\BookController->index()
 2 SYSTEMPATH\CodeIgniter.php(502): CodeIgniter\CodeIgniter->runController(Object(App\Controllers\BookController))
 3 SYSTEMPATH\CodeIgniter.php(361): CodeIgniter\CodeIgniter->handleRequest(null, Object(Config\Cache), false)
 4 FCPATH\index.php(79): CodeIgniter\CodeIgniter->run()
CRITICAL - 2023-11-29 11:48:41 --> Attempt to read property "img" on array
in APPPATH\Views\bookList.php on line 14.
 1 APPPATH\Views\bookList.php(14): CodeIgniter\Debug\Exceptions->errorHandler(2, 'Attempt to read property "img" on array', 'D:\\projects\\biblioteka_cyfr\\app\\Views\\bookList.php', 14)
 2 SYSTEMPATH\View\View.php(228): include('D:\\projects\\biblioteka_cyfr\\app\\Views\\bookList.php')
 3 SYSTEMPATH\View\View.php(231): CodeIgniter\View\View->CodeIgniter\View\{closure}()
 4 SYSTEMPATH\Common.php(1190): CodeIgniter\View\View->render('bookList', [], true)
 5 APPPATH\Controllers\BookController.php(52): view('bookList', [...])
 6 SYSTEMPATH\CodeIgniter.php(942): App\Controllers\BookController->index()
 7 SYSTEMPATH\CodeIgniter.php(502): CodeIgniter\CodeIgniter->runController(Object(App\Controllers\BookController))
 8 SYSTEMPATH\CodeIgniter.php(361): CodeIgniter\CodeIgniter->handleRequest(null, Object(Config\Cache), false)
 9 FCPATH\index.php(79): CodeIgniter\CodeIgniter->run()
CRITICAL - 2023-11-29 11:53:04 --> Undefined variable $pager
in APPPATH\Views\bookList.php on line 54.
 1 APPPATH\Views\bookList.php(54): CodeIgniter\Debug\Exceptions->errorHandler(2, 'Undefined variable $pager', 'D:\\projects\\biblioteka_cyfr\\app\\Views\\bookList.php', 54)
 2 SYSTEMPATH\View\View.php(228): include('D:\\projects\\biblioteka_cyfr\\app\\Views\\bookList.php')
 3 SYSTEMPATH\View\View.php(231): CodeIgniter\View\View->CodeIgniter\View\{closure}()
 4 SYSTEMPATH\Common.php(1190): CodeIgniter\View\View->render('bookList', [], true)
 5 APPPATH\Controllers\BookController.php(53): view('bookList', [...])
 6 SYSTEMPATH\CodeIgniter.php(942): App\Controllers\BookController->index()
 7 SYSTEMPATH\CodeIgniter.php(502): CodeIgniter\CodeIgniter->runController(Object(App\Controllers\BookController))
 8 SYSTEMPATH\CodeIgniter.php(361): CodeIgniter\CodeIgniter->handleRequest(null, Object(Config\Cache), false)
 9 FCPATH\index.php(79): CodeIgniter\CodeIgniter->run()
CRITICAL - 2023-11-29 11:57:46 --> Attempt to read property "img" on array
in APPPATH\Views\bookList.php on line 14.
 1 APPPATH\Views\bookList.php(14): CodeIgniter\Debug\Exceptions->errorHandler(2, 'Attempt to read property "img" on array', 'D:\\projects\\biblioteka_cyfr\\app\\Views\\bookList.php', 14)
 2 SYSTEMPATH\View\View.php(228): include('D:\\projects\\biblioteka_cyfr\\app\\Views\\bookList.php')
 3 SYSTEMPATH\View\View.php(231): CodeIgniter\View\View->CodeIgniter\View\{closure}()
 4 SYSTEMPATH\Common.php(1190): CodeIgniter\View\View->render('bookList', [], true)
 5 APPPATH\Controllers\BookController.php(60): view('bookList', [...])
 6 SYSTEMPATH\CodeIgniter.php(942): App\Controllers\BookController->index()
 7 SYSTEMPATH\CodeIgniter.php(502): CodeIgniter\CodeIgniter->runController(Object(App\Controllers\BookController))
 8 SYSTEMPATH\CodeIgniter.php(361): CodeIgniter\CodeIgniter->handleRequest(null, Object(Config\Cache), false)
 9 FCPATH\index.php(79): CodeIgniter\CodeIgniter->run()
CRITICAL - 2023-11-29 11:58:20 --> Attempt to read property "book" on array
in APPPATH\Views\bookList.php on line 14.
 1 APPPATH\Views\bookList.php(14): CodeIgniter\Debug\Exceptions->errorHandler(2, 'Attempt to read property "book" on array', 'D:\\projects\\biblioteka_cyfr\\app\\Views\\bookList.php', 14)
 2 SYSTEMPATH\View\View.php(228): include('D:\\projects\\biblioteka_cyfr\\app\\Views\\bookList.php')
 3 SYSTEMPATH\View\View.php(231): CodeIgniter\View\View->CodeIgniter\View\{closure}()
 4 SYSTEMPATH\Common.php(1190): CodeIgniter\View\View->render('bookList', [], true)
 5 APPPATH\Controllers\BookController.php(60): view('bookList', [...])
 6 SYSTEMPATH\CodeIgniter.php(942): App\Controllers\BookController->index()
 7 SYSTEMPATH\CodeIgniter.php(502): CodeIgniter\CodeIgniter->runController(Object(App\Controllers\BookController))
 8 SYSTEMPATH\CodeIgniter.php(361): CodeIgniter\CodeIgniter->handleRequest(null, Object(Config\Cache), false)
 9 FCPATH\index.php(79): CodeIgniter\CodeIgniter->run()
CRITICAL - 2023-11-29 11:59:49 --> Attempt to read property "img" on array
in APPPATH\Views\bookList.php on line 14.
 1 APPPATH\Views\bookList.php(14): CodeIgniter\Debug\Exceptions->errorHandler(2, 'Attempt to read property "img" on array', 'D:\\projects\\biblioteka_cyfr\\app\\Views\\bookList.php', 14)
 2 SYSTEMPATH\View\View.php(228): include('D:\\projects\\biblioteka_cyfr\\app\\Views\\bookList.php')
 3 SYSTEMPATH\View\View.php(231): CodeIgniter\View\View->CodeIgniter\View\{closure}()
 4 SYSTEMPATH\Common.php(1190): CodeIgniter\View\View->render('bookList', [], true)
 5 APPPATH\Controllers\BookController.php(60): view('bookList', [...])
 6 SYSTEMPATH\CodeIgniter.php(942): App\Controllers\BookController->index()
 7 SYSTEMPATH\CodeIgniter.php(502): CodeIgniter\CodeIgniter->runController(Object(App\Controllers\BookController))
 8 SYSTEMPATH\CodeIgniter.php(361): CodeIgniter\CodeIgniter->handleRequest(null, Object(Config\Cache), false)
 9 FCPATH\index.php(79): CodeIgniter\CodeIgniter->run()
CRITICAL - 2023-11-29 12:00:08 --> Undefined array key "img"
in APPPATH\Views\bookList.php on line 14.
 1 APPPATH\Views\bookList.php(14): CodeIgniter\Debug\Exceptions->errorHandler(2, 'Undefined array key "img"', 'D:\\projects\\biblioteka_cyfr\\app\\Views\\bookList.php', 14)
 2 SYSTEMPATH\View\View.php(228): include('D:\\projects\\biblioteka_cyfr\\app\\Views\\bookList.php')
 3 SYSTEMPATH\View\View.php(231): CodeIgniter\View\View->CodeIgniter\View\{closure}()
 4 SYSTEMPATH\Common.php(1190): CodeIgniter\View\View->render('bookList', [], true)
 5 APPPATH\Controllers\BookController.php(60): view('bookList', [...])
 6 SYSTEMPATH\CodeIgniter.php(942): App\Controllers\BookController->index()
 7 SYSTEMPATH\CodeIgniter.php(502): CodeIgniter\CodeIgniter->runController(Object(App\Controllers\BookController))
 8 SYSTEMPATH\CodeIgniter.php(361): CodeIgniter\CodeIgniter->handleRequest(null, Object(Config\Cache), false)
 9 FCPATH\index.php(79): CodeIgniter\CodeIgniter->run()
CRITICAL - 2023-11-29 12:01:09 --> Attempt to read property "img" on array
in APPPATH\Views\bookList.php on line 14.
 1 APPPATH\Views\bookList.php(14): CodeIgniter\Debug\Exceptions->errorHandler(2, 'Attempt to read property "img" on array', 'D:\\projects\\biblioteka_cyfr\\app\\Views\\bookList.php', 14)
 2 SYSTEMPATH\View\View.php(228): include('D:\\projects\\biblioteka_cyfr\\app\\Views\\bookList.php')
 3 SYSTEMPATH\View\View.php(231): CodeIgniter\View\View->CodeIgniter\View\{closure}()
 4 SYSTEMPATH\Common.php(1190): CodeIgniter\View\View->render('bookList', [], true)
 5 APPPATH\Controllers\BookController.php(60): view('bookList', [...])
 6 SYSTEMPATH\CodeIgniter.php(942): App\Controllers\BookController->index()
 7 SYSTEMPATH\CodeIgniter.php(502): CodeIgniter\CodeIgniter->runController(Object(App\Controllers\BookController))
 8 SYSTEMPATH\CodeIgniter.php(361): CodeIgniter\CodeIgniter->handleRequest(null, Object(Config\Cache), false)
 9 FCPATH\index.php(79): CodeIgniter\CodeIgniter->run()
CRITICAL - 2023-11-29 12:02:00 --> Undefined array key "img"
in APPPATH\Views\bookList.php on line 14.
 1 APPPATH\Views\bookList.php(14): CodeIgniter\Debug\Exceptions->errorHandler(2, 'Undefined array key "img"', 'D:\\projects\\biblioteka_cyfr\\app\\Views\\bookList.php', 14)
 2 SYSTEMPATH\View\View.php(228): include('D:\\projects\\biblioteka_cyfr\\app\\Views\\bookList.php')
 3 SYSTEMPATH\View\View.php(231): CodeIgniter\View\View->CodeIgniter\View\{closure}()
 4 SYSTEMPATH\Common.php(1190): CodeIgniter\View\View->render('bookList', [], true)
 5 APPPATH\Controllers\BookController.php(60): view('bookList', [...])
 6 SYSTEMPATH\CodeIgniter.php(942): App\Controllers\BookController->index()
 7 SYSTEMPATH\CodeIgniter.php(502): CodeIgniter\CodeIgniter->runController(Object(App\Controllers\BookController))
 8 SYSTEMPATH\CodeIgniter.php(361): CodeIgniter\CodeIgniter->handleRequest(null, Object(Config\Cache), false)
 9 FCPATH\index.php(79): CodeIgniter\CodeIgniter->run()
CRITICAL - 2023-11-29 12:04:56 --> Attempt to read property "title" on array
in APPPATH\Views\bookList.php on line 14.
 1 APPPATH\Views\bookList.php(14): CodeIgniter\Debug\Exceptions->errorHandler(2, 'Attempt to read property "title" on array', 'D:\\projects\\biblioteka_cyfr\\app\\Views\\bookList.php', 14)
 2 SYSTEMPATH\View\View.php(228): include('D:\\projects\\biblioteka_cyfr\\app\\Views\\bookList.php')
 3 SYSTEMPATH\View\View.php(231): CodeIgniter\View\View->CodeIgniter\View\{closure}()
 4 SYSTEMPATH\Common.php(1190): CodeIgniter\View\View->render('bookList', [], true)
 5 APPPATH\Controllers\BookController.php(60): view('bookList', [...])
 6 SYSTEMPATH\CodeIgniter.php(942): App\Controllers\BookController->index()
 7 SYSTEMPATH\CodeIgniter.php(502): CodeIgniter\CodeIgniter->runController(Object(App\Controllers\BookController))
 8 SYSTEMPATH\CodeIgniter.php(361): CodeIgniter\CodeIgniter->handleRequest(null, Object(Config\Cache), false)
 9 FCPATH\index.php(79): CodeIgniter\CodeIgniter->run()
CRITICAL - 2023-11-29 12:05:25 --> syntax error, unexpected token "->", expecting "]"
in APPPATH\Views\bookList.php on line 14.
 1 SYSTEMPATH\View\View.php(231): CodeIgniter\View\View->CodeIgniter\View\{closure}()
 2 SYSTEMPATH\Common.php(1190): CodeIgniter\View\View->render('bookList', [], true)
 3 APPPATH\Controllers\BookController.php(60): view('bookList', [...])
 4 SYSTEMPATH\CodeIgniter.php(942): App\Controllers\BookController->index()
 5 SYSTEMPATH\CodeIgniter.php(502): CodeIgniter\CodeIgniter->runController(Object(App\Controllers\BookController))
 6 SYSTEMPATH\CodeIgniter.php(361): CodeIgniter\CodeIgniter->handleRequest(null, Object(Config\Cache), false)
 7 FCPATH\index.php(79): CodeIgniter\CodeIgniter->run()
CRITICAL - 2023-11-29 12:07:29 --> Attempt to read property "img" on array
in APPPATH\Views\bookList.php on line 14.
 1 APPPATH\Views\bookList.php(14): CodeIgniter\Debug\Exceptions->errorHandler(2, 'Attempt to read property "img" on array', 'D:\\projects\\biblioteka_cyfr\\app\\Views\\bookList.php', 14)
 2 SYSTEMPATH\View\View.php(228): include('D:\\projects\\biblioteka_cyfr\\app\\Views\\bookList.php')
 3 SYSTEMPATH\View\View.php(231): CodeIgniter\View\View->CodeIgniter\View\{closure}()
 4 SYSTEMPATH\Common.php(1190): CodeIgniter\View\View->render('bookList', [], true)
 5 APPPATH\Controllers\BookController.php(60): view('bookList', [...])
 6 SYSTEMPATH\CodeIgniter.php(942): App\Controllers\BookController->index()
 7 SYSTEMPATH\CodeIgniter.php(502): CodeIgniter\CodeIgniter->runController(Object(App\Controllers\BookController))
 8 SYSTEMPATH\CodeIgniter.php(361): CodeIgniter\CodeIgniter->handleRequest(null, Object(Config\Cache), false)
 9 FCPATH\index.php(79): CodeIgniter\CodeIgniter->run()
CRITICAL - 2023-11-29 12:10:43 --> syntax error, unexpected token "endif"
in APPPATH\Views\bookList.php on line 51.
 1 SYSTEMPATH\View\View.php(231): CodeIgniter\View\View->CodeIgniter\View\{closure}()
 2 SYSTEMPATH\Common.php(1190): CodeIgniter\View\View->render('bookList', [], true)
 3 APPPATH\Controllers\BookController.php(60): view('bookList', [...])
 4 SYSTEMPATH\CodeIgniter.php(942): App\Controllers\BookController->index()
 5 SYSTEMPATH\CodeIgniter.php(502): CodeIgniter\CodeIgniter->runController(Object(App\Controllers\BookController))
 6 SYSTEMPATH\CodeIgniter.php(361): CodeIgniter\CodeIgniter->handleRequest(null, Object(Config\Cache), false)
 7 FCPATH\index.php(79): CodeIgniter\CodeIgniter->run()
CRITICAL - 2023-11-29 12:11:37 --> Attempt to read property "img" on array
in APPPATH\Views\bookList.php on line 15.
 1 APPPATH\Views\bookList.php(15): CodeIgniter\Debug\Exceptions->errorHandler(2, 'Attempt to read property "img" on array', 'D:\\projects\\biblioteka_cyfr\\app\\Views\\bookList.php', 15)
 2 SYSTEMPATH\View\View.php(228): include('D:\\projects\\biblioteka_cyfr\\app\\Views\\bookList.php')
 3 SYSTEMPATH\View\View.php(231): CodeIgniter\View\View->CodeIgniter\View\{closure}()
 4 SYSTEMPATH\Common.php(1190): CodeIgniter\View\View->render('bookList', [], true)
 5 APPPATH\Controllers\BookController.php(60): view('bookList', [...])
 6 SYSTEMPATH\CodeIgniter.php(942): App\Controllers\BookController->index()
 7 SYSTEMPATH\CodeIgniter.php(502): CodeIgniter\CodeIgniter->runController(Object(App\Controllers\BookController))
 8 SYSTEMPATH\CodeIgniter.php(361): CodeIgniter\CodeIgniter->handleRequest(null, Object(Config\Cache), false)
 9 FCPATH\index.php(79): CodeIgniter\CodeIgniter->run()
CRITICAL - 2023-11-29 12:11:51 --> Undefined array key "img"
in APPPATH\Views\bookList.php on line 15.
 1 APPPATH\Views\bookList.php(15): CodeIgniter\Debug\Exceptions->errorHandler(2, 'Undefined array key "img"', 'D:\\projects\\biblioteka_cyfr\\app\\Views\\bookList.php', 15)
 2 SYSTEMPATH\View\View.php(228): include('D:\\projects\\biblioteka_cyfr\\app\\Views\\bookList.php')
 3 SYSTEMPATH\View\View.php(231): CodeIgniter\View\View->CodeIgniter\View\{closure}()
 4 SYSTEMPATH\Common.php(1190): CodeIgniter\View\View->render('bookList', [], true)
 5 APPPATH\Controllers\BookController.php(60): view('bookList', [...])
 6 SYSTEMPATH\CodeIgniter.php(942): App\Controllers\BookController->index()
 7 SYSTEMPATH\CodeIgniter.php(502): CodeIgniter\CodeIgniter->runController(Object(App\Controllers\BookController))
 8 SYSTEMPATH\CodeIgniter.php(361): CodeIgniter\CodeIgniter->handleRequest(null, Object(Config\Cache), false)
 9 FCPATH\index.php(79): CodeIgniter\CodeIgniter->run()
CRITICAL - 2023-11-29 12:12:06 --> Attempt to read property "img" on array
in APPPATH\Views\bookList.php on line 14.
 1 APPPATH\Views\bookList.php(14): CodeIgniter\Debug\Exceptions->errorHandler(2, 'Attempt to read property "img" on array', 'D:\\projects\\biblioteka_cyfr\\app\\Views\\bookList.php', 14)
 2 SYSTEMPATH\View\View.php(228): include('D:\\projects\\biblioteka_cyfr\\app\\Views\\bookList.php')
 3 SYSTEMPATH\View\View.php(231): CodeIgniter\View\View->CodeIgniter\View\{closure}()
 4 SYSTEMPATH\Common.php(1190): CodeIgniter\View\View->render('bookList', [], true)
 5 APPPATH\Controllers\BookController.php(60): view('bookList', [...])
 6 SYSTEMPATH\CodeIgniter.php(942): App\Controllers\BookController->index()
 7 SYSTEMPATH\CodeIgniter.php(502): CodeIgniter\CodeIgniter->runController(Object(App\Controllers\BookController))
 8 SYSTEMPATH\CodeIgniter.php(361): CodeIgniter\CodeIgniter->handleRequest(null, Object(Config\Cache), false)
 9 FCPATH\index.php(79): CodeIgniter\CodeIgniter->run()
CRITICAL - 2023-11-29 12:21:13 --> Undefined property: stdClass::$name
in APPPATH\Views\bookList.php on line 22.
 1 APPPATH\Views\bookList.php(22): CodeIgniter\Debug\Exceptions->errorHandler(2, 'Undefined property: stdClass::$name', 'D:\\projects\\biblioteka_cyfr\\app\\Views\\bookList.php', 22)
 2 SYSTEMPATH\View\View.php(228): include('D:\\projects\\biblioteka_cyfr\\app\\Views\\bookList.php')
 3 SYSTEMPATH\View\View.php(231): CodeIgniter\View\View->CodeIgniter\View\{closure}()
 4 SYSTEMPATH\Common.php(1190): CodeIgniter\View\View->render('bookList', [], true)
 5 APPPATH\Controllers\BookController.php(61): view('bookList', [...])
 6 SYSTEMPATH\CodeIgniter.php(942): App\Controllers\BookController->index()
 7 SYSTEMPATH\CodeIgniter.php(502): CodeIgniter\CodeIgniter->runController(Object(App\Controllers\BookController))
 8 SYSTEMPATH\CodeIgniter.php(361): CodeIgniter\CodeIgniter->handleRequest(null, Object(Config\Cache), false)
 9 FCPATH\index.php(79): CodeIgniter\CodeIgniter->run()
CRITICAL - 2023-11-29 12:22:15 --> Call to a member function paginate() on array
in APPPATH\Controllers\BookController.php on line 55.
 1 SYSTEMPATH\CodeIgniter.php(942): App\Controllers\BookController->index()
 2 SYSTEMPATH\CodeIgniter.php(502): CodeIgniter\CodeIgniter->runController(Object(App\Controllers\BookController))
 3 SYSTEMPATH\CodeIgniter.php(361): CodeIgniter\CodeIgniter->handleRequest(null, Object(Config\Cache), false)
 4 FCPATH\index.php(79): CodeIgniter\CodeIgniter->run()
CRITICAL - 2023-11-29 12:24:30 --> Call to a member function getAllBooks() on array
in APPPATH\Controllers\BookController.php on line 55.
 1 SYSTEMPATH\CodeIgniter.php(942): App\Controllers\BookController->index()
 2 SYSTEMPATH\CodeIgniter.php(502): CodeIgniter\CodeIgniter->runController(Object(App\Controllers\BookController))
 3 SYSTEMPATH\CodeIgniter.php(361): CodeIgniter\CodeIgniter->handleRequest(null, Object(Config\Cache), false)
 4 FCPATH\index.php(79): CodeIgniter\CodeIgniter->run()
