CRITICAL - 2023-11-27 17:31:57 --> Config\App::$baseURL is invalid.
in SYSTEMPATH\HTTP\SiteURI.php on line 199.
 1 SYSTEMPATH\HTTP\SiteURI.php(145): CodeIgniter\HTTP\SiteURI->normalizeBaseURL(Object(Config\App))
 2 SYSTEMPATH\HTTP\SiteURI.php(100): CodeIgniter\HTTP\SiteURI->determineBaseURL(Object(Config\App), null, null)
 3 SYSTEMPATH\HTTP\SiteURIFactory.php(224): CodeIgniter\HTTP\SiteURI->__construct(Object(Config\App), '/', null)
 4 SYSTEMPATH\HTTP\SiteURIFactory.php(45): CodeIgniter\HTTP\SiteURIFactory->createURIFromRoutePath('/')
 5 SYSTEMPATH\Config\Services.php(799): CodeIgniter\HTTP\SiteURIFactory->createFromGlobals()
 6 SYSTEMPATH\Config\BaseService.php(258): CodeIgniter\Config\Services::uri(null, false)
 7 SYSTEMPATH\Config\BaseService.php(199): CodeIgniter\Config\BaseService::__callStatic('uri', [...])
 8 SYSTEMPATH\Config\Services.php(792): CodeIgniter\Config\BaseService::getSharedInstance('uri', null)
 9 SYSTEMPATH\Config\BaseService.php(258): CodeIgniter\Config\Services::uri()
10 SYSTEMPATH\Config\Services.php(566): CodeIgniter\Config\BaseService::__callStatic('uri', [])
11 SYSTEMPATH\Config\BaseService.php(258): CodeIgniter\Config\Services::incomingrequest(Object(Config\App), false)
12 SYSTEMPATH\Config\Services.php(524): CodeIgniter\Config\BaseService::__callStatic('incomingrequest', [...])
13 SYSTEMPATH\Config\BaseService.php(258): CodeIgniter\Config\Services::request(Object(Config\App), false)
14 SYSTEMPATH\Config\BaseService.php(199): CodeIgniter\Config\BaseService::__callStatic('request', [...])
15 SYSTEMPATH\Config\Services.php(559): CodeIgniter\Config\BaseService::getSharedInstance('request', Object(Config\App))
16 SYSTEMPATH\Config\BaseService.php(258): CodeIgniter\Config\Services::incomingrequest(Object(Config\App))
17 SYSTEMPATH\Config\Services.php(539): CodeIgniter\Config\BaseService::__callStatic('incomingrequest', [...])
18 SYSTEMPATH\Config\BaseService.php(258): CodeIgniter\Config\Services::createRequest(Object(Config\App))
19 SYSTEMPATH\CodeIgniter.php(655): CodeIgniter\Config\BaseService::__callStatic('createRequest', [...])
20 SYSTEMPATH\CodeIgniter.php(355): CodeIgniter\CodeIgniter->getRequestObject()
21 FCPATH\index.php(79): CodeIgniter\CodeIgniter->run()
CRITICAL - 2023-11-27 17:31:57 --> Uncaught CodeIgniter\Exceptions\ConfigException: Config\App::$baseURL is invalid. in D:\projects\biblioteka_cyfr\system\HTTP\SiteURI.php:199
Stack trace:
#0 D:\projects\biblioteka_cyfr\system\HTTP\SiteURI.php(145): CodeIgniter\HTTP\SiteURI->normalizeBaseURL(Object(Config\App))
#1 D:\projects\biblioteka_cyfr\system\HTTP\SiteURI.php(100): CodeIgniter\HTTP\SiteURI->determineBaseURL(Object(Config\App), NULL, NULL)
#2 D:\projects\biblioteka_cyfr\system\HTTP\SiteURIFactory.php(224): CodeIgniter\HTTP\SiteURI->__construct(Object(Config\App), '/', NULL)
#3 D:\projects\biblioteka_cyfr\system\HTTP\SiteURIFactory.php(45): CodeIgniter\HTTP\SiteURIFactory->createURIFromRoutePath('/')
#4 D:\projects\biblioteka_cyfr\system\Config\Services.php(799): CodeIgniter\HTTP\SiteURIFactory->createFromGlobals()
#5 D:\projects\biblioteka_cyfr\system\Config\BaseService.php(258): CodeIgniter\Config\Services::uri(NULL, false)
#6 D:\projects\biblioteka_cyfr\system\Config\BaseService.php(199): CodeIgniter\Config\BaseService::__callStatic('uri', Array)
#7 D:\projects\biblioteka_cyfr\system\Config\Services.php(792): CodeIgniter\Config\BaseService::getSharedInstance('uri', NULL)
#8 D:\projects\biblioteka_cyfr\system\Config\BaseService.php(258): CodeIgniter\Config\Services::uri()
#9 D:\projects\biblioteka_cyfr\system\Config\Services.php(566): CodeIgniter\Config\BaseService::__callStatic('uri', Array)
#10 D:\projects\biblioteka_cyfr\system\Config\BaseService.php(258): CodeIgniter\Config\Services::incomingrequest(Object(Config\App), false)
#11 D:\projects\biblioteka_cyfr\system\Config\Services.php(524): CodeIgniter\Config\BaseService::__callStatic('incomingrequest', Array)
#12 D:\projects\biblioteka_cyfr\system\Config\BaseService.php(258): CodeIgniter\Config\Services::request(NULL, false)
#13 D:\projects\biblioteka_cyfr\system\Config\BaseService.php(199): CodeIgniter\Config\BaseService::__callStatic('request', Array)
#14 D:\projects\biblioteka_cyfr\system\Config\Services.php(520): CodeIgniter\Config\BaseService::getSharedInstance('request', NULL)
#15 D:\projects\biblioteka_cyfr\system\Config\BaseService.php(258): CodeIgniter\Config\Services::request()
#16 D:\projects\biblioteka_cyfr\system\Debug\Exceptions.php(137): CodeIgniter\Config\BaseService::__callStatic('request', Array)
#17 [internal function]: CodeIgniter\Debug\Exceptions->exceptionHandler(Object(CodeIgniter\Exceptions\ConfigException))
#18 {main}
  thrown
ã€Previous Exceptionã€‘
CodeIgniter\Exceptions\ConfigException
Config\App::$baseURL is invalid.
#0 D:\projects\biblioteka_cyfr\system\HTTP\SiteURI.php(145): CodeIgniter\HTTP\SiteURI->normalizeBaseURL(Object(Config\App))
#1 D:\projects\biblioteka_cyfr\system\HTTP\SiteURI.php(100): CodeIgniter\HTTP\SiteURI->determineBaseURL(Object(Config\App), NULL, NULL)
#2 D:\projects\biblioteka_cyfr\system\HTTP\SiteURIFactory.php(224): CodeIgniter\HTTP\SiteURI->__construct(Object(Config\App), '/', NULL)
#3 D:\projects\biblioteka_cyfr\system\HTTP\SiteURIFactory.php(45): CodeIgniter\HTTP\SiteURIFactory->createURIFromRoutePath('/')
#4 D:\projects\biblioteka_cyfr\system\Config\Services.php(799): CodeIgniter\HTTP\SiteURIFactory->createFromGlobals()
#5 D:\projects\biblioteka_cyfr\system\Config\BaseService.php(258): CodeIgniter\Config\Services::uri(NULL, false)
#6 D:\projects\biblioteka_cyfr\system\Config\BaseService.php(199): CodeIgniter\Config\BaseService::__callStatic('uri', Array)
#7 D:\projects\biblioteka_cyfr\system\Config\Services.php(792): CodeIgniter\Config\BaseService::getSharedInstance('uri', NULL)
#8 D:\projects\biblioteka_cyfr\system\Config\BaseService.php(258): CodeIgniter\Config\Services::uri()
#9 D:\projects\biblioteka_cyfr\system\Config\Services.php(566): CodeIgniter\Config\BaseService::__callStatic('uri', Array)
#10 D:\projects\biblioteka_cyfr\system\Config\BaseService.php(258): CodeIgniter\Config\Services::incomingrequest(Object(Config\App), false)
#11 D:\projects\biblioteka_cyfr\system\Config\Services.php(524): CodeIgniter\Config\BaseService::__callStatic('incomingrequest', Array)
#12 D:\projects\biblioteka_cyfr\system\Config\BaseService.php(258): CodeIgniter\Config\Services::request(Object(Config\App), false)
#13 D:\projects\biblioteka_cyfr\system\Config\BaseService.php(199): CodeIgniter\Config\BaseService::__callStatic('request', Array)
#14 D:\projects\biblioteka_cyfr\system\Config\Services.php(559): CodeIgniter\Config\BaseService::getSharedInstance('request', Object(Config\App))
#15 D:\projects\biblioteka_cyfr\system\Config\BaseService.php(258): CodeIgniter\Config\Services::incomingrequest(Object(Config\App))
#16 D:\projects\biblioteka_cyfr\system\Config\Services.php(539): CodeIgniter\Config\BaseService::__callStatic('incomingrequest', Array)
#17 D:\projects\biblioteka_cyfr\system\Config\BaseService.php(258): CodeIgniter\Config\Services::createRequest(Object(Config\App))
#18 D:\projects\biblioteka_cyfr\system\CodeIgniter.php(655): CodeIgniter\Config\BaseService::__callStatic('createRequest', Array)
#19 D:\projects\biblioteka_cyfr\system\CodeIgniter.php(355): CodeIgniter\CodeIgniter->getRequestObject()
#20 D:\projects\biblioteka_cyfr\public\index.php(79): CodeIgniter\CodeIgniter->run()
#21 {main}
in SYSTEMPATH\HTTP\SiteURI.php on line 199.
 1 [internal function]: CodeIgniter\Debug\Exceptions->shutdownHandler()
CRITICAL - 2023-11-27 17:32:02 --> Config\App::$baseURL is invalid.
in SYSTEMPATH\HTTP\SiteURI.php on line 199.
 1 SYSTEMPATH\HTTP\SiteURI.php(145): CodeIgniter\HTTP\SiteURI->normalizeBaseURL(Object(Config\App))
 2 SYSTEMPATH\HTTP\SiteURI.php(100): CodeIgniter\HTTP\SiteURI->determineBaseURL(Object(Config\App), null, null)
 3 SYSTEMPATH\HTTP\SiteURIFactory.php(224): CodeIgniter\HTTP\SiteURI->__construct(Object(Config\App), '/', null)
 4 SYSTEMPATH\HTTP\SiteURIFactory.php(45): CodeIgniter\HTTP\SiteURIFactory->createURIFromRoutePath('/')
 5 SYSTEMPATH\Config\Services.php(799): CodeIgniter\HTTP\SiteURIFactory->createFromGlobals()
 6 SYSTEMPATH\Config\BaseService.php(258): CodeIgniter\Config\Services::uri(null, false)
 7 SYSTEMPATH\Config\BaseService.php(199): CodeIgniter\Config\BaseService::__callStatic('uri', [...])
 8 SYSTEMPATH\Config\Services.php(792): CodeIgniter\Config\BaseService::getSharedInstance('uri', null)
 9 SYSTEMPATH\Config\BaseService.php(258): CodeIgniter\Config\Services::uri()
10 SYSTEMPATH\Config\Services.php(566): CodeIgniter\Config\BaseService::__callStatic('uri', [])
11 SYSTEMPATH\Config\BaseService.php(258): CodeIgniter\Config\Services::incomingrequest(Object(Config\App), false)
12 SYSTEMPATH\Config\Services.php(524): CodeIgniter\Config\BaseService::__callStatic('incomingrequest', [...])
13 SYSTEMPATH\Config\BaseService.php(258): CodeIgniter\Config\Services::request(Object(Config\App), false)
14 SYSTEMPATH\Config\BaseService.php(199): CodeIgniter\Config\BaseService::__callStatic('request', [...])
15 SYSTEMPATH\Config\Services.php(559): CodeIgniter\Config\BaseService::getSharedInstance('request', Object(Config\App))
16 SYSTEMPATH\Config\BaseService.php(258): CodeIgniter\Config\Services::incomingrequest(Object(Config\App))
17 SYSTEMPATH\Config\Services.php(539): CodeIgniter\Config\BaseService::__callStatic('incomingrequest', [...])
18 SYSTEMPATH\Config\BaseService.php(258): CodeIgniter\Config\Services::createRequest(Object(Config\App))
19 SYSTEMPATH\CodeIgniter.php(655): CodeIgniter\Config\BaseService::__callStatic('createRequest', [...])
20 SYSTEMPATH\CodeIgniter.php(355): CodeIgniter\CodeIgniter->getRequestObject()
21 FCPATH\index.php(79): CodeIgniter\CodeIgniter->run()
CRITICAL - 2023-11-27 17:32:02 --> Uncaught CodeIgniter\Exceptions\ConfigException: Config\App::$baseURL is invalid. in D:\projects\biblioteka_cyfr\system\HTTP\SiteURI.php:199
Stack trace:
#0 D:\projects\biblioteka_cyfr\system\HTTP\SiteURI.php(145): CodeIgniter\HTTP\SiteURI->normalizeBaseURL(Object(Config\App))
#1 D:\projects\biblioteka_cyfr\system\HTTP\SiteURI.php(100): CodeIgniter\HTTP\SiteURI->determineBaseURL(Object(Config\App), NULL, NULL)
#2 D:\projects\biblioteka_cyfr\system\HTTP\SiteURIFactory.php(224): CodeIgniter\HTTP\SiteURI->__construct(Object(Config\App), '/', NULL)
#3 D:\projects\biblioteka_cyfr\system\HTTP\SiteURIFactory.php(45): CodeIgniter\HTTP\SiteURIFactory->createURIFromRoutePath('/')
#4 D:\projects\biblioteka_cyfr\system\Config\Services.php(799): CodeIgniter\HTTP\SiteURIFactory->createFromGlobals()
#5 D:\projects\biblioteka_cyfr\system\Config\BaseService.php(258): CodeIgniter\Config\Services::uri(NULL, false)
#6 D:\projects\biblioteka_cyfr\system\Config\BaseService.php(199): CodeIgniter\Config\BaseService::__callStatic('uri', Array)
#7 D:\projects\biblioteka_cyfr\system\Config\Services.php(792): CodeIgniter\Config\BaseService::getSharedInstance('uri', NULL)
#8 D:\projects\biblioteka_cyfr\system\Config\BaseService.php(258): CodeIgniter\Config\Services::uri()
#9 D:\projects\biblioteka_cyfr\system\Config\Services.php(566): CodeIgniter\Config\BaseService::__callStatic('uri', Array)
#10 D:\projects\biblioteka_cyfr\system\Config\BaseService.php(258): CodeIgniter\Config\Services::incomingrequest(Object(Config\App), false)
#11 D:\projects\biblioteka_cyfr\system\Config\Services.php(524): CodeIgniter\Config\BaseService::__callStatic('incomingrequest', Array)
#12 D:\projects\biblioteka_cyfr\system\Config\BaseService.php(258): CodeIgniter\Config\Services::request(NULL, false)
#13 D:\projects\biblioteka_cyfr\system\Config\BaseService.php(199): CodeIgniter\Config\BaseService::__callStatic('request', Array)
#14 D:\projects\biblioteka_cyfr\system\Config\Services.php(520): CodeIgniter\Config\BaseService::getSharedInstance('request', NULL)
#15 D:\projects\biblioteka_cyfr\system\Config\BaseService.php(258): CodeIgniter\Config\Services::request()
#16 D:\projects\biblioteka_cyfr\system\Debug\Exceptions.php(137): CodeIgniter\Config\BaseService::__callStatic('request', Array)
#17 [internal function]: CodeIgniter\Debug\Exceptions->exceptionHandler(Object(CodeIgniter\Exceptions\ConfigException))
#18 {main}
  thrown
ã€Previous Exceptionã€‘
CodeIgniter\Exceptions\ConfigException
Config\App::$baseURL is invalid.
#0 D:\projects\biblioteka_cyfr\system\HTTP\SiteURI.php(145): CodeIgniter\HTTP\SiteURI->normalizeBaseURL(Object(Config\App))
#1 D:\projects\biblioteka_cyfr\system\HTTP\SiteURI.php(100): CodeIgniter\HTTP\SiteURI->determineBaseURL(Object(Config\App), NULL, NULL)
#2 D:\projects\biblioteka_cyfr\system\HTTP\SiteURIFactory.php(224): CodeIgniter\HTTP\SiteURI->__construct(Object(Config\App), '/', NULL)
#3 D:\projects\biblioteka_cyfr\system\HTTP\SiteURIFactory.php(45): CodeIgniter\HTTP\SiteURIFactory->createURIFromRoutePath('/')
#4 D:\projects\biblioteka_cyfr\system\Config\Services.php(799): CodeIgniter\HTTP\SiteURIFactory->createFromGlobals()
#5 D:\projects\biblioteka_cyfr\system\Config\BaseService.php(258): CodeIgniter\Config\Services::uri(NULL, false)
#6 D:\projects\biblioteka_cyfr\system\Config\BaseService.php(199): CodeIgniter\Config\BaseService::__callStatic('uri', Array)
#7 D:\projects\biblioteka_cyfr\system\Config\Services.php(792): CodeIgniter\Config\BaseService::getSharedInstance('uri', NULL)
#8 D:\projects\biblioteka_cyfr\system\Config\BaseService.php(258): CodeIgniter\Config\Services::uri()
#9 D:\projects\biblioteka_cyfr\system\Config\Services.php(566): CodeIgniter\Config\BaseService::__callStatic('uri', Array)
#10 D:\projects\biblioteka_cyfr\system\Config\BaseService.php(258): CodeIgniter\Config\Services::incomingrequest(Object(Config\App), false)
#11 D:\projects\biblioteka_cyfr\system\Config\Services.php(524): CodeIgniter\Config\BaseService::__callStatic('incomingrequest', Array)
#12 D:\projects\biblioteka_cyfr\system\Config\BaseService.php(258): CodeIgniter\Config\Services::request(Object(Config\App), false)
#13 D:\projects\biblioteka_cyfr\system\Config\BaseService.php(199): CodeIgniter\Config\BaseService::__callStatic('request', Array)
#14 D:\projects\biblioteka_cyfr\system\Config\Services.php(559): CodeIgniter\Config\BaseService::getSharedInstance('request', Object(Config\App))
#15 D:\projects\biblioteka_cyfr\system\Config\BaseService.php(258): CodeIgniter\Config\Services::incomingrequest(Object(Config\App))
#16 D:\projects\biblioteka_cyfr\system\Config\Services.php(539): CodeIgniter\Config\BaseService::__callStatic('incomingrequest', Array)
#17 D:\projects\biblioteka_cyfr\system\Config\BaseService.php(258): CodeIgniter\Config\Services::createRequest(Object(Config\App))
#18 D:\projects\biblioteka_cyfr\system\CodeIgniter.php(655): CodeIgniter\Config\BaseService::__callStatic('createRequest', Array)
#19 D:\projects\biblioteka_cyfr\system\CodeIgniter.php(355): CodeIgniter\CodeIgniter->getRequestObject()
#20 D:\projects\biblioteka_cyfr\public\index.php(79): CodeIgniter\CodeIgniter->run()
#21 {main}
in SYSTEMPATH\HTTP\SiteURI.php on line 199.
 1 [internal function]: CodeIgniter\Debug\Exceptions->shutdownHandler()
CRITICAL - 2023-11-27 18:21:39 --> Undefined property: stdClass::$published_date
in APPPATH\Views\bookList.php on line 30.
 1 APPPATH\Views\bookList.php(30): CodeIgniter\Debug\Exceptions->errorHandler(2, 'Undefined property: stdClass::$published_date', 'D:\\projects\\biblioteka_cyfr\\app\\Views\\bookList.php', 30)
 2 SYSTEMPATH\View\View.php(228): include('D:\\projects\\biblioteka_cyfr\\app\\Views\\bookList.php')
 3 SYSTEMPATH\View\View.php(231): CodeIgniter\View\View->CodeIgniter\View\{closure}()
 4 SYSTEMPATH\Common.php(1190): CodeIgniter\View\View->render('bookList', [], true)
 5 APPPATH\Controllers\Book.php(18): view('bookList', [...])
 6 SYSTEMPATH\CodeIgniter.php(942): App\Controllers\Book->index()
 7 SYSTEMPATH\CodeIgniter.php(502): CodeIgniter\CodeIgniter->runController(Object(App\Controllers\Book))
 8 SYSTEMPATH\CodeIgniter.php(361): CodeIgniter\CodeIgniter->handleRequest(null, Object(Config\Cache), false)
 9 FCPATH\index.php(79): CodeIgniter\CodeIgniter->run()
CRITICAL - 2023-11-27 19:13:48 --> syntax error, unexpected token "}"
in APPPATH\Models\BookModel.php on line 34.
 1 SYSTEMPATH\Autoloader\Autoloader.php(291): CodeIgniter\Autoloader\Autoloader->includeFile('D:\\projects\\biblioteka_cyfr\\app\\Models\\BookModel.php')
 2 SYSTEMPATH\Autoloader\Autoloader.php(269): CodeIgniter\Autoloader\Autoloader->loadInNamespace('App\\Models\\BookModel')
 3 APPPATH\Controllers\Book.php(10): CodeIgniter\Autoloader\Autoloader->loadClass('App\\Models\\BookModel')
 4 SYSTEMPATH\CodeIgniter.php(942): App\Controllers\Book->index()
 5 SYSTEMPATH\CodeIgniter.php(502): CodeIgniter\CodeIgniter->runController(Object(App\Controllers\Book))
 6 SYSTEMPATH\CodeIgniter.php(361): CodeIgniter\CodeIgniter->handleRequest(null, Object(Config\Cache), false)
 7 FCPATH\index.php(79): CodeIgniter\CodeIgniter->run()
CRITICAL - 2023-11-27 19:17:51 --> Undefined property: stdClass::$name
in APPPATH\Views\bookList.php on line 20.
 1 APPPATH\Views\bookList.php(20): CodeIgniter\Debug\Exceptions->errorHandler(2, 'Undefined property: stdClass::$name', 'D:\\projects\\biblioteka_cyfr\\app\\Views\\bookList.php', 20)
 2 SYSTEMPATH\View\View.php(228): include('D:\\projects\\biblioteka_cyfr\\app\\Views\\bookList.php')
 3 SYSTEMPATH\View\View.php(231): CodeIgniter\View\View->CodeIgniter\View\{closure}()
 4 SYSTEMPATH\Common.php(1190): CodeIgniter\View\View->render('bookList', [], true)
 5 APPPATH\Controllers\Book.php(18): view('bookList', [...])
 6 SYSTEMPATH\CodeIgniter.php(942): App\Controllers\Book->index()
 7 SYSTEMPATH\CodeIgniter.php(502): CodeIgniter\CodeIgniter->runController(Object(App\Controllers\Book))
 8 SYSTEMPATH\CodeIgniter.php(361): CodeIgniter\CodeIgniter->handleRequest(null, Object(Config\Cache), false)
 9 FCPATH\index.php(79): CodeIgniter\CodeIgniter->run()
CRITICAL - 2023-11-27 19:22:07 --> Undefined property: stdClass::$name
in APPPATH\Views\bookList.php on line 20.
 1 APPPATH\Views\bookList.php(20): CodeIgniter\Debug\Exceptions->errorHandler(2, 'Undefined property: stdClass::$name', 'D:\\projects\\biblioteka_cyfr\\app\\Views\\bookList.php', 20)
 2 SYSTEMPATH\View\View.php(228): include('D:\\projects\\biblioteka_cyfr\\app\\Views\\bookList.php')
 3 SYSTEMPATH\View\View.php(231): CodeIgniter\View\View->CodeIgniter\View\{closure}()
 4 SYSTEMPATH\Common.php(1190): CodeIgniter\View\View->render('bookList', [], true)
 5 APPPATH\Controllers\Book.php(18): view('bookList', [...])
 6 SYSTEMPATH\CodeIgniter.php(942): App\Controllers\Book->index()
 7 SYSTEMPATH\CodeIgniter.php(502): CodeIgniter\CodeIgniter->runController(Object(App\Controllers\Book))
 8 SYSTEMPATH\CodeIgniter.php(361): CodeIgniter\CodeIgniter->handleRequest(null, Object(Config\Cache), false)
 9 FCPATH\index.php(79): CodeIgniter\CodeIgniter->run()
CRITICAL - 2023-11-27 19:42:18 --> Undefined property: stdClass::$name
in APPPATH\Views\bookList.php on line 20.
 1 APPPATH\Views\bookList.php(20): CodeIgniter\Debug\Exceptions->errorHandler(2, 'Undefined property: stdClass::$name', 'D:\\projects\\biblioteka_cyfr\\app\\Views\\bookList.php', 20)
 2 SYSTEMPATH\View\View.php(228): include('D:\\projects\\biblioteka_cyfr\\app\\Views\\bookList.php')
 3 SYSTEMPATH\View\View.php(231): CodeIgniter\View\View->CodeIgniter\View\{closure}()
 4 SYSTEMPATH\Common.php(1190): CodeIgniter\View\View->render('bookList', [], true)
 5 APPPATH\Controllers\Book.php(18): view('bookList', [...])
 6 SYSTEMPATH\CodeIgniter.php(942): App\Controllers\Book->index()
 7 SYSTEMPATH\CodeIgniter.php(502): CodeIgniter\CodeIgniter->runController(Object(App\Controllers\Book))
 8 SYSTEMPATH\CodeIgniter.php(361): CodeIgniter\CodeIgniter->handleRequest(null, Object(Config\Cache), false)
 9 FCPATH\index.php(79): CodeIgniter\CodeIgniter->run()
CRITICAL - 2023-11-27 19:46:48 --> Attempt to read property "img" on array
in APPPATH\Views\bookList.php on line 12.
 1 APPPATH\Views\bookList.php(12): CodeIgniter\Debug\Exceptions->errorHandler(2, 'Attempt to read property "img" on array', 'D:\\projects\\biblioteka_cyfr\\app\\Views\\bookList.php', 12)
 2 SYSTEMPATH\View\View.php(228): include('D:\\projects\\biblioteka_cyfr\\app\\Views\\bookList.php')
 3 SYSTEMPATH\View\View.php(231): CodeIgniter\View\View->CodeIgniter\View\{closure}()
 4 SYSTEMPATH\Common.php(1190): CodeIgniter\View\View->render('bookList', [], true)
 5 APPPATH\Controllers\Book.php(18): view('bookList', [...])
 6 SYSTEMPATH\CodeIgniter.php(942): App\Controllers\Book->index()
 7 SYSTEMPATH\CodeIgniter.php(502): CodeIgniter\CodeIgniter->runController(Object(App\Controllers\Book))
 8 SYSTEMPATH\CodeIgniter.php(361): CodeIgniter\CodeIgniter->handleRequest(null, Object(Config\Cache), false)
 9 FCPATH\index.php(79): CodeIgniter\CodeIgniter->run()
CRITICAL - 2023-11-27 19:50:33 --> Undefined property: stdClass::$name
in APPPATH\Views\bookList.php on line 20.
 1 APPPATH\Views\bookList.php(20): CodeIgniter\Debug\Exceptions->errorHandler(2, 'Undefined property: stdClass::$name', 'D:\\projects\\biblioteka_cyfr\\app\\Views\\bookList.php', 20)
 2 SYSTEMPATH\View\View.php(228): include('D:\\projects\\biblioteka_cyfr\\app\\Views\\bookList.php')
 3 SYSTEMPATH\View\View.php(231): CodeIgniter\View\View->CodeIgniter\View\{closure}()
 4 SYSTEMPATH\Common.php(1190): CodeIgniter\View\View->render('bookList', [], true)
 5 APPPATH\Controllers\Book.php(18): view('bookList', [...])
 6 SYSTEMPATH\CodeIgniter.php(942): App\Controllers\Book->index()
 7 SYSTEMPATH\CodeIgniter.php(502): CodeIgniter\CodeIgniter->runController(Object(App\Controllers\Book))
 8 SYSTEMPATH\CodeIgniter.php(361): CodeIgniter\CodeIgniter->handleRequest(null, Object(Config\Cache), false)
 9 FCPATH\index.php(79): CodeIgniter\CodeIgniter->run()
CRITICAL - 2023-11-27 19:59:48 --> Attempt to read property "img" on array
in APPPATH\Views\bookList.php on line 12.
 1 APPPATH\Views\bookList.php(12): CodeIgniter\Debug\Exceptions->errorHandler(2, 'Attempt to read property "img" on array', 'D:\\projects\\biblioteka_cyfr\\app\\Views\\bookList.php', 12)
 2 SYSTEMPATH\View\View.php(228): include('D:\\projects\\biblioteka_cyfr\\app\\Views\\bookList.php')
 3 SYSTEMPATH\View\View.php(231): CodeIgniter\View\View->CodeIgniter\View\{closure}()
 4 SYSTEMPATH\Common.php(1190): CodeIgniter\View\View->render('bookList', [], true)
 5 APPPATH\Controllers\Book.php(18): view('bookList', [...])
 6 SYSTEMPATH\CodeIgniter.php(942): App\Controllers\Book->index()
 7 SYSTEMPATH\CodeIgniter.php(502): CodeIgniter\CodeIgniter->runController(Object(App\Controllers\Book))
 8 SYSTEMPATH\CodeIgniter.php(361): CodeIgniter\CodeIgniter->handleRequest(null, Object(Config\Cache), false)
 9 FCPATH\index.php(79): CodeIgniter\CodeIgniter->run()
CRITICAL - 2023-11-27 20:00:27 --> syntax error, unexpected token ":"
in APPPATH\Views\bookList.php on line 4.
 1 SYSTEMPATH\View\View.php(231): CodeIgniter\View\View->CodeIgniter\View\{closure}()
 2 SYSTEMPATH\Common.php(1190): CodeIgniter\View\View->render('bookList', [], true)
 3 APPPATH\Controllers\Book.php(18): view('bookList', [...])
 4 SYSTEMPATH\CodeIgniter.php(942): App\Controllers\Book->index()
 5 SYSTEMPATH\CodeIgniter.php(502): CodeIgniter\CodeIgniter->runController(Object(App\Controllers\Book))
 6 SYSTEMPATH\CodeIgniter.php(361): CodeIgniter\CodeIgniter->handleRequest(null, Object(Config\Cache), false)
 7 FCPATH\index.php(79): CodeIgniter\CodeIgniter->run()
CRITICAL - 2023-11-27 20:07:22 --> You must set the database table to be used with your query.
in SYSTEMPATH\Database\BaseConnection.php on line 884.
 1 SYSTEMPATH\Model.php(635): CodeIgniter\Database\BaseConnection->table(null)
 2 SYSTEMPATH\Model.php(599): CodeIgniter\Model->builder()
 3 SYSTEMPATH\BaseModel.php(1203): CodeIgniter\Model->countAllResults(false)
 4 APPPATH\Controllers\Book.php(13): CodeIgniter\BaseModel->paginate(30)
 5 SYSTEMPATH\CodeIgniter.php(942): App\Controllers\Book->index()
 6 SYSTEMPATH\CodeIgniter.php(502): CodeIgniter\CodeIgniter->runController(Object(App\Controllers\Book))
 7 SYSTEMPATH\CodeIgniter.php(361): CodeIgniter\CodeIgniter->handleRequest(null, Object(Config\Cache), false)
 8 FCPATH\index.php(79): CodeIgniter\CodeIgniter->run()
CRITICAL - 2023-11-27 20:40:34 --> You must set the database table to be used with your query.
in SYSTEMPATH\Database\BaseConnection.php on line 884.
 1 SYSTEMPATH\Model.php(635): CodeIgniter\Database\BaseConnection->table(null)
 2 SYSTEMPATH\Model.php(599): CodeIgniter\Model->builder()
 3 SYSTEMPATH\BaseModel.php(1203): CodeIgniter\Model->countAllResults(false)
 4 APPPATH\Controllers\Book.php(13): CodeIgniter\BaseModel->paginate(30)
 5 SYSTEMPATH\CodeIgniter.php(942): App\Controllers\Book->index()
 6 SYSTEMPATH\CodeIgniter.php(502): CodeIgniter\CodeIgniter->runController(Object(App\Controllers\Book))
 7 SYSTEMPATH\CodeIgniter.php(361): CodeIgniter\CodeIgniter->handleRequest(null, Object(Config\Cache), false)
 8 FCPATH\index.php(79): CodeIgniter\CodeIgniter->run()
CRITICAL - 2023-11-27 20:45:58 --> Undefined variable $data
in APPPATH\Views\bookList.php on line 4.
 1 APPPATH\Views\bookList.php(4): CodeIgniter\Debug\Exceptions->errorHandler(2, 'Undefined variable $data', 'D:\\projects\\biblioteka_cyfr\\app\\Views\\bookList.php', 4)
 2 SYSTEMPATH\View\View.php(228): include('D:\\projects\\biblioteka_cyfr\\app\\Views\\bookList.php')
 3 SYSTEMPATH\View\View.php(231): CodeIgniter\View\View->CodeIgniter\View\{closure}()
 4 SYSTEMPATH\Common.php(1190): CodeIgniter\View\View->render('bookList', [], true)
 5 APPPATH\Controllers\Book.php(23): view('bookList', [...])
 6 SYSTEMPATH\CodeIgniter.php(942): App\Controllers\Book->index()
 7 SYSTEMPATH\CodeIgniter.php(502): CodeIgniter\CodeIgniter->runController(Object(App\Controllers\Book))
 8 SYSTEMPATH\CodeIgniter.php(361): CodeIgniter\CodeIgniter->handleRequest(null, Object(Config\Cache), false)
 9 FCPATH\index.php(79): CodeIgniter\CodeIgniter->run()
CRITICAL - 2023-11-27 20:51:18 --> Undefined variable $data
in APPPATH\Views\bookList.php on line 4.
 1 APPPATH\Views\bookList.php(4): CodeIgniter\Debug\Exceptions->errorHandler(2, 'Undefined variable $data', 'D:\\projects\\biblioteka_cyfr\\app\\Views\\bookList.php', 4)
 2 SYSTEMPATH\View\View.php(228): include('D:\\projects\\biblioteka_cyfr\\app\\Views\\bookList.php')
 3 SYSTEMPATH\View\View.php(231): CodeIgniter\View\View->CodeIgniter\View\{closure}()
 4 SYSTEMPATH\Common.php(1190): CodeIgniter\View\View->render('bookList', [], true)
 5 APPPATH\Controllers\Book.php(24): view('bookList', [...])
 6 SYSTEMPATH\CodeIgniter.php(942): App\Controllers\Book->index()
 7 SYSTEMPATH\CodeIgniter.php(502): CodeIgniter\CodeIgniter->runController(Object(App\Controllers\Book))
 8 SYSTEMPATH\CodeIgniter.php(361): CodeIgniter\CodeIgniter->handleRequest(null, Object(Config\Cache), false)
 9 FCPATH\index.php(79): CodeIgniter\CodeIgniter->run()
CRITICAL - 2023-11-27 20:52:01 --> Undefined variable $data
in APPPATH\Views\bookList.php on line 4.
 1 APPPATH\Views\bookList.php(4): CodeIgniter\Debug\Exceptions->errorHandler(2, 'Undefined variable $data', 'D:\\projects\\biblioteka_cyfr\\app\\Views\\bookList.php', 4)
 2 SYSTEMPATH\View\View.php(228): include('D:\\projects\\biblioteka_cyfr\\app\\Views\\bookList.php')
 3 SYSTEMPATH\View\View.php(231): CodeIgniter\View\View->CodeIgniter\View\{closure}()
 4 SYSTEMPATH\Common.php(1190): CodeIgniter\View\View->render('bookList', [], true)
 5 APPPATH\Controllers\Book.php(24): view('bookList', [...])
 6 SYSTEMPATH\CodeIgniter.php(942): App\Controllers\Book->index()
 7 SYSTEMPATH\CodeIgniter.php(502): CodeIgniter\CodeIgniter->runController(Object(App\Controllers\Book))
 8 SYSTEMPATH\CodeIgniter.php(361): CodeIgniter\CodeIgniter->handleRequest(null, Object(Config\Cache), false)
 9 FCPATH\index.php(79): CodeIgniter\CodeIgniter->run()
CRITICAL - 2023-11-27 20:52:20 --> Undefined variable $data
in APPPATH\Views\bookList.php on line 4.
 1 APPPATH\Views\bookList.php(4): CodeIgniter\Debug\Exceptions->errorHandler(2, 'Undefined variable $data', 'D:\\projects\\biblioteka_cyfr\\app\\Views\\bookList.php', 4)
 2 SYSTEMPATH\View\View.php(228): include('D:\\projects\\biblioteka_cyfr\\app\\Views\\bookList.php')
 3 SYSTEMPATH\View\View.php(231): CodeIgniter\View\View->CodeIgniter\View\{closure}()
 4 SYSTEMPATH\Common.php(1190): CodeIgniter\View\View->render('bookList', [], true)
 5 APPPATH\Controllers\Book.php(24): view('bookList', [...])
 6 SYSTEMPATH\CodeIgniter.php(942): App\Controllers\Book->index()
 7 SYSTEMPATH\CodeIgniter.php(502): CodeIgniter\CodeIgniter->runController(Object(App\Controllers\Book))
 8 SYSTEMPATH\CodeIgniter.php(361): CodeIgniter\CodeIgniter->handleRequest(null, Object(Config\Cache), false)
 9 FCPATH\index.php(79): CodeIgniter\CodeIgniter->run()
CRITICAL - 2023-11-27 20:55:22 --> Undefined property: stdClass::$name
in APPPATH\Views\bookList.php on line 20.
 1 APPPATH\Views\bookList.php(20): CodeIgniter\Debug\Exceptions->errorHandler(2, 'Undefined property: stdClass::$name', 'D:\\projects\\biblioteka_cyfr\\app\\Views\\bookList.php', 20)
 2 SYSTEMPATH\View\View.php(228): include('D:\\projects\\biblioteka_cyfr\\app\\Views\\bookList.php')
 3 SYSTEMPATH\View\View.php(231): CodeIgniter\View\View->CodeIgniter\View\{closure}()
 4 SYSTEMPATH\Common.php(1190): CodeIgniter\View\View->render('bookList', [], true)
 5 APPPATH\Controllers\Book.php(25): view('bookList', [...])
 6 SYSTEMPATH\CodeIgniter.php(942): App\Controllers\Book->index()
 7 SYSTEMPATH\CodeIgniter.php(502): CodeIgniter\CodeIgniter->runController(Object(App\Controllers\Book))
 8 SYSTEMPATH\CodeIgniter.php(361): CodeIgniter\CodeIgniter->handleRequest(null, Object(Config\Cache), false)
 9 FCPATH\index.php(79): CodeIgniter\CodeIgniter->run()
CRITICAL - 2023-11-27 20:55:39 --> Undefined property: stdClass::$name
in APPPATH\Views\bookList.php on line 20.
 1 APPPATH\Views\bookList.php(20): CodeIgniter\Debug\Exceptions->errorHandler(2, 'Undefined property: stdClass::$name', 'D:\\projects\\biblioteka_cyfr\\app\\Views\\bookList.php', 20)
 2 SYSTEMPATH\View\View.php(228): include('D:\\projects\\biblioteka_cyfr\\app\\Views\\bookList.php')
 3 SYSTEMPATH\View\View.php(231): CodeIgniter\View\View->CodeIgniter\View\{closure}()
 4 SYSTEMPATH\Common.php(1190): CodeIgniter\View\View->render('bookList', [], true)
 5 APPPATH\Controllers\Book.php(25): view('bookList', [...])
 6 SYSTEMPATH\CodeIgniter.php(942): App\Controllers\Book->index()
 7 SYSTEMPATH\CodeIgniter.php(502): CodeIgniter\CodeIgniter->runController(Object(App\Controllers\Book))
 8 SYSTEMPATH\CodeIgniter.php(361): CodeIgniter\CodeIgniter->handleRequest(null, Object(Config\Cache), false)
 9 FCPATH\index.php(79): CodeIgniter\CodeIgniter->run()
CRITICAL - 2023-11-27 20:58:21 --> Undefined variable $pager
in APPPATH\Views\bookList.php on line 49.
 1 APPPATH\Views\bookList.php(49): CodeIgniter\Debug\Exceptions->errorHandler(2, 'Undefined variable $pager', 'D:\\projects\\biblioteka_cyfr\\app\\Views\\bookList.php', 49)
 2 SYSTEMPATH\View\View.php(228): include('D:\\projects\\biblioteka_cyfr\\app\\Views\\bookList.php')
 3 SYSTEMPATH\View\View.php(231): CodeIgniter\View\View->CodeIgniter\View\{closure}()
 4 SYSTEMPATH\Common.php(1190): CodeIgniter\View\View->render('bookList', [], true)
 5 APPPATH\Controllers\Book.php(27): view('bookList', [...])
 6 SYSTEMPATH\CodeIgniter.php(942): App\Controllers\Book->index()
 7 SYSTEMPATH\CodeIgniter.php(502): CodeIgniter\CodeIgniter->runController(Object(App\Controllers\Book))
 8 SYSTEMPATH\CodeIgniter.php(361): CodeIgniter\CodeIgniter->handleRequest(null, Object(Config\Cache), false)
 9 FCPATH\index.php(79): CodeIgniter\CodeIgniter->run()
CRITICAL - 2023-11-27 21:01:31 --> Undefined variable $data
in APPPATH\Views\bookList.php on line 4.
 1 APPPATH\Views\bookList.php(4): CodeIgniter\Debug\Exceptions->errorHandler(2, 'Undefined variable $data', 'D:\\projects\\biblioteka_cyfr\\app\\Views\\bookList.php', 4)
 2 SYSTEMPATH\View\View.php(228): include('D:\\projects\\biblioteka_cyfr\\app\\Views\\bookList.php')
 3 SYSTEMPATH\View\View.php(231): CodeIgniter\View\View->CodeIgniter\View\{closure}()
 4 SYSTEMPATH\Common.php(1190): CodeIgniter\View\View->render('bookList', [], true)
 5 APPPATH\Controllers\Book.php(42): view('bookList', [...])
 6 SYSTEMPATH\CodeIgniter.php(942): App\Controllers\Book->index()
 7 SYSTEMPATH\CodeIgniter.php(502): CodeIgniter\CodeIgniter->runController(Object(App\Controllers\Book))
 8 SYSTEMPATH\CodeIgniter.php(361): CodeIgniter\CodeIgniter->handleRequest(null, Object(Config\Cache), false)
 9 FCPATH\index.php(79): CodeIgniter\CodeIgniter->run()
CRITICAL - 2023-11-27 21:02:22 --> Undefined variable $pager
in APPPATH\Views\bookList.php on line 49.
 1 APPPATH\Views\bookList.php(49): CodeIgniter\Debug\Exceptions->errorHandler(2, 'Undefined variable $pager', 'D:\\projects\\biblioteka_cyfr\\app\\Views\\bookList.php', 49)
 2 SYSTEMPATH\View\View.php(228): include('D:\\projects\\biblioteka_cyfr\\app\\Views\\bookList.php')
 3 SYSTEMPATH\View\View.php(231): CodeIgniter\View\View->CodeIgniter\View\{closure}()
 4 SYSTEMPATH\Common.php(1190): CodeIgniter\View\View->render('bookList', [], true)
 5 APPPATH\Controllers\Book.php(43): view('bookList', [...])
 6 SYSTEMPATH\CodeIgniter.php(942): App\Controllers\Book->index()
 7 SYSTEMPATH\CodeIgniter.php(502): CodeIgniter\CodeIgniter->runController(Object(App\Controllers\Book))
 8 SYSTEMPATH\CodeIgniter.php(361): CodeIgniter\CodeIgniter->handleRequest(null, Object(Config\Cache), false)
 9 FCPATH\index.php(79): CodeIgniter\CodeIgniter->run()
CRITICAL - 2023-11-27 21:03:29 --> Undefined variable $pager
in APPPATH\Views\bookList.php on line 49.
 1 APPPATH\Views\bookList.php(49): CodeIgniter\Debug\Exceptions->errorHandler(2, 'Undefined variable $pager', 'D:\\projects\\biblioteka_cyfr\\app\\Views\\bookList.php', 49)
 2 SYSTEMPATH\View\View.php(228): include('D:\\projects\\biblioteka_cyfr\\app\\Views\\bookList.php')
 3 SYSTEMPATH\View\View.php(231): CodeIgniter\View\View->CodeIgniter\View\{closure}()
 4 SYSTEMPATH\Common.php(1190): CodeIgniter\View\View->render('bookList', [], true)
 5 APPPATH\Controllers\Book.php(43): view('bookList', [...])
 6 SYSTEMPATH\CodeIgniter.php(942): App\Controllers\Book->index()
 7 SYSTEMPATH\CodeIgniter.php(502): CodeIgniter\CodeIgniter->runController(Object(App\Controllers\Book))
 8 SYSTEMPATH\CodeIgniter.php(361): CodeIgniter\CodeIgniter->handleRequest(null, Object(Config\Cache), false)
 9 FCPATH\index.php(79): CodeIgniter\CodeIgniter->run()
CRITICAL - 2023-11-27 21:06:10 --> Unsupported operand types: string + string
in APPPATH\Views\bookList.php on line 20.
 1 SYSTEMPATH\View\View.php(228): include()
 2 SYSTEMPATH\View\View.php(231): CodeIgniter\View\View->CodeIgniter\View\{closure}()
 3 SYSTEMPATH\Common.php(1190): CodeIgniter\View\View->render('bookList', [], true)
 4 APPPATH\Controllers\Book.php(43): view('bookList', [...])
 5 SYSTEMPATH\CodeIgniter.php(942): App\Controllers\Book->index()
 6 SYSTEMPATH\CodeIgniter.php(502): CodeIgniter\CodeIgniter->runController(Object(App\Controllers\Book))
 7 SYSTEMPATH\CodeIgniter.php(361): CodeIgniter\CodeIgniter->handleRequest(null, Object(Config\Cache), false)
 8 FCPATH\index.php(79): CodeIgniter\CodeIgniter->run()
ERROR - 2023-11-27 21:15:06 --> mysqli_sql_exception: Unknown column 'col' in 'where clause' in D:\projects\biblioteka_cyfr\system\Database\MySQLi\Connection.php:306
Stack trace:
#0 D:\projects\biblioteka_cyfr\system\Database\MySQLi\Connection.php(306): mysqli->query('SELECT COUNT(*)...', 0)
#1 D:\projects\biblioteka_cyfr\system\Database\BaseConnection.php(693): CodeIgniter\Database\MySQLi\Connection->execute('SELECT COUNT(*)...')
#2 D:\projects\biblioteka_cyfr\system\Database\BaseConnection.php(607): CodeIgniter\Database\BaseConnection->simpleQuery('SELECT COUNT(*)...')
#3 D:\projects\biblioteka_cyfr\system\Database\BaseBuilder.php(1699): CodeIgniter\Database\BaseConnection->query('SELECT COUNT(*)...', Array, false)
#4 D:\projects\biblioteka_cyfr\app\Controllers\Book.php(27): CodeIgniter\Database\BaseBuilder->countAllResults()
#5 D:\projects\biblioteka_cyfr\system\CodeIgniter.php(942): App\Controllers\Book->index()
#6 D:\projects\biblioteka_cyfr\system\CodeIgniter.php(502): CodeIgniter\CodeIgniter->runController(Object(App\Controllers\Book))
#7 D:\projects\biblioteka_cyfr\system\CodeIgniter.php(361): CodeIgniter\CodeIgniter->handleRequest(NULL, Object(Config\Cache), false)
#8 D:\projects\biblioteka_cyfr\public\index.php(79): CodeIgniter\CodeIgniter->run()
#9 {main}
CRITICAL - 2023-11-27 21:15:06 --> Unknown column 'col' in 'where clause'
in SYSTEMPATH\Database\BaseConnection.php on line 647.
 1 SYSTEMPATH\Database\BaseBuilder.php(1699): CodeIgniter\Database\BaseConnection->query('SELECT COUNT(*) AS `numrows`
FROM `books`
WHERE `col` = :col:', [...], false)
 2 APPPATH\Controllers\Book.php(27): CodeIgniter\Database\BaseBuilder->countAllResults()
 3 SYSTEMPATH\CodeIgniter.php(942): App\Controllers\Book->index()
 4 SYSTEMPATH\CodeIgniter.php(502): CodeIgniter\CodeIgniter->runController(Object(App\Controllers\Book))
 5 SYSTEMPATH\CodeIgniter.php(361): CodeIgniter\CodeIgniter->handleRequest(null, Object(Config\Cache), false)
 6 FCPATH\index.php(79): CodeIgniter\CodeIgniter->run()
CRITICAL - 2023-11-27 21:16:10 --> Undefined property: stdClass::$name
in APPPATH\Views\bookList.php on line 20.
 1 APPPATH\Views\bookList.php(20): CodeIgniter\Debug\Exceptions->errorHandler(2, 'Undefined property: stdClass::$name', 'D:\\projects\\biblioteka_cyfr\\app\\Views\\bookList.php', 20)
 2 SYSTEMPATH\View\View.php(228): include('D:\\projects\\biblioteka_cyfr\\app\\Views\\bookList.php')
 3 SYSTEMPATH\View\View.php(231): CodeIgniter\View\View->CodeIgniter\View\{closure}()
 4 SYSTEMPATH\Common.php(1190): CodeIgniter\View\View->render('bookList', [], true)
 5 APPPATH\Controllers\Book.php(47): view('bookList', [...])
 6 SYSTEMPATH\CodeIgniter.php(942): App\Controllers\Book->index()
 7 SYSTEMPATH\CodeIgniter.php(502): CodeIgniter\CodeIgniter->runController(Object(App\Controllers\Book))
 8 SYSTEMPATH\CodeIgniter.php(361): CodeIgniter\CodeIgniter->handleRequest(null, Object(Config\Cache), false)
 9 FCPATH\index.php(79): CodeIgniter\CodeIgniter->run()
CRITICAL - 2023-11-27 21:16:33 --> Undefined property: stdClass::$name
in APPPATH\Views\bookList.php on line 20.
 1 APPPATH\Views\bookList.php(20): CodeIgniter\Debug\Exceptions->errorHandler(2, 'Undefined property: stdClass::$name', 'D:\\projects\\biblioteka_cyfr\\app\\Views\\bookList.php', 20)
 2 SYSTEMPATH\View\View.php(228): include('D:\\projects\\biblioteka_cyfr\\app\\Views\\bookList.php')
 3 SYSTEMPATH\View\View.php(231): CodeIgniter\View\View->CodeIgniter\View\{closure}()
 4 SYSTEMPATH\Common.php(1190): CodeIgniter\View\View->render('bookList', [], true)
 5 APPPATH\Controllers\Book.php(47): view('bookList', [...])
 6 SYSTEMPATH\CodeIgniter.php(942): App\Controllers\Book->index()
 7 SYSTEMPATH\CodeIgniter.php(502): CodeIgniter\CodeIgniter->runController(Object(App\Controllers\Book))
 8 SYSTEMPATH\CodeIgniter.php(361): CodeIgniter\CodeIgniter->handleRequest(null, Object(Config\Cache), false)
 9 FCPATH\index.php(79): CodeIgniter\CodeIgniter->run()
CRITICAL - 2023-11-27 21:26:00 --> Undefined variable $row
in APPPATH\Views\book.php on line 26.
 1 APPPATH\Views\book.php(26): CodeIgniter\Debug\Exceptions->errorHandler(2, 'Undefined variable $row', 'D:\\projects\\biblioteka_cyfr\\app\\Views\\book.php', 26)
 2 SYSTEMPATH\View\View.php(228): include('D:\\projects\\biblioteka_cyfr\\app\\Views\\book.php')
 3 SYSTEMPATH\View\View.php(231): CodeIgniter\View\View->CodeIgniter\View\{closure}()
 4 SYSTEMPATH\Common.php(1190): CodeIgniter\View\View->render('book', [], true)
 5 APPPATH\Controllers\Book.php(44): view('book', [...])
 6 SYSTEMPATH\CodeIgniter.php(942): App\Controllers\Book->getBook('8')
 7 SYSTEMPATH\CodeIgniter.php(502): CodeIgniter\CodeIgniter->runController(Object(App\Controllers\Book))
 8 SYSTEMPATH\CodeIgniter.php(361): CodeIgniter\CodeIgniter->handleRequest(null, Object(Config\Cache), false)
 9 FCPATH\index.php(79): CodeIgniter\CodeIgniter->run()
CRITICAL - 2023-11-27 21:26:13 --> Undefined variable $row
in APPPATH\Views\book.php on line 30.
 1 APPPATH\Views\book.php(30): CodeIgniter\Debug\Exceptions->errorHandler(2, 'Undefined variable $row', 'D:\\projects\\biblioteka_cyfr\\app\\Views\\book.php', 30)
 2 SYSTEMPATH\View\View.php(228): include('D:\\projects\\biblioteka_cyfr\\app\\Views\\book.php')
 3 SYSTEMPATH\View\View.php(231): CodeIgniter\View\View->CodeIgniter\View\{closure}()
 4 SYSTEMPATH\Common.php(1190): CodeIgniter\View\View->render('book', [], true)
 5 APPPATH\Controllers\Book.php(44): view('book', [...])
 6 SYSTEMPATH\CodeIgniter.php(942): App\Controllers\Book->getBook('8')
 7 SYSTEMPATH\CodeIgniter.php(502): CodeIgniter\CodeIgniter->runController(Object(App\Controllers\Book))
 8 SYSTEMPATH\CodeIgniter.php(361): CodeIgniter\CodeIgniter->handleRequest(null, Object(Config\Cache), false)
 9 FCPATH\index.php(79): CodeIgniter\CodeIgniter->run()
CRITICAL - 2023-11-27 21:27:03 --> Undefined variable $row
in APPPATH\Views\book.php on line 43.
 1 APPPATH\Views\book.php(43): CodeIgniter\Debug\Exceptions->errorHandler(2, 'Undefined variable $row', 'D:\\projects\\biblioteka_cyfr\\app\\Views\\book.php', 43)
 2 SYSTEMPATH\View\View.php(228): include('D:\\projects\\biblioteka_cyfr\\app\\Views\\book.php')
 3 SYSTEMPATH\View\View.php(231): CodeIgniter\View\View->CodeIgniter\View\{closure}()
 4 SYSTEMPATH\Common.php(1190): CodeIgniter\View\View->render('book', [], true)
 5 APPPATH\Controllers\Book.php(44): view('book', [...])
 6 SYSTEMPATH\CodeIgniter.php(942): App\Controllers\Book->getBook('8')
 7 SYSTEMPATH\CodeIgniter.php(502): CodeIgniter\CodeIgniter->runController(Object(App\Controllers\Book))
 8 SYSTEMPATH\CodeIgniter.php(361): CodeIgniter\CodeIgniter->handleRequest(null, Object(Config\Cache), false)
 9 FCPATH\index.php(79): CodeIgniter\CodeIgniter->run()
CRITICAL - 2023-11-27 21:49:40 --> Undefined property: stdClass::$id
in APPPATH\Views\bookList.php on line 37.
 1 APPPATH\Views\bookList.php(37): CodeIgniter\Debug\Exceptions->errorHandler(2, 'Undefined property: stdClass::$id', 'D:\\projects\\biblioteka_cyfr\\app\\Views\\bookList.php', 37)
 2 SYSTEMPATH\View\View.php(228): include('D:\\projects\\biblioteka_cyfr\\app\\Views\\bookList.php')
 3 SYSTEMPATH\View\View.php(231): CodeIgniter\View\View->CodeIgniter\View\{closure}()
 4 SYSTEMPATH\Common.php(1190): CodeIgniter\View\View->render('bookList', [], true)
 5 APPPATH\Controllers\Book.php(41): view('bookList', [...])
 6 SYSTEMPATH\CodeIgniter.php(942): App\Controllers\Book->index()
 7 SYSTEMPATH\CodeIgniter.php(502): CodeIgniter\CodeIgniter->runController(Object(App\Controllers\Book))
 8 SYSTEMPATH\CodeIgniter.php(361): CodeIgniter\CodeIgniter->handleRequest(null, Object(Config\Cache), false)
 9 FCPATH\index.php(79): CodeIgniter\CodeIgniter->run()
CRITICAL - 2023-11-27 21:49:56 --> Undefined property: stdClass::$id
in APPPATH\Views\bookList.php on line 37.
 1 APPPATH\Views\bookList.php(37): CodeIgniter\Debug\Exceptions->errorHandler(2, 'Undefined property: stdClass::$id', 'D:\\projects\\biblioteka_cyfr\\app\\Views\\bookList.php', 37)
 2 SYSTEMPATH\View\View.php(228): include('D:\\projects\\biblioteka_cyfr\\app\\Views\\bookList.php')
 3 SYSTEMPATH\View\View.php(231): CodeIgniter\View\View->CodeIgniter\View\{closure}()
 4 SYSTEMPATH\Common.php(1190): CodeIgniter\View\View->render('bookList', [], true)
 5 APPPATH\Controllers\Book.php(42): view('bookList', [...])
 6 SYSTEMPATH\CodeIgniter.php(942): App\Controllers\Book->index()
 7 SYSTEMPATH\CodeIgniter.php(502): CodeIgniter\CodeIgniter->runController(Object(App\Controllers\Book))
 8 SYSTEMPATH\CodeIgniter.php(361): CodeIgniter\CodeIgniter->handleRequest(null, Object(Config\Cache), false)
 9 FCPATH\index.php(79): CodeIgniter\CodeIgniter->run()
