CRITICAL - 2023-12-13 16:55:45 --> Class "setasign\Fpdi" not found
in APPPATH\Controllers\BookController.php on line 79.
 1 SYSTEMPATH\CodeIgniter.php(942): App\Controllers\BookController->getBookPDF('1')
 2 SYSTEMPATH\CodeIgniter.php(502): CodeIgniter\CodeIgniter->runController(Object(App\Controllers\BookController))
 3 SYSTEMPATH\CodeIgniter.php(361): CodeIgniter\CodeIgniter->handleRequest(null, Object(Config\Cache), false)
 4 FCPATH\index.php(79): CodeIgniter\CodeIgniter->run()
CRITICAL - 2023-12-13 16:58:56 --> Class "App\ThirdParty\Fpdi" not found
in APPPATH\Controllers\BookController.php on line 79.
 1 SYSTEMPATH\CodeIgniter.php(942): App\Controllers\BookController->getBookPDF('1')
 2 SYSTEMPATH\CodeIgniter.php(502): CodeIgniter\CodeIgniter->runController(Object(App\Controllers\BookController))
 3 SYSTEMPATH\CodeIgniter.php(361): CodeIgniter\CodeIgniter->handleRequest(null, Object(Config\Cache), false)
 4 FCPATH\index.php(79): CodeIgniter\CodeIgniter->run()
CRITICAL - 2023-12-13 17:00:44 --> Class "App\ThirdParty\Fpdi" not found
in APPPATH\Controllers\BookController.php on line 79.
 1 SYSTEMPATH\CodeIgniter.php(942): App\Controllers\BookController->getBookPDF('1')
 2 SYSTEMPATH\CodeIgniter.php(502): CodeIgniter\CodeIgniter->runController(Object(App\Controllers\BookController))
 3 SYSTEMPATH\CodeIgniter.php(361): CodeIgniter\CodeIgniter->handleRequest(null, Object(Config\Cache), false)
 4 FCPATH\index.php(79): CodeIgniter\CodeIgniter->run()
CRITICAL - 2023-12-13 17:01:18 --> Class "App\ThirdParty\FPDI" not found
in APPPATH\Controllers\BookController.php on line 79.
 1 SYSTEMPATH\CodeIgniter.php(942): App\Controllers\BookController->getBookPDF('1')
 2 SYSTEMPATH\CodeIgniter.php(502): CodeIgniter\CodeIgniter->runController(Object(App\Controllers\BookController))
 3 SYSTEMPATH\CodeIgniter.php(361): CodeIgniter\CodeIgniter->handleRequest(null, Object(Config\Cache), false)
 4 FCPATH\index.php(79): CodeIgniter\CodeIgniter->run()
CRITICAL - 2023-12-13 17:14:17 --> Class "App\ThirdParty\FPDI" not found
in APPPATH\Controllers\BookController.php on line 79.
 1 SYSTEMPATH\CodeIgniter.php(942): App\Controllers\BookController->getBookPDF('1')
 2 SYSTEMPATH\CodeIgniter.php(502): CodeIgniter\CodeIgniter->runController(Object(App\Controllers\BookController))
 3 SYSTEMPATH\CodeIgniter.php(361): CodeIgniter\CodeIgniter->handleRequest(null, Object(Config\Cache), false)
 4 FCPATH\index.php(79): CodeIgniter\CodeIgniter->run()
CRITICAL - 2023-12-13 17:15:12 --> Class "setasign\Fpdi" not found
in APPPATH\Controllers\BookController.php on line 79.
 1 SYSTEMPATH\CodeIgniter.php(942): App\Controllers\BookController->getBookPDF('1')
 2 SYSTEMPATH\CodeIgniter.php(502): CodeIgniter\CodeIgniter->runController(Object(App\Controllers\BookController))
 3 SYSTEMPATH\CodeIgniter.php(361): CodeIgniter\CodeIgniter->handleRequest(null, Object(Config\Cache), false)
 4 FCPATH\index.php(79): CodeIgniter\CodeIgniter->run()
CRITICAL - 2023-12-13 17:15:41 --> Class "setasign\Fpdi" not found
in APPPATH\Controllers\BookController.php on line 79.
 1 SYSTEMPATH\CodeIgniter.php(942): App\Controllers\BookController->getBookPDF('1')
 2 SYSTEMPATH\CodeIgniter.php(502): CodeIgniter\CodeIgniter->runController(Object(App\Controllers\BookController))
 3 SYSTEMPATH\CodeIgniter.php(361): CodeIgniter\CodeIgniter->handleRequest(null, Object(Config\Cache), false)
 4 FCPATH\index.php(79): CodeIgniter\CodeIgniter->run()
CRITICAL - 2023-12-13 17:16:10 --> Class "setasign\Fpdi" not found
in APPPATH\Controllers\BookController.php on line 79.
 1 SYSTEMPATH\CodeIgniter.php(942): App\Controllers\BookController->getBookPDF('1')
 2 SYSTEMPATH\CodeIgniter.php(502): CodeIgniter\CodeIgniter->runController(Object(App\Controllers\BookController))
 3 SYSTEMPATH\CodeIgniter.php(361): CodeIgniter\CodeIgniter->handleRequest(null, Object(Config\Cache), false)
 4 FCPATH\index.php(79): CodeIgniter\CodeIgniter->run()
CRITICAL - 2023-12-13 17:17:34 --> Class "setasign\Fpdi" not found
in APPPATH\Controllers\BookController.php on line 79.
 1 SYSTEMPATH\CodeIgniter.php(942): App\Controllers\BookController->getBookPDF('1')
 2 SYSTEMPATH\CodeIgniter.php(502): CodeIgniter\CodeIgniter->runController(Object(App\Controllers\BookController))
 3 SYSTEMPATH\CodeIgniter.php(361): CodeIgniter\CodeIgniter->handleRequest(null, Object(Config\Cache), false)
 4 FCPATH\index.php(79): CodeIgniter\CodeIgniter->run()
CRITICAL - 2023-12-13 17:18:47 --> Class "setasign\Fpdi\Fpdi" not found
in APPPATH\Controllers\BookController.php on line 79.
 1 SYSTEMPATH\CodeIgniter.php(942): App\Controllers\BookController->getBookPDF('1')
 2 SYSTEMPATH\CodeIgniter.php(502): CodeIgniter\CodeIgniter->runController(Object(App\Controllers\BookController))
 3 SYSTEMPATH\CodeIgniter.php(361): CodeIgniter\CodeIgniter->handleRequest(null, Object(Config\Cache), false)
 4 FCPATH\index.php(79): CodeIgniter\CodeIgniter->run()
CRITICAL - 2023-12-13 17:19:23 --> Class "setasign\Fpdi\Fpdi" not found
in APPPATH\Controllers\BookController.php on line 79.
 1 SYSTEMPATH\CodeIgniter.php(942): App\Controllers\BookController->getBookPDF('1')
 2 SYSTEMPATH\CodeIgniter.php(502): CodeIgniter\CodeIgniter->runController(Object(App\Controllers\BookController))
 3 SYSTEMPATH\CodeIgniter.php(361): CodeIgniter\CodeIgniter->handleRequest(null, Object(Config\Cache), false)
 4 FCPATH\index.php(79): CodeIgniter\CodeIgniter->run()
CRITICAL - 2023-12-13 17:19:31 --> Class "setasign\Fpdi" not found
in APPPATH\Controllers\BookController.php on line 79.
 1 SYSTEMPATH\CodeIgniter.php(942): App\Controllers\BookController->getBookPDF('1')
 2 SYSTEMPATH\CodeIgniter.php(502): CodeIgniter\CodeIgniter->runController(Object(App\Controllers\BookController))
 3 SYSTEMPATH\CodeIgniter.php(361): CodeIgniter\CodeIgniter->handleRequest(null, Object(Config\Cache), false)
 4 FCPATH\index.php(79): CodeIgniter\CodeIgniter->run()
CRITICAL - 2023-12-13 17:19:33 --> Class "setasign\Fpdi" not found
in APPPATH\Controllers\BookController.php on line 79.
 1 SYSTEMPATH\CodeIgniter.php(942): App\Controllers\BookController->getBookPDF('1')
 2 SYSTEMPATH\CodeIgniter.php(502): CodeIgniter\CodeIgniter->runController(Object(App\Controllers\BookController))
 3 SYSTEMPATH\CodeIgniter.php(361): CodeIgniter\CodeIgniter->handleRequest(null, Object(Config\Cache), false)
 4 FCPATH\index.php(79): CodeIgniter\CodeIgniter->run()
CRITICAL - 2023-12-13 17:23:45 --> Class "setasign\Fpdi" not found
in APPPATH\Controllers\BookController.php on line 79.
 1 SYSTEMPATH\CodeIgniter.php(942): App\Controllers\BookController->getBookPDF('1')
 2 SYSTEMPATH\CodeIgniter.php(502): CodeIgniter\CodeIgniter->runController(Object(App\Controllers\BookController))
 3 SYSTEMPATH\CodeIgniter.php(361): CodeIgniter\CodeIgniter->handleRequest(null, Object(Config\Cache), false)
 4 FCPATH\index.php(79): CodeIgniter\CodeIgniter->run()
CRITICAL - 2023-12-13 17:28:37 --> Class "setasign\Fpdi" not found
in APPPATH\Controllers\BookController.php on line 79.
 1 SYSTEMPATH\CodeIgniter.php(942): App\Controllers\BookController->getBookPDF('1')
 2 SYSTEMPATH\CodeIgniter.php(502): CodeIgniter\CodeIgniter->runController(Object(App\Controllers\BookController))
 3 SYSTEMPATH\CodeIgniter.php(361): CodeIgniter\CodeIgniter->handleRequest(null, Object(Config\Cache), false)
 4 FCPATH\index.php(79): CodeIgniter\CodeIgniter->run()
CRITICAL - 2023-12-13 17:29:56 --> Class "setasign\Fpdi" not found
in APPPATH\Controllers\BookController.php on line 79.
 1 SYSTEMPATH\CodeIgniter.php(942): App\Controllers\BookController->getBookPDF('1')
 2 SYSTEMPATH\CodeIgniter.php(502): CodeIgniter\CodeIgniter->runController(Object(App\Controllers\BookController))
 3 SYSTEMPATH\CodeIgniter.php(361): CodeIgniter\CodeIgniter->handleRequest(null, Object(Config\Cache), false)
 4 FCPATH\index.php(79): CodeIgniter\CodeIgniter->run()
CRITICAL - 2023-12-13 17:33:13 --> Class "setasign\Fpdi\FpdfTpl" not found
in APPPATH\Controllers\BookController.php on line 79.
 1 SYSTEMPATH\CodeIgniter.php(942): App\Controllers\BookController->getBookPDF('1')
 2 SYSTEMPATH\CodeIgniter.php(502): CodeIgniter\CodeIgniter->runController(Object(App\Controllers\BookController))
 3 SYSTEMPATH\CodeIgniter.php(361): CodeIgniter\CodeIgniter->handleRequest(null, Object(Config\Cache), false)
 4 FCPATH\index.php(79): CodeIgniter\CodeIgniter->run()
CRITICAL - 2023-12-13 17:33:37 --> Class "setasign\Fpdi\FpdfTpl" not found
in APPPATH\Controllers\BookController.php on line 81.
 1 SYSTEMPATH\CodeIgniter.php(942): App\Controllers\BookController->getBookPDF('1')
 2 SYSTEMPATH\CodeIgniter.php(502): CodeIgniter\CodeIgniter->runController(Object(App\Controllers\BookController))
 3 SYSTEMPATH\CodeIgniter.php(361): CodeIgniter\CodeIgniter->handleRequest(null, Object(Config\Cache), false)
 4 FCPATH\index.php(79): CodeIgniter\CodeIgniter->run()
CRITICAL - 2023-12-13 17:37:25 --> Class "App\ThirdParty\Fpdi" not found
in APPPATH\Controllers\BookController.php on line 81.
 1 SYSTEMPATH\CodeIgniter.php(942): App\Controllers\BookController->getBookPDF('1')
 2 SYSTEMPATH\CodeIgniter.php(502): CodeIgniter\CodeIgniter->runController(Object(App\Controllers\BookController))
 3 SYSTEMPATH\CodeIgniter.php(361): CodeIgniter\CodeIgniter->handleRequest(null, Object(Config\Cache), false)
 4 FCPATH\index.php(79): CodeIgniter\CodeIgniter->run()
CRITICAL - 2023-12-13 17:40:05 --> Class "setasign\Fpdi\Tcpdf\Fpdi" not found
in APPPATH\Controllers\BookController.php on line 81.
 1 SYSTEMPATH\CodeIgniter.php(942): App\Controllers\BookController->getBookPDF('1')
 2 SYSTEMPATH\CodeIgniter.php(502): CodeIgniter\CodeIgniter->runController(Object(App\Controllers\BookController))
 3 SYSTEMPATH\CodeIgniter.php(361): CodeIgniter\CodeIgniter->handleRequest(null, Object(Config\Cache), false)
 4 FCPATH\index.php(79): CodeIgniter\CodeIgniter->run()
