CRITICAL - 2023-12-11 20:25:32 --> Call to undefined method App\Models\BookModel::group_by
in SYSTEMPATH\Model.php on line 873.
 1 APPPATH\Controllers\BookController.php(49): CodeIgniter\Model->__call('group_by', [...])
 2 SYSTEMPATH\CodeIgniter.php(942): App\Controllers\BookController->index()
 3 SYSTEMPATH\CodeIgniter.php(502): CodeIgniter\CodeIgniter->runController(Object(App\Controllers\BookController))
 4 SYSTEMPATH\CodeIgniter.php(361): CodeIgniter\CodeIgniter->handleRequest(null, Object(Config\Cache), false)
 5 FCPATH\index.php(79): CodeIgniter\CodeIgniter->run()
ERROR - 2023-12-11 20:27:00 --> mysqli_sql_exception: Unknown column 'c.Name' in 'field list' in D:\projects\biblioteka_cyfr\system\Database\MySQLi\Connection.php:306
Stack trace:
#0 D:\projects\biblioteka_cyfr\system\Database\MySQLi\Connection.php(306): mysqli->query('SELECT `books`....', 0)
#1 D:\projects\biblioteka_cyfr\system\Database\BaseConnection.php(693): CodeIgniter\Database\MySQLi\Connection->execute('SELECT `books`....')
#2 D:\projects\biblioteka_cyfr\system\Database\BaseConnection.php(607): CodeIgniter\Database\BaseConnection->simpleQuery('SELECT `books`....')
#3 D:\projects\biblioteka_cyfr\system\Database\BaseBuilder.php(1615): CodeIgniter\Database\BaseConnection->query('SELECT `books`....', Array, false)
#4 D:\projects\biblioteka_cyfr\system\Model.php(237): CodeIgniter\Database\BaseBuilder->get()
#5 D:\projects\biblioteka_cyfr\system\BaseModel.php(624): CodeIgniter\Model->doFindAll(0, 0)
#6 D:\projects\biblioteka_cyfr\app\Controllers\BookController.php(50): CodeIgniter\BaseModel->findAll()
#7 D:\projects\biblioteka_cyfr\system\CodeIgniter.php(942): App\Controllers\BookController->index()
#8 D:\projects\biblioteka_cyfr\system\CodeIgniter.php(502): CodeIgniter\CodeIgniter->runController(Object(App\Controllers\BookController))
#9 D:\projects\biblioteka_cyfr\system\CodeIgniter.php(361): CodeIgniter\CodeIgniter->handleRequest(NULL, Object(Config\Cache), false)
#10 D:\projects\biblioteka_cyfr\public\index.php(79): CodeIgniter\CodeIgniter->run()
#11 {main}
CRITICAL - 2023-12-11 20:27:00 --> Unknown column 'c.Name' in 'field list'
in SYSTEMPATH\Database\BaseConnection.php on line 647.
 1 SYSTEMPATH\Database\BaseBuilder.php(1615): CodeIgniter\Database\BaseConnection->query('SELECT `books`.`title`, `books`.`description`, `books`.`isbn`, GROUP_CONCAT(c.Name, \' \', c.surname ORDER BY c.Name SEPARATOR \', \') authors
FROM `books`
INNER JOIN `book_author` ON `books`.`id_book` = `book_author`.`id_book`
INNER JOIN `authors` ON `authors`.`id_author` = `book_author`.`id_author`
GROUP BY `books`.`book_id`, `book`.`Title`', [], false)
 2 SYSTEMPATH\Model.php(237): CodeIgniter\Database\BaseBuilder->get()
 3 SYSTEMPATH\BaseModel.php(624): CodeIgniter\Model->doFindAll(0, 0)
 4 APPPATH\Controllers\BookController.php(50): CodeIgniter\BaseModel->findAll()
 5 SYSTEMPATH\CodeIgniter.php(942): App\Controllers\BookController->index()
 6 SYSTEMPATH\CodeIgniter.php(502): CodeIgniter\CodeIgniter->runController(Object(App\Controllers\BookController))
 7 SYSTEMPATH\CodeIgniter.php(361): CodeIgniter\CodeIgniter->handleRequest(null, Object(Config\Cache), false)
 8 FCPATH\index.php(79): CodeIgniter\CodeIgniter->run()
ERROR - 2023-12-11 20:27:45 --> mysqli_sql_exception: Unknown column 'authors.id_author' in 'on clause' in D:\projects\biblioteka_cyfr\system\Database\MySQLi\Connection.php:306
Stack trace:
#0 D:\projects\biblioteka_cyfr\system\Database\MySQLi\Connection.php(306): mysqli->query('SELECT `books`....', 0)
#1 D:\projects\biblioteka_cyfr\system\Database\BaseConnection.php(693): CodeIgniter\Database\MySQLi\Connection->execute('SELECT `books`....')
#2 D:\projects\biblioteka_cyfr\system\Database\BaseConnection.php(607): CodeIgniter\Database\BaseConnection->simpleQuery('SELECT `books`....')
#3 D:\projects\biblioteka_cyfr\system\Database\BaseBuilder.php(1615): CodeIgniter\Database\BaseConnection->query('SELECT `books`....', Array, false)
#4 D:\projects\biblioteka_cyfr\system\Model.php(237): CodeIgniter\Database\BaseBuilder->get()
#5 D:\projects\biblioteka_cyfr\system\BaseModel.php(624): CodeIgniter\Model->doFindAll(0, 0)
#6 D:\projects\biblioteka_cyfr\app\Controllers\BookController.php(50): CodeIgniter\BaseModel->findAll()
#7 D:\projects\biblioteka_cyfr\system\CodeIgniter.php(942): App\Controllers\BookController->index()
#8 D:\projects\biblioteka_cyfr\system\CodeIgniter.php(502): CodeIgniter\CodeIgniter->runController(Object(App\Controllers\BookController))
#9 D:\projects\biblioteka_cyfr\system\CodeIgniter.php(361): CodeIgniter\CodeIgniter->handleRequest(NULL, Object(Config\Cache), false)
#10 D:\projects\biblioteka_cyfr\public\index.php(79): CodeIgniter\CodeIgniter->run()
#11 {main}
CRITICAL - 2023-12-11 20:27:45 --> Unknown column 'authors.id_author' in 'on clause'
in SYSTEMPATH\Database\BaseConnection.php on line 647.
 1 SYSTEMPATH\Database\BaseBuilder.php(1615): CodeIgniter\Database\BaseConnection->query('SELECT `books`.`title`, `books`.`description`, `books`.`isbn`, GROUP_CONCAT(authors.name, \' \', authors.surname ORDER BY authors.name SEPARATOR \', \') authors
FROM `books`
INNER JOIN `book_author` ON `books`.`id_book` = `book_author`.`id_book`
INNER JOIN `authors` ON `authors`.`id_author` = `book_author`.`id_author`
GROUP BY `books`.`book_id`, `book`.`Title`', [], false)
 2 SYSTEMPATH\Model.php(237): CodeIgniter\Database\BaseBuilder->get()
 3 SYSTEMPATH\BaseModel.php(624): CodeIgniter\Model->doFindAll(0, 0)
 4 APPPATH\Controllers\BookController.php(50): CodeIgniter\BaseModel->findAll()
 5 SYSTEMPATH\CodeIgniter.php(942): App\Controllers\BookController->index()
 6 SYSTEMPATH\CodeIgniter.php(502): CodeIgniter\CodeIgniter->runController(Object(App\Controllers\BookController))
 7 SYSTEMPATH\CodeIgniter.php(361): CodeIgniter\CodeIgniter->handleRequest(null, Object(Config\Cache), false)
 8 FCPATH\index.php(79): CodeIgniter\CodeIgniter->run()
ERROR - 2023-12-11 20:28:31 --> mysqli_sql_exception: Unknown column 'authors.id_author' in 'on clause' in D:\projects\biblioteka_cyfr\system\Database\MySQLi\Connection.php:306
Stack trace:
#0 D:\projects\biblioteka_cyfr\system\Database\MySQLi\Connection.php(306): mysqli->query('SELECT `books`....', 0)
#1 D:\projects\biblioteka_cyfr\system\Database\BaseConnection.php(693): CodeIgniter\Database\MySQLi\Connection->execute('SELECT `books`....')
#2 D:\projects\biblioteka_cyfr\system\Database\BaseConnection.php(607): CodeIgniter\Database\BaseConnection->simpleQuery('SELECT `books`....')
#3 D:\projects\biblioteka_cyfr\system\Database\BaseBuilder.php(1615): CodeIgniter\Database\BaseConnection->query('SELECT `books`....', Array, false)
#4 D:\projects\biblioteka_cyfr\system\Model.php(237): CodeIgniter\Database\BaseBuilder->get()
#5 D:\projects\biblioteka_cyfr\system\BaseModel.php(624): CodeIgniter\Model->doFindAll(0, 0)
#6 D:\projects\biblioteka_cyfr\app\Controllers\BookController.php(50): CodeIgniter\BaseModel->findAll()
#7 D:\projects\biblioteka_cyfr\system\CodeIgniter.php(942): App\Controllers\BookController->index()
#8 D:\projects\biblioteka_cyfr\system\CodeIgniter.php(502): CodeIgniter\CodeIgniter->runController(Object(App\Controllers\BookController))
#9 D:\projects\biblioteka_cyfr\system\CodeIgniter.php(361): CodeIgniter\CodeIgniter->handleRequest(NULL, Object(Config\Cache), false)
#10 D:\projects\biblioteka_cyfr\public\index.php(79): CodeIgniter\CodeIgniter->run()
#11 {main}
CRITICAL - 2023-12-11 20:28:31 --> Unknown column 'authors.id_author' in 'on clause'
in SYSTEMPATH\Database\BaseConnection.php on line 647.
 1 SYSTEMPATH\Database\BaseBuilder.php(1615): CodeIgniter\Database\BaseConnection->query('SELECT `books`.`title`, `books`.`description`, `books`.`isbn`, GROUP_CONCAT(authors.name, \' \', authors.surname ORDER BY authors.name SEPARATOR \', \') authors
FROM `books`
INNER JOIN `book_author` ON `books`.`id_book` = `book_author`.`book_id`
INNER JOIN `authors` ON `authors`.`id_author` = `book_author`.`author_id`
GROUP BY `books`.`book_id`, `book`.`Title`', [], false)
 2 SYSTEMPATH\Model.php(237): CodeIgniter\Database\BaseBuilder->get()
 3 SYSTEMPATH\BaseModel.php(624): CodeIgniter\Model->doFindAll(0, 0)
 4 APPPATH\Controllers\BookController.php(50): CodeIgniter\BaseModel->findAll()
 5 SYSTEMPATH\CodeIgniter.php(942): App\Controllers\BookController->index()
 6 SYSTEMPATH\CodeIgniter.php(502): CodeIgniter\CodeIgniter->runController(Object(App\Controllers\BookController))
 7 SYSTEMPATH\CodeIgniter.php(361): CodeIgniter\CodeIgniter->handleRequest(null, Object(Config\Cache), false)
 8 FCPATH\index.php(79): CodeIgniter\CodeIgniter->run()
ERROR - 2023-12-11 20:28:59 --> mysqli_sql_exception: Unknown column 'book.Title' in 'group statement' in D:\projects\biblioteka_cyfr\system\Database\MySQLi\Connection.php:306
Stack trace:
#0 D:\projects\biblioteka_cyfr\system\Database\MySQLi\Connection.php(306): mysqli->query('SELECT `books`....', 0)
#1 D:\projects\biblioteka_cyfr\system\Database\BaseConnection.php(693): CodeIgniter\Database\MySQLi\Connection->execute('SELECT `books`....')
#2 D:\projects\biblioteka_cyfr\system\Database\BaseConnection.php(607): CodeIgniter\Database\BaseConnection->simpleQuery('SELECT `books`....')
#3 D:\projects\biblioteka_cyfr\system\Database\BaseBuilder.php(1615): CodeIgniter\Database\BaseConnection->query('SELECT `books`....', Array, false)
#4 D:\projects\biblioteka_cyfr\system\Model.php(237): CodeIgniter\Database\BaseBuilder->get()
#5 D:\projects\biblioteka_cyfr\system\BaseModel.php(624): CodeIgniter\Model->doFindAll(0, 0)
#6 D:\projects\biblioteka_cyfr\app\Controllers\BookController.php(50): CodeIgniter\BaseModel->findAll()
#7 D:\projects\biblioteka_cyfr\system\CodeIgniter.php(942): App\Controllers\BookController->index()
#8 D:\projects\biblioteka_cyfr\system\CodeIgniter.php(502): CodeIgniter\CodeIgniter->runController(Object(App\Controllers\BookController))
#9 D:\projects\biblioteka_cyfr\system\CodeIgniter.php(361): CodeIgniter\CodeIgniter->handleRequest(NULL, Object(Config\Cache), false)
#10 D:\projects\biblioteka_cyfr\public\index.php(79): CodeIgniter\CodeIgniter->run()
#11 {main}
CRITICAL - 2023-12-11 20:28:59 --> Unknown column 'book.Title' in 'group statement'
in SYSTEMPATH\Database\BaseConnection.php on line 647.
 1 SYSTEMPATH\Database\BaseBuilder.php(1615): CodeIgniter\Database\BaseConnection->query('SELECT `books`.`title`, `books`.`description`, `books`.`isbn`, GROUP_CONCAT(authors.name, \' \', authors.surname ORDER BY authors.name SEPARATOR \', \') authors
FROM `books`
INNER JOIN `book_author` ON `books`.`book_id` = `book_author`.`book_id`
INNER JOIN `authors` ON `authors`.`author_id` = `book_author`.`author_id`
GROUP BY `books`.`book_id`, `book`.`Title`', [], false)
 2 SYSTEMPATH\Model.php(237): CodeIgniter\Database\BaseBuilder->get()
 3 SYSTEMPATH\BaseModel.php(624): CodeIgniter\Model->doFindAll(0, 0)
 4 APPPATH\Controllers\BookController.php(50): CodeIgniter\BaseModel->findAll()
 5 SYSTEMPATH\CodeIgniter.php(942): App\Controllers\BookController->index()
 6 SYSTEMPATH\CodeIgniter.php(502): CodeIgniter\CodeIgniter->runController(Object(App\Controllers\BookController))
 7 SYSTEMPATH\CodeIgniter.php(361): CodeIgniter\CodeIgniter->handleRequest(null, Object(Config\Cache), false)
 8 FCPATH\index.php(79): CodeIgniter\CodeIgniter->run()
CRITICAL - 2023-12-11 20:29:16 --> Undefined property: stdClass::$img
in APPPATH\Views\bookList.php on line 14.
 1 APPPATH\Views\bookList.php(14): CodeIgniter\Debug\Exceptions->errorHandler(2, 'Undefined property: stdClass::$img', 'D:\\projects\\biblioteka_cyfr\\app\\Views\\bookList.php', 14)
 2 SYSTEMPATH\View\View.php(228): include('D:\\projects\\biblioteka_cyfr\\app\\Views\\bookList.php')
 3 SYSTEMPATH\View\View.php(231): CodeIgniter\View\View->CodeIgniter\View\{closure}()
 4 SYSTEMPATH\Common.php(1190): CodeIgniter\View\View->render('bookList', [], true)
 5 APPPATH\Controllers\BookController.php(66): view('bookList', [...])
 6 SYSTEMPATH\CodeIgniter.php(942): App\Controllers\BookController->index()
 7 SYSTEMPATH\CodeIgniter.php(502): CodeIgniter\CodeIgniter->runController(Object(App\Controllers\BookController))
 8 SYSTEMPATH\CodeIgniter.php(361): CodeIgniter\CodeIgniter->handleRequest(null, Object(Config\Cache), false)
 9 FCPATH\index.php(79): CodeIgniter\CodeIgniter->run()
CRITICAL - 2023-12-11 20:29:33 --> Undefined property: stdClass::$pages
in APPPATH\Views\bookList.php on line 34.
 1 APPPATH\Views\bookList.php(34): CodeIgniter\Debug\Exceptions->errorHandler(2, 'Undefined property: stdClass::$pages', 'D:\\projects\\biblioteka_cyfr\\app\\Views\\bookList.php', 34)
 2 SYSTEMPATH\View\View.php(228): include('D:\\projects\\biblioteka_cyfr\\app\\Views\\bookList.php')
 3 SYSTEMPATH\View\View.php(231): CodeIgniter\View\View->CodeIgniter\View\{closure}()
 4 SYSTEMPATH\Common.php(1190): CodeIgniter\View\View->render('bookList', [], true)
 5 APPPATH\Controllers\BookController.php(66): view('bookList', [...])
 6 SYSTEMPATH\CodeIgniter.php(942): App\Controllers\BookController->index()
 7 SYSTEMPATH\CodeIgniter.php(502): CodeIgniter\CodeIgniter->runController(Object(App\Controllers\BookController))
 8 SYSTEMPATH\CodeIgniter.php(361): CodeIgniter\CodeIgniter->handleRequest(null, Object(Config\Cache), false)
 9 FCPATH\index.php(79): CodeIgniter\CodeIgniter->run()
CRITICAL - 2023-12-11 20:30:42 --> Undefined property: stdClass::$publish_date
in APPPATH\Views\bookList.php on line 36.
 1 APPPATH\Views\bookList.php(36): CodeIgniter\Debug\Exceptions->errorHandler(2, 'Undefined property: stdClass::$publish_date', 'D:\\projects\\biblioteka_cyfr\\app\\Views\\bookList.php', 36)
 2 SYSTEMPATH\View\View.php(228): include('D:\\projects\\biblioteka_cyfr\\app\\Views\\bookList.php')
 3 SYSTEMPATH\View\View.php(231): CodeIgniter\View\View->CodeIgniter\View\{closure}()
 4 SYSTEMPATH\Common.php(1190): CodeIgniter\View\View->render('bookList', [], true)
 5 APPPATH\Controllers\BookController.php(63): view('bookList', [...])
 6 SYSTEMPATH\CodeIgniter.php(942): App\Controllers\BookController->index()
 7 SYSTEMPATH\CodeIgniter.php(502): CodeIgniter\CodeIgniter->runController(Object(App\Controllers\BookController))
 8 SYSTEMPATH\CodeIgniter.php(361): CodeIgniter\CodeIgniter->handleRequest(null, Object(Config\Cache), false)
 9 FCPATH\index.php(79): CodeIgniter\CodeIgniter->run()
CRITICAL - 2023-12-11 20:31:14 --> Undefined property: stdClass::$amount
in APPPATH\Views\bookList.php on line 38.
 1 APPPATH\Views\bookList.php(38): CodeIgniter\Debug\Exceptions->errorHandler(2, 'Undefined property: stdClass::$amount', 'D:\\projects\\biblioteka_cyfr\\app\\Views\\bookList.php', 38)
 2 SYSTEMPATH\View\View.php(228): include('D:\\projects\\biblioteka_cyfr\\app\\Views\\bookList.php')
 3 SYSTEMPATH\View\View.php(231): CodeIgniter\View\View->CodeIgniter\View\{closure}()
 4 SYSTEMPATH\Common.php(1190): CodeIgniter\View\View->render('bookList', [], true)
 5 APPPATH\Controllers\BookController.php(69): view('bookList', [...])
 6 SYSTEMPATH\CodeIgniter.php(942): App\Controllers\BookController->index()
 7 SYSTEMPATH\CodeIgniter.php(502): CodeIgniter\CodeIgniter->runController(Object(App\Controllers\BookController))
 8 SYSTEMPATH\CodeIgniter.php(361): CodeIgniter\CodeIgniter->handleRequest(null, Object(Config\Cache), false)
 9 FCPATH\index.php(79): CodeIgniter\CodeIgniter->run()
CRITICAL - 2023-12-11 20:31:30 --> Undefined property: stdClass::$book_id
in APPPATH\Views\bookList.php on line 42.
 1 APPPATH\Views\bookList.php(42): CodeIgniter\Debug\Exceptions->errorHandler(2, 'Undefined property: stdClass::$book_id', 'D:\\projects\\biblioteka_cyfr\\app\\Views\\bookList.php', 42)
 2 SYSTEMPATH\View\View.php(228): include('D:\\projects\\biblioteka_cyfr\\app\\Views\\bookList.php')
 3 SYSTEMPATH\View\View.php(231): CodeIgniter\View\View->CodeIgniter\View\{closure}()
 4 SYSTEMPATH\Common.php(1190): CodeIgniter\View\View->render('bookList', [], true)
 5 APPPATH\Controllers\BookController.php(70): view('bookList', [...])
 6 SYSTEMPATH\CodeIgniter.php(942): App\Controllers\BookController->index()
 7 SYSTEMPATH\CodeIgniter.php(502): CodeIgniter\CodeIgniter->runController(Object(App\Controllers\BookController))
 8 SYSTEMPATH\CodeIgniter.php(361): CodeIgniter\CodeIgniter->handleRequest(null, Object(Config\Cache), false)
 9 FCPATH\index.php(79): CodeIgniter\CodeIgniter->run()
CRITICAL - 2023-12-11 20:31:46 --> Call to a member function links() on null
in APPPATH\Views\bookList.php on line 55.
 1 SYSTEMPATH\View\View.php(228): include()
 2 SYSTEMPATH\View\View.php(231): CodeIgniter\View\View->CodeIgniter\View\{closure}()
 3 SYSTEMPATH\Common.php(1190): CodeIgniter\View\View->render('bookList', [], true)
 4 APPPATH\Controllers\BookController.php(71): view('bookList', [...])
 5 SYSTEMPATH\CodeIgniter.php(942): App\Controllers\BookController->index()
 6 SYSTEMPATH\CodeIgniter.php(502): CodeIgniter\CodeIgniter->runController(Object(App\Controllers\BookController))
 7 SYSTEMPATH\CodeIgniter.php(361): CodeIgniter\CodeIgniter->handleRequest(null, Object(Config\Cache), false)
 8 FCPATH\index.php(79): CodeIgniter\CodeIgniter->run()
CRITICAL - 2023-12-11 20:38:03 --> Call to a member function links() on null
in APPPATH\Views\bookList.php on line 55.
 1 SYSTEMPATH\View\View.php(228): include()
 2 SYSTEMPATH\View\View.php(231): CodeIgniter\View\View->CodeIgniter\View\{closure}()
 3 SYSTEMPATH\Common.php(1190): CodeIgniter\View\View->render('bookList', [], true)
 4 APPPATH\Controllers\BookController.php(59): view('bookList', [...])
 5 SYSTEMPATH\CodeIgniter.php(942): App\Controllers\BookController->index()
 6 SYSTEMPATH\CodeIgniter.php(502): CodeIgniter\CodeIgniter->runController(Object(App\Controllers\BookController))
 7 SYSTEMPATH\CodeIgniter.php(361): CodeIgniter\CodeIgniter->handleRequest(null, Object(Config\Cache), false)
 8 FCPATH\index.php(79): CodeIgniter\CodeIgniter->run()
CRITICAL - 2023-12-11 20:39:55 --> Undefined property: stdClass::$authors
in APPPATH\Views\bookList.php on line 23.
 1 APPPATH\Views\bookList.php(23): CodeIgniter\Debug\Exceptions->errorHandler(2, 'Undefined property: stdClass::$authors', 'D:\\projects\\biblioteka_cyfr\\app\\Views\\bookList.php', 23)
 2 SYSTEMPATH\View\View.php(228): include('D:\\projects\\biblioteka_cyfr\\app\\Views\\bookList.php')
 3 SYSTEMPATH\View\View.php(231): CodeIgniter\View\View->CodeIgniter\View\{closure}()
 4 SYSTEMPATH\Common.php(1190): CodeIgniter\View\View->render('bookList', [], true)
 5 APPPATH\Controllers\BookController.php(58): view('bookList', [...])
 6 SYSTEMPATH\CodeIgniter.php(942): App\Controllers\BookController->index()
 7 SYSTEMPATH\CodeIgniter.php(502): CodeIgniter\CodeIgniter->runController(Object(App\Controllers\BookController))
 8 SYSTEMPATH\CodeIgniter.php(361): CodeIgniter\CodeIgniter->handleRequest(null, Object(Config\Cache), false)
 9 FCPATH\index.php(79): CodeIgniter\CodeIgniter->run()
CRITICAL - 2023-12-11 20:41:03 --> Undefined property: stdClass::$authors
in APPPATH\Views\bookList.php on line 23.
 1 APPPATH\Views\bookList.php(23): CodeIgniter\Debug\Exceptions->errorHandler(2, 'Undefined property: stdClass::$authors', 'D:\\projects\\biblioteka_cyfr\\app\\Views\\bookList.php', 23)
 2 SYSTEMPATH\View\View.php(228): include('D:\\projects\\biblioteka_cyfr\\app\\Views\\bookList.php')
 3 SYSTEMPATH\View\View.php(231): CodeIgniter\View\View->CodeIgniter\View\{closure}()
 4 SYSTEMPATH\Common.php(1190): CodeIgniter\View\View->render('bookList', [], true)
 5 APPPATH\Controllers\BookController.php(58): view('bookList', [...])
 6 SYSTEMPATH\CodeIgniter.php(942): App\Controllers\BookController->index()
 7 SYSTEMPATH\CodeIgniter.php(502): CodeIgniter\CodeIgniter->runController(Object(App\Controllers\BookController))
 8 SYSTEMPATH\CodeIgniter.php(361): CodeIgniter\CodeIgniter->handleRequest(null, Object(Config\Cache), false)
 9 FCPATH\index.php(79): CodeIgniter\CodeIgniter->run()
CRITICAL - 2023-12-11 20:42:47 --> Undefined property: stdClass::$authorss
in APPPATH\Views\bookList.php on line 23.
 1 APPPATH\Views\bookList.php(23): CodeIgniter\Debug\Exceptions->errorHandler(2, 'Undefined property: stdClass::$authorss', 'D:\\projects\\biblioteka_cyfr\\app\\Views\\bookList.php', 23)
 2 SYSTEMPATH\View\View.php(228): include('D:\\projects\\biblioteka_cyfr\\app\\Views\\bookList.php')
 3 SYSTEMPATH\View\View.php(231): CodeIgniter\View\View->CodeIgniter\View\{closure}()
 4 SYSTEMPATH\Common.php(1190): CodeIgniter\View\View->render('bookList', [], true)
 5 APPPATH\Controllers\BookController.php(58): view('bookList', [...])
 6 SYSTEMPATH\CodeIgniter.php(942): App\Controllers\BookController->index()
 7 SYSTEMPATH\CodeIgniter.php(502): CodeIgniter\CodeIgniter->runController(Object(App\Controllers\BookController))
 8 SYSTEMPATH\CodeIgniter.php(361): CodeIgniter\CodeIgniter->handleRequest(null, Object(Config\Cache), false)
 9 FCPATH\index.php(79): CodeIgniter\CodeIgniter->run()
CRITICAL - 2023-12-11 20:42:49 --> Undefined property: stdClass::$authorss
in APPPATH\Views\bookList.php on line 23.
 1 APPPATH\Views\bookList.php(23): CodeIgniter\Debug\Exceptions->errorHandler(2, 'Undefined property: stdClass::$authorss', 'D:\\projects\\biblioteka_cyfr\\app\\Views\\bookList.php', 23)
 2 SYSTEMPATH\View\View.php(228): include('D:\\projects\\biblioteka_cyfr\\app\\Views\\bookList.php')
 3 SYSTEMPATH\View\View.php(231): CodeIgniter\View\View->CodeIgniter\View\{closure}()
 4 SYSTEMPATH\Common.php(1190): CodeIgniter\View\View->render('bookList', [], true)
 5 APPPATH\Controllers\BookController.php(58): view('bookList', [...])
 6 SYSTEMPATH\CodeIgniter.php(942): App\Controllers\BookController->index()
 7 SYSTEMPATH\CodeIgniter.php(502): CodeIgniter\CodeIgniter->runController(Object(App\Controllers\BookController))
 8 SYSTEMPATH\CodeIgniter.php(361): CodeIgniter\CodeIgniter->handleRequest(null, Object(Config\Cache), false)
 9 FCPATH\index.php(79): CodeIgniter\CodeIgniter->run()
CRITICAL - 2023-12-11 20:43:59 --> Undefined property: stdClass::$authorss
in APPPATH\Views\bookList.php on line 22.
 1 APPPATH\Views\bookList.php(22): CodeIgniter\Debug\Exceptions->errorHandler(2, 'Undefined property: stdClass::$authorss', 'D:\\projects\\biblioteka_cyfr\\app\\Views\\bookList.php', 22)
 2 SYSTEMPATH\View\View.php(228): include('D:\\projects\\biblioteka_cyfr\\app\\Views\\bookList.php')
 3 SYSTEMPATH\View\View.php(231): CodeIgniter\View\View->CodeIgniter\View\{closure}()
 4 SYSTEMPATH\Common.php(1190): CodeIgniter\View\View->render('bookList', [], true)
 5 APPPATH\Controllers\BookController.php(58): view('bookList', [...])
 6 SYSTEMPATH\CodeIgniter.php(942): App\Controllers\BookController->index()
 7 SYSTEMPATH\CodeIgniter.php(502): CodeIgniter\CodeIgniter->runController(Object(App\Controllers\BookController))
 8 SYSTEMPATH\CodeIgniter.php(361): CodeIgniter\CodeIgniter->handleRequest(null, Object(Config\Cache), false)
 9 FCPATH\index.php(79): CodeIgniter\CodeIgniter->run()
CRITICAL - 2023-12-11 20:45:15 --> Undefined variable $query
in APPPATH\Views\bookList.php on line 22.
 1 APPPATH\Views\bookList.php(22): CodeIgniter\Debug\Exceptions->errorHandler(2, 'Undefined variable $query', 'D:\\projects\\biblioteka_cyfr\\app\\Views\\bookList.php', 22)
 2 SYSTEMPATH\View\View.php(228): include('D:\\projects\\biblioteka_cyfr\\app\\Views\\bookList.php')
 3 SYSTEMPATH\View\View.php(231): CodeIgniter\View\View->CodeIgniter\View\{closure}()
 4 SYSTEMPATH\Common.php(1190): CodeIgniter\View\View->render('bookList', [], true)
 5 APPPATH\Controllers\BookController.php(58): view('bookList', [...])
 6 SYSTEMPATH\CodeIgniter.php(942): App\Controllers\BookController->index()
 7 SYSTEMPATH\CodeIgniter.php(502): CodeIgniter\CodeIgniter->runController(Object(App\Controllers\BookController))
 8 SYSTEMPATH\CodeIgniter.php(361): CodeIgniter\CodeIgniter->handleRequest(null, Object(Config\Cache), false)
 9 FCPATH\index.php(79): CodeIgniter\CodeIgniter->run()
CRITICAL - 2023-12-11 20:48:09 --> Undefined variable $text
in APPPATH\Views\bookList.php on line 5.
 1 APPPATH\Views\bookList.php(5): CodeIgniter\Debug\Exceptions->errorHandler(2, 'Undefined variable $text', 'D:\\projects\\biblioteka_cyfr\\app\\Views\\bookList.php', 5)
 2 SYSTEMPATH\View\View.php(228): include('D:\\projects\\biblioteka_cyfr\\app\\Views\\bookList.php')
 3 SYSTEMPATH\View\View.php(231): CodeIgniter\View\View->CodeIgniter\View\{closure}()
 4 SYSTEMPATH\Common.php(1190): CodeIgniter\View\View->render('bookList', [], true)
 5 APPPATH\Controllers\BookController.php(58): view('bookList', [...])
 6 SYSTEMPATH\CodeIgniter.php(942): App\Controllers\BookController->index()
 7 SYSTEMPATH\CodeIgniter.php(502): CodeIgniter\CodeIgniter->runController(Object(App\Controllers\BookController))
 8 SYSTEMPATH\CodeIgniter.php(361): CodeIgniter\CodeIgniter->handleRequest(null, Object(Config\Cache), false)
 9 FCPATH\index.php(79): CodeIgniter\CodeIgniter->run()
CRITICAL - 2023-12-11 21:25:12 --> Attempt to read property "img" on array
in APPPATH\Views\bookList.php on line 14.
 1 APPPATH\Views\bookList.php(14): CodeIgniter\Debug\Exceptions->errorHandler(2, 'Attempt to read property "img" on array', 'D:\\projects\\biblioteka_cyfr\\app\\Views\\bookList.php', 14)
 2 SYSTEMPATH\View\View.php(228): include('D:\\projects\\biblioteka_cyfr\\app\\Views\\bookList.php')
 3 SYSTEMPATH\View\View.php(231): CodeIgniter\View\View->CodeIgniter\View\{closure}()
 4 SYSTEMPATH\Common.php(1190): CodeIgniter\View\View->render('bookList', [], true)
 5 APPPATH\Controllers\BookController.php(59): view('bookList', [...])
 6 SYSTEMPATH\CodeIgniter.php(942): App\Controllers\BookController->index()
 7 SYSTEMPATH\CodeIgniter.php(502): CodeIgniter\CodeIgniter->runController(Object(App\Controllers\BookController))
 8 SYSTEMPATH\CodeIgniter.php(361): CodeIgniter\CodeIgniter->handleRequest(null, Object(Config\Cache), false)
 9 FCPATH\index.php(79): CodeIgniter\CodeIgniter->run()
CRITICAL - 2023-12-11 21:26:28 --> Attempt to read property "img" on array
in APPPATH\Views\bookList.php on line 14.
 1 APPPATH\Views\bookList.php(14): CodeIgniter\Debug\Exceptions->errorHandler(2, 'Attempt to read property "img" on array', 'D:\\projects\\biblioteka_cyfr\\app\\Views\\bookList.php', 14)
 2 SYSTEMPATH\View\View.php(228): include('D:\\projects\\biblioteka_cyfr\\app\\Views\\bookList.php')
 3 SYSTEMPATH\View\View.php(231): CodeIgniter\View\View->CodeIgniter\View\{closure}()
 4 SYSTEMPATH\Common.php(1190): CodeIgniter\View\View->render('bookList', [], true)
 5 APPPATH\Controllers\BookController.php(59): view('bookList', [...])
 6 SYSTEMPATH\CodeIgniter.php(942): App\Controllers\BookController->index()
 7 SYSTEMPATH\CodeIgniter.php(502): CodeIgniter\CodeIgniter->runController(Object(App\Controllers\BookController))
 8 SYSTEMPATH\CodeIgniter.php(361): CodeIgniter\CodeIgniter->handleRequest(null, Object(Config\Cache), false)
 9 FCPATH\index.php(79): CodeIgniter\CodeIgniter->run()
CRITICAL - 2023-12-11 21:31:12 --> Attempt to read property "img" on array
in APPPATH\Views\bookList.php on line 14.
 1 APPPATH\Views\bookList.php(14): CodeIgniter\Debug\Exceptions->errorHandler(2, 'Attempt to read property "img" on array', 'D:\\projects\\biblioteka_cyfr\\app\\Views\\bookList.php', 14)
 2 SYSTEMPATH\View\View.php(228): include('D:\\projects\\biblioteka_cyfr\\app\\Views\\bookList.php')
 3 SYSTEMPATH\View\View.php(231): CodeIgniter\View\View->CodeIgniter\View\{closure}()
 4 SYSTEMPATH\Common.php(1190): CodeIgniter\View\View->render('bookList', [], true)
 5 APPPATH\Controllers\BookController.php(59): view('bookList', [...])
 6 SYSTEMPATH\CodeIgniter.php(942): App\Controllers\BookController->index()
 7 SYSTEMPATH\CodeIgniter.php(502): CodeIgniter\CodeIgniter->runController(Object(App\Controllers\BookController))
 8 SYSTEMPATH\CodeIgniter.php(361): CodeIgniter\CodeIgniter->handleRequest(null, Object(Config\Cache), false)
 9 FCPATH\index.php(79): CodeIgniter\CodeIgniter->run()
CRITICAL - 2023-12-11 21:31:31 --> Call to undefined method App\Models\BookModel::getAll
in SYSTEMPATH\Model.php on line 873.
 1 APPPATH\Controllers\BookController.php(45): CodeIgniter\Model->__call('getAll', [])
 2 SYSTEMPATH\CodeIgniter.php(942): App\Controllers\BookController->index()
 3 SYSTEMPATH\CodeIgniter.php(502): CodeIgniter\CodeIgniter->runController(Object(App\Controllers\BookController))
 4 SYSTEMPATH\CodeIgniter.php(361): CodeIgniter\CodeIgniter->handleRequest(null, Object(Config\Cache), false)
 5 FCPATH\index.php(79): CodeIgniter\CodeIgniter->run()
CRITICAL - 2023-12-11 21:39:14 --> syntax error, unexpected variable "$builder"
in APPPATH\Controllers\BookController.php on line 27.
 1 SYSTEMPATH\Autoloader\Autoloader.php(291): CodeIgniter\Autoloader\Autoloader->includeFile('D:\\projects\\biblioteka_cyfr\\app\\Controllers\\BookController.php')
 2 SYSTEMPATH\Autoloader\Autoloader.php(269): CodeIgniter\Autoloader\Autoloader->loadInNamespace('App\\Controllers\\BookController')
 3 [internal function]: CodeIgniter\Autoloader\Autoloader->loadClass('App\\Controllers\\BookController')
 4 SYSTEMPATH\CodeIgniter.php(900): class_exists('\\App\\Controllers\\BookController', true)
 5 SYSTEMPATH\CodeIgniter.php(489): CodeIgniter\CodeIgniter->startController()
 6 SYSTEMPATH\CodeIgniter.php(361): CodeIgniter\CodeIgniter->handleRequest(null, Object(Config\Cache), false)
 7 FCPATH\index.php(79): CodeIgniter\CodeIgniter->run()
CRITICAL - 2023-12-11 21:39:42 --> Undefined variable $perPage
in APPPATH\Controllers\BookController.php on line 13.
 1 APPPATH\Controllers\BookController.php(13): CodeIgniter\Debug\Exceptions->errorHandler(2, 'Undefined variable $perPage', 'D:\\projects\\biblioteka_cyfr\\app\\Controllers\\BookController.php', 13)
 2 SYSTEMPATH\CodeIgniter.php(942): App\Controllers\BookController->index()
 3 SYSTEMPATH\CodeIgniter.php(502): CodeIgniter\CodeIgniter->runController(Object(App\Controllers\BookController))
 4 SYSTEMPATH\CodeIgniter.php(361): CodeIgniter\CodeIgniter->handleRequest(null, Object(Config\Cache), false)
 5 FCPATH\index.php(79): CodeIgniter\CodeIgniter->run()
ERROR - 2023-12-11 21:50:05 --> mysqli_sql_exception: Column 'book_id' in where clause is ambiguous in D:\projects\biblioteka_cyfr\system\Database\MySQLi\Connection.php:306
Stack trace:
#0 D:\projects\biblioteka_cyfr\system\Database\MySQLi\Connection.php(306): mysqli->query('SELECT `books`....', 0)
#1 D:\projects\biblioteka_cyfr\system\Database\BaseConnection.php(693): CodeIgniter\Database\MySQLi\Connection->execute('SELECT `books`....')
#2 D:\projects\biblioteka_cyfr\system\Database\BaseConnection.php(607): CodeIgniter\Database\BaseConnection->simpleQuery('SELECT `books`....')
#3 D:\projects\biblioteka_cyfr\system\Database\BaseBuilder.php(1615): CodeIgniter\Database\BaseConnection->query('SELECT `books`....', Array, false)
#4 D:\projects\biblioteka_cyfr\app\Controllers\BookController.php(70): CodeIgniter\Database\BaseBuilder->get()
#5 D:\projects\biblioteka_cyfr\system\CodeIgniter.php(942): App\Controllers\BookController->getBook('1')
#6 D:\projects\biblioteka_cyfr\system\CodeIgniter.php(502): CodeIgniter\CodeIgniter->runController(Object(App\Controllers\BookController))
#7 D:\projects\biblioteka_cyfr\system\CodeIgniter.php(361): CodeIgniter\CodeIgniter->handleRequest(NULL, Object(Config\Cache), false)
#8 D:\projects\biblioteka_cyfr\public\index.php(79): CodeIgniter\CodeIgniter->run()
#9 {main}
CRITICAL - 2023-12-11 21:50:05 --> Column 'book_id' in where clause is ambiguous
in SYSTEMPATH\Database\BaseConnection.php on line 647.
 1 SYSTEMPATH\Database\BaseBuilder.php(1615): CodeIgniter\Database\BaseConnection->query('SELECT `books`.`book_id`, `books`.`title`, `books`.`description`, `books`.`isbn`, `books`.`img`, `books`.`pages`, `books`.`publish_date`, `books`.`amount`, GROUP_CONCAT(authors.name, \' \', authors.surname ORDER BY authors.name SEPARATOR \', \') as authors
FROM `books`
LEFT JOIN `book_author` ON `books`.`book_id` = `book_author`.`book_id`
LEFT JOIN `authors` ON `authors`.`author_id` = `book_author`.`author_id`
WHERE `book_id` = :book_id:
GROUP BY `books`.`book_id`, `books`.`title`', [...], false)
 2 APPPATH\Controllers\BookController.php(70): CodeIgniter\Database\BaseBuilder->get()
 3 SYSTEMPATH\CodeIgniter.php(942): App\Controllers\BookController->getBook('1')
 4 SYSTEMPATH\CodeIgniter.php(502): CodeIgniter\CodeIgniter->runController(Object(App\Controllers\BookController))
 5 SYSTEMPATH\CodeIgniter.php(361): CodeIgniter\CodeIgniter->handleRequest(null, Object(Config\Cache), false)
 6 FCPATH\index.php(79): CodeIgniter\CodeIgniter->run()
ERROR - 2023-12-11 21:50:26 --> mysqli_sql_exception: Unknown column 'book.book_id' in 'where clause' in D:\projects\biblioteka_cyfr\system\Database\MySQLi\Connection.php:306
Stack trace:
#0 D:\projects\biblioteka_cyfr\system\Database\MySQLi\Connection.php(306): mysqli->query('SELECT `books`....', 0)
#1 D:\projects\biblioteka_cyfr\system\Database\BaseConnection.php(693): CodeIgniter\Database\MySQLi\Connection->execute('SELECT `books`....')
#2 D:\projects\biblioteka_cyfr\system\Database\BaseConnection.php(607): CodeIgniter\Database\BaseConnection->simpleQuery('SELECT `books`....')
#3 D:\projects\biblioteka_cyfr\system\Database\BaseBuilder.php(1615): CodeIgniter\Database\BaseConnection->query('SELECT `books`....', Array, false)
#4 D:\projects\biblioteka_cyfr\app\Controllers\BookController.php(70): CodeIgniter\Database\BaseBuilder->get()
#5 D:\projects\biblioteka_cyfr\system\CodeIgniter.php(942): App\Controllers\BookController->getBook('1')
#6 D:\projects\biblioteka_cyfr\system\CodeIgniter.php(502): CodeIgniter\CodeIgniter->runController(Object(App\Controllers\BookController))
#7 D:\projects\biblioteka_cyfr\system\CodeIgniter.php(361): CodeIgniter\CodeIgniter->handleRequest(NULL, Object(Config\Cache), false)
#8 D:\projects\biblioteka_cyfr\public\index.php(79): CodeIgniter\CodeIgniter->run()
#9 {main}
CRITICAL - 2023-12-11 21:50:26 --> Unknown column 'book.book_id' in 'where clause'
in SYSTEMPATH\Database\BaseConnection.php on line 647.
 1 SYSTEMPATH\Database\BaseBuilder.php(1615): CodeIgniter\Database\BaseConnection->query('SELECT `books`.`book_id`, `books`.`title`, `books`.`description`, `books`.`isbn`, `books`.`img`, `books`.`pages`, `books`.`publish_date`, `books`.`amount`, GROUP_CONCAT(authors.name, \' \', authors.surname ORDER BY authors.name SEPARATOR \', \') as authors
FROM `books`
LEFT JOIN `book_author` ON `books`.`book_id` = `book_author`.`book_id`
LEFT JOIN `authors` ON `authors`.`author_id` = `book_author`.`author_id`
WHERE `book`.`book_id` = :book.book_id:
GROUP BY `books`.`book_id`, `books`.`title`', [...], false)
 2 APPPATH\Controllers\BookController.php(70): CodeIgniter\Database\BaseBuilder->get()
 3 SYSTEMPATH\CodeIgniter.php(942): App\Controllers\BookController->getBook('1')
 4 SYSTEMPATH\CodeIgniter.php(502): CodeIgniter\CodeIgniter->runController(Object(App\Controllers\BookController))
 5 SYSTEMPATH\CodeIgniter.php(361): CodeIgniter\CodeIgniter->handleRequest(null, Object(Config\Cache), false)
 6 FCPATH\index.php(79): CodeIgniter\CodeIgniter->run()
ERROR - 2023-12-11 21:50:49 --> mysqli_sql_exception: Column 'book_id' in where clause is ambiguous in D:\projects\biblioteka_cyfr\system\Database\MySQLi\Connection.php:306
Stack trace:
#0 D:\projects\biblioteka_cyfr\system\Database\MySQLi\Connection.php(306): mysqli->query('SELECT `books`....', 0)
#1 D:\projects\biblioteka_cyfr\system\Database\BaseConnection.php(693): CodeIgniter\Database\MySQLi\Connection->execute('SELECT `books`....')
#2 D:\projects\biblioteka_cyfr\system\Database\BaseConnection.php(607): CodeIgniter\Database\BaseConnection->simpleQuery('SELECT `books`....')
#3 D:\projects\biblioteka_cyfr\system\Database\BaseBuilder.php(1615): CodeIgniter\Database\BaseConnection->query('SELECT `books`....', Array, false)
#4 D:\projects\biblioteka_cyfr\app\Controllers\BookController.php(70): CodeIgniter\Database\BaseBuilder->get()
#5 D:\projects\biblioteka_cyfr\system\CodeIgniter.php(942): App\Controllers\BookController->getBook('1')
#6 D:\projects\biblioteka_cyfr\system\CodeIgniter.php(502): CodeIgniter\CodeIgniter->runController(Object(App\Controllers\BookController))
#7 D:\projects\biblioteka_cyfr\system\CodeIgniter.php(361): CodeIgniter\CodeIgniter->handleRequest(NULL, Object(Config\Cache), false)
#8 D:\projects\biblioteka_cyfr\public\index.php(79): CodeIgniter\CodeIgniter->run()
#9 {main}
CRITICAL - 2023-12-11 21:50:49 --> Column 'book_id' in where clause is ambiguous
in SYSTEMPATH\Database\BaseConnection.php on line 647.
 1 SYSTEMPATH\Database\BaseBuilder.php(1615): CodeIgniter\Database\BaseConnection->query('SELECT `books`.`book_id` as `book_id`, `books`.`title`, `books`.`description`, `books`.`isbn`, `books`.`img`, `books`.`pages`, `books`.`publish_date`, `books`.`amount`, GROUP_CONCAT(authors.name, \' \', authors.surname ORDER BY authors.name SEPARATOR \', \') as authors
FROM `books`
LEFT JOIN `book_author` ON `books`.`book_id` = `book_author`.`book_id`
LEFT JOIN `authors` ON `authors`.`author_id` = `book_author`.`author_id`
WHERE `book_id` = :book_id:
GROUP BY `books`.`book_id`, `books`.`title`', [...], false)
 2 APPPATH\Controllers\BookController.php(70): CodeIgniter\Database\BaseBuilder->get()
 3 SYSTEMPATH\CodeIgniter.php(942): App\Controllers\BookController->getBook('1')
 4 SYSTEMPATH\CodeIgniter.php(502): CodeIgniter\CodeIgniter->runController(Object(App\Controllers\BookController))
 5 SYSTEMPATH\CodeIgniter.php(361): CodeIgniter\CodeIgniter->handleRequest(null, Object(Config\Cache), false)
 6 FCPATH\index.php(79): CodeIgniter\CodeIgniter->run()
CRITICAL - 2023-12-11 21:51:05 --> Attempt to read property "title" on array
in APPPATH\Views\book.php on line 7.
 1 APPPATH\Views\book.php(7): CodeIgniter\Debug\Exceptions->errorHandler(2, 'Attempt to read property "title" on array', 'D:\\projects\\biblioteka_cyfr\\app\\Views\\book.php', 7)
 2 SYSTEMPATH\View\View.php(228): include('D:\\projects\\biblioteka_cyfr\\app\\Views\\book.php')
 3 SYSTEMPATH\View\View.php(231): CodeIgniter\View\View->CodeIgniter\View\{closure}()
 4 SYSTEMPATH\Common.php(1190): CodeIgniter\View\View->render('book', [], true)
 5 APPPATH\Controllers\BookController.php(75): view('book', [...])
 6 SYSTEMPATH\CodeIgniter.php(942): App\Controllers\BookController->getBook('1')
 7 SYSTEMPATH\CodeIgniter.php(502): CodeIgniter\CodeIgniter->runController(Object(App\Controllers\BookController))
 8 SYSTEMPATH\CodeIgniter.php(361): CodeIgniter\CodeIgniter->handleRequest(null, Object(Config\Cache), false)
 9 FCPATH\index.php(79): CodeIgniter\CodeIgniter->run()
CRITICAL - 2023-12-11 21:51:14 --> Attempt to read property "title" on array
in APPPATH\Views\book.php on line 7.
 1 APPPATH\Views\book.php(7): CodeIgniter\Debug\Exceptions->errorHandler(2, 'Attempt to read property "title" on array', 'D:\\projects\\biblioteka_cyfr\\app\\Views\\book.php', 7)
 2 SYSTEMPATH\View\View.php(228): include('D:\\projects\\biblioteka_cyfr\\app\\Views\\book.php')
 3 SYSTEMPATH\View\View.php(231): CodeIgniter\View\View->CodeIgniter\View\{closure}()
 4 SYSTEMPATH\Common.php(1190): CodeIgniter\View\View->render('book', [], true)
 5 APPPATH\Controllers\BookController.php(75): view('book', [...])
 6 SYSTEMPATH\CodeIgniter.php(942): App\Controllers\BookController->getBook('1')
 7 SYSTEMPATH\CodeIgniter.php(502): CodeIgniter\CodeIgniter->runController(Object(App\Controllers\BookController))
 8 SYSTEMPATH\CodeIgniter.php(361): CodeIgniter\CodeIgniter->handleRequest(null, Object(Config\Cache), false)
 9 FCPATH\index.php(79): CodeIgniter\CodeIgniter->run()
CRITICAL - 2023-12-11 21:51:15 --> Attempt to read property "title" on array
in APPPATH\Views\book.php on line 7.
 1 APPPATH\Views\book.php(7): CodeIgniter\Debug\Exceptions->errorHandler(2, 'Attempt to read property "title" on array', 'D:\\projects\\biblioteka_cyfr\\app\\Views\\book.php', 7)
 2 SYSTEMPATH\View\View.php(228): include('D:\\projects\\biblioteka_cyfr\\app\\Views\\book.php')
 3 SYSTEMPATH\View\View.php(231): CodeIgniter\View\View->CodeIgniter\View\{closure}()
 4 SYSTEMPATH\Common.php(1190): CodeIgniter\View\View->render('book', [], true)
 5 APPPATH\Controllers\BookController.php(75): view('book', [...])
 6 SYSTEMPATH\CodeIgniter.php(942): App\Controllers\BookController->getBook('1')
 7 SYSTEMPATH\CodeIgniter.php(502): CodeIgniter\CodeIgniter->runController(Object(App\Controllers\BookController))
 8 SYSTEMPATH\CodeIgniter.php(361): CodeIgniter\CodeIgniter->handleRequest(null, Object(Config\Cache), false)
 9 FCPATH\index.php(79): CodeIgniter\CodeIgniter->run()
CRITICAL - 2023-12-11 21:51:58 --> Attempt to read property "title" on array
in APPPATH\Views\book.php on line 7.
 1 APPPATH\Views\book.php(7): CodeIgniter\Debug\Exceptions->errorHandler(2, 'Attempt to read property "title" on array', 'D:\\projects\\biblioteka_cyfr\\app\\Views\\book.php', 7)
 2 SYSTEMPATH\View\View.php(228): include('D:\\projects\\biblioteka_cyfr\\app\\Views\\book.php')
 3 SYSTEMPATH\View\View.php(231): CodeIgniter\View\View->CodeIgniter\View\{closure}()
 4 SYSTEMPATH\Common.php(1190): CodeIgniter\View\View->render('book', [], true)
 5 APPPATH\Controllers\BookController.php(74): view('book', [...])
 6 SYSTEMPATH\CodeIgniter.php(942): App\Controllers\BookController->getBook('1')
 7 SYSTEMPATH\CodeIgniter.php(502): CodeIgniter\CodeIgniter->runController(Object(App\Controllers\BookController))
 8 SYSTEMPATH\CodeIgniter.php(361): CodeIgniter\CodeIgniter->handleRequest(null, Object(Config\Cache), false)
 9 FCPATH\index.php(79): CodeIgniter\CodeIgniter->run()
CRITICAL - 2023-12-11 21:52:34 --> Attempt to read property "title" on array
in APPPATH\Views\book.php on line 7.
 1 APPPATH\Views\book.php(7): CodeIgniter\Debug\Exceptions->errorHandler(2, 'Attempt to read property "title" on array', 'D:\\projects\\biblioteka_cyfr\\app\\Views\\book.php', 7)
 2 SYSTEMPATH\View\View.php(228): include('D:\\projects\\biblioteka_cyfr\\app\\Views\\book.php')
 3 SYSTEMPATH\View\View.php(231): CodeIgniter\View\View->CodeIgniter\View\{closure}()
 4 SYSTEMPATH\Common.php(1190): CodeIgniter\View\View->render('book', [], true)
 5 APPPATH\Controllers\BookController.php(71): view('book', [...])
 6 SYSTEMPATH\CodeIgniter.php(942): App\Controllers\BookController->getBook('1')
 7 SYSTEMPATH\CodeIgniter.php(502): CodeIgniter\CodeIgniter->runController(Object(App\Controllers\BookController))
 8 SYSTEMPATH\CodeIgniter.php(361): CodeIgniter\CodeIgniter->handleRequest(null, Object(Config\Cache), false)
 9 FCPATH\index.php(79): CodeIgniter\CodeIgniter->run()
CRITICAL - 2023-12-11 21:52:49 --> Attempt to read property "title" on array
in APPPATH\Views\book.php on line 7.
 1 APPPATH\Views\book.php(7): CodeIgniter\Debug\Exceptions->errorHandler(2, 'Attempt to read property "title" on array', 'D:\\projects\\biblioteka_cyfr\\app\\Views\\book.php', 7)
 2 SYSTEMPATH\View\View.php(228): include('D:\\projects\\biblioteka_cyfr\\app\\Views\\book.php')
 3 SYSTEMPATH\View\View.php(231): CodeIgniter\View\View->CodeIgniter\View\{closure}()
 4 SYSTEMPATH\Common.php(1190): CodeIgniter\View\View->render('book', [], true)
 5 APPPATH\Controllers\BookController.php(71): view('book', [...])
 6 SYSTEMPATH\CodeIgniter.php(942): App\Controllers\BookController->getBook('1')
 7 SYSTEMPATH\CodeIgniter.php(502): CodeIgniter\CodeIgniter->runController(Object(App\Controllers\BookController))
 8 SYSTEMPATH\CodeIgniter.php(361): CodeIgniter\CodeIgniter->handleRequest(null, Object(Config\Cache), false)
 9 FCPATH\index.php(79): CodeIgniter\CodeIgniter->run()
CRITICAL - 2023-12-11 21:52:56 --> Attempt to read property "title" on array
in APPPATH\Views\book.php on line 7.
 1 APPPATH\Views\book.php(7): CodeIgniter\Debug\Exceptions->errorHandler(2, 'Attempt to read property "title" on array', 'D:\\projects\\biblioteka_cyfr\\app\\Views\\book.php', 7)
 2 SYSTEMPATH\View\View.php(228): include('D:\\projects\\biblioteka_cyfr\\app\\Views\\book.php')
 3 SYSTEMPATH\View\View.php(231): CodeIgniter\View\View->CodeIgniter\View\{closure}()
 4 SYSTEMPATH\Common.php(1190): CodeIgniter\View\View->render('book', [], true)
 5 APPPATH\Controllers\BookController.php(71): view('book', [...])
 6 SYSTEMPATH\CodeIgniter.php(942): App\Controllers\BookController->getBook('1')
 7 SYSTEMPATH\CodeIgniter.php(502): CodeIgniter\CodeIgniter->runController(Object(App\Controllers\BookController))
 8 SYSTEMPATH\CodeIgniter.php(361): CodeIgniter\CodeIgniter->handleRequest(null, Object(Config\Cache), false)
 9 FCPATH\index.php(79): CodeIgniter\CodeIgniter->run()
CRITICAL - 2023-12-11 21:54:16 --> Attempt to read property "title" on array
in APPPATH\Views\book.php on line 7.
 1 APPPATH\Views\book.php(7): CodeIgniter\Debug\Exceptions->errorHandler(2, 'Attempt to read property "title" on array', 'D:\\projects\\biblioteka_cyfr\\app\\Views\\book.php', 7)
 2 SYSTEMPATH\View\View.php(228): include('D:\\projects\\biblioteka_cyfr\\app\\Views\\book.php')
 3 SYSTEMPATH\View\View.php(231): CodeIgniter\View\View->CodeIgniter\View\{closure}()
 4 SYSTEMPATH\Common.php(1190): CodeIgniter\View\View->render('book', [], true)
 5 APPPATH\Controllers\BookController.php(71): view('book', [...])
 6 SYSTEMPATH\CodeIgniter.php(942): App\Controllers\BookController->getBook('1')
 7 SYSTEMPATH\CodeIgniter.php(502): CodeIgniter\CodeIgniter->runController(Object(App\Controllers\BookController))
 8 SYSTEMPATH\CodeIgniter.php(361): CodeIgniter\CodeIgniter->handleRequest(null, Object(Config\Cache), false)
 9 FCPATH\index.php(79): CodeIgniter\CodeIgniter->run()
CRITICAL - 2023-12-11 21:54:18 --> Attempt to read property "title" on array
in APPPATH\Views\book.php on line 7.
 1 APPPATH\Views\book.php(7): CodeIgniter\Debug\Exceptions->errorHandler(2, 'Attempt to read property "title" on array', 'D:\\projects\\biblioteka_cyfr\\app\\Views\\book.php', 7)
 2 SYSTEMPATH\View\View.php(228): include('D:\\projects\\biblioteka_cyfr\\app\\Views\\book.php')
 3 SYSTEMPATH\View\View.php(231): CodeIgniter\View\View->CodeIgniter\View\{closure}()
 4 SYSTEMPATH\Common.php(1190): CodeIgniter\View\View->render('book', [], true)
 5 APPPATH\Controllers\BookController.php(71): view('book', [...])
 6 SYSTEMPATH\CodeIgniter.php(942): App\Controllers\BookController->getBook('1')
 7 SYSTEMPATH\CodeIgniter.php(502): CodeIgniter\CodeIgniter->runController(Object(App\Controllers\BookController))
 8 SYSTEMPATH\CodeIgniter.php(361): CodeIgniter\CodeIgniter->handleRequest(null, Object(Config\Cache), false)
 9 FCPATH\index.php(79): CodeIgniter\CodeIgniter->run()
CRITICAL - 2023-12-11 21:55:19 --> Call to undefined method stdClass::getResult()
in APPPATH\Controllers\BookController.php on line 68.
 1 SYSTEMPATH\CodeIgniter.php(942): App\Controllers\BookController->getBook('1')
 2 SYSTEMPATH\CodeIgniter.php(502): CodeIgniter\CodeIgniter->runController(Object(App\Controllers\BookController))
 3 SYSTEMPATH\CodeIgniter.php(361): CodeIgniter\CodeIgniter->handleRequest(null, Object(Config\Cache), false)
 4 FCPATH\index.php(79): CodeIgniter\CodeIgniter->run()
CRITICAL - 2023-12-11 21:55:40 --> Undefined property: stdClass::$name
in APPPATH\Views\book.php on line 22.
 1 APPPATH\Views\book.php(22): CodeIgniter\Debug\Exceptions->errorHandler(2, 'Undefined property: stdClass::$name', 'D:\\projects\\biblioteka_cyfr\\app\\Views\\book.php', 22)
 2 SYSTEMPATH\View\View.php(228): include('D:\\projects\\biblioteka_cyfr\\app\\Views\\book.php')
 3 SYSTEMPATH\View\View.php(231): CodeIgniter\View\View->CodeIgniter\View\{closure}()
 4 SYSTEMPATH\Common.php(1190): CodeIgniter\View\View->render('book', [], true)
 5 APPPATH\Controllers\BookController.php(71): view('book', [...])
 6 SYSTEMPATH\CodeIgniter.php(942): App\Controllers\BookController->getBook('1')
 7 SYSTEMPATH\CodeIgniter.php(502): CodeIgniter\CodeIgniter->runController(Object(App\Controllers\BookController))
 8 SYSTEMPATH\CodeIgniter.php(361): CodeIgniter\CodeIgniter->handleRequest(null, Object(Config\Cache), false)
 9 FCPATH\index.php(79): CodeIgniter\CodeIgniter->run()
CRITICAL - 2023-12-11 21:55:41 --> Undefined property: stdClass::$name
in APPPATH\Views\book.php on line 22.
 1 APPPATH\Views\book.php(22): CodeIgniter\Debug\Exceptions->errorHandler(2, 'Undefined property: stdClass::$name', 'D:\\projects\\biblioteka_cyfr\\app\\Views\\book.php', 22)
 2 SYSTEMPATH\View\View.php(228): include('D:\\projects\\biblioteka_cyfr\\app\\Views\\book.php')
 3 SYSTEMPATH\View\View.php(231): CodeIgniter\View\View->CodeIgniter\View\{closure}()
 4 SYSTEMPATH\Common.php(1190): CodeIgniter\View\View->render('book', [], true)
 5 APPPATH\Controllers\BookController.php(71): view('book', [...])
 6 SYSTEMPATH\CodeIgniter.php(942): App\Controllers\BookController->getBook('1')
 7 SYSTEMPATH\CodeIgniter.php(502): CodeIgniter\CodeIgniter->runController(Object(App\Controllers\BookController))
 8 SYSTEMPATH\CodeIgniter.php(361): CodeIgniter\CodeIgniter->handleRequest(null, Object(Config\Cache), false)
 9 FCPATH\index.php(79): CodeIgniter\CodeIgniter->run()
CRITICAL - 2023-12-11 21:56:02 --> Undefined property: stdClass::$type
in APPPATH\Views\book.php on line 36.
 1 APPPATH\Views\book.php(36): CodeIgniter\Debug\Exceptions->errorHandler(2, 'Undefined property: stdClass::$type', 'D:\\projects\\biblioteka_cyfr\\app\\Views\\book.php', 36)
 2 SYSTEMPATH\View\View.php(228): include('D:\\projects\\biblioteka_cyfr\\app\\Views\\book.php')
 3 SYSTEMPATH\View\View.php(231): CodeIgniter\View\View->CodeIgniter\View\{closure}()
 4 SYSTEMPATH\Common.php(1190): CodeIgniter\View\View->render('book', [], true)
 5 APPPATH\Controllers\BookController.php(71): view('book', [...])
 6 SYSTEMPATH\CodeIgniter.php(942): App\Controllers\BookController->getBook('1')
 7 SYSTEMPATH\CodeIgniter.php(502): CodeIgniter\CodeIgniter->runController(Object(App\Controllers\BookController))
 8 SYSTEMPATH\CodeIgniter.php(361): CodeIgniter\CodeIgniter->handleRequest(null, Object(Config\Cache), false)
 9 FCPATH\index.php(79): CodeIgniter\CodeIgniter->run()
CRITICAL - 2023-12-11 22:58:02 --> syntax error, unexpected identifier "book", expecting "," or ";"
in APPPATH\Views\book.php on line 48.
 1 SYSTEMPATH\View\View.php(231): CodeIgniter\View\View->CodeIgniter\View\{closure}()
 2 SYSTEMPATH\Common.php(1190): CodeIgniter\View\View->render('book', [], true)
 3 APPPATH\Controllers\BookController.php(73): view('book', [...])
 4 SYSTEMPATH\CodeIgniter.php(942): App\Controllers\BookController->getBook('1')
 5 SYSTEMPATH\CodeIgniter.php(502): CodeIgniter\CodeIgniter->runController(Object(App\Controllers\BookController))
 6 SYSTEMPATH\CodeIgniter.php(361): CodeIgniter\CodeIgniter->handleRequest(null, Object(Config\Cache), false)
 7 FCPATH\index.php(79): CodeIgniter\CodeIgniter->run()
CRITICAL - 2023-12-11 22:58:50 --> Undefined property: stdClass::$id
in APPPATH\Views\book.php on line 48.
 1 APPPATH\Views\book.php(48): CodeIgniter\Debug\Exceptions->errorHandler(2, 'Undefined property: stdClass::$id', 'D:\\projects\\biblioteka_cyfr\\app\\Views\\book.php', 48)
 2 SYSTEMPATH\View\View.php(228): include('D:\\projects\\biblioteka_cyfr\\app\\Views\\book.php')
 3 SYSTEMPATH\View\View.php(231): CodeIgniter\View\View->CodeIgniter\View\{closure}()
 4 SYSTEMPATH\Common.php(1190): CodeIgniter\View\View->render('book', [], true)
 5 APPPATH\Controllers\BookController.php(73): view('book', [...])
 6 SYSTEMPATH\CodeIgniter.php(942): App\Controllers\BookController->getBook('1')
 7 SYSTEMPATH\CodeIgniter.php(502): CodeIgniter\CodeIgniter->runController(Object(App\Controllers\BookController))
 8 SYSTEMPATH\CodeIgniter.php(361): CodeIgniter\CodeIgniter->handleRequest(null, Object(Config\Cache), false)
 9 FCPATH\index.php(79): CodeIgniter\CodeIgniter->run()
CRITICAL - 2023-12-11 23:00:14 --> include(D:\projects\biblioteka_cyfr\app\ThirdParty/font/helveticab.php): Failed to open stream: No such file or directory
in APPPATH\ThirdParty\fpdf.php on line 1137.
 1 APPPATH\ThirdParty\fpdf.php(1137): CodeIgniter\Debug\Exceptions->errorHandler(2, 'include(D:\\projects\\biblioteka_cyfr\\app\\ThirdParty/font/helveticab.php): Failed to open stream: No such file or directory', 'D:\\projects\\biblioteka_cyfr\\app\\ThirdParty\\fpdf.php', 1137)
 2 APPPATH\ThirdParty\fpdf.php(1137): include()
 3 APPPATH\ThirdParty\fpdf.php(461): App\ThirdParty\FPDF->_loadfont('D:\\projects\\biblioteka_cyfr\\app\\ThirdParty/font/helveticab.php')
 4 APPPATH\ThirdParty\fpdf.php(510): App\ThirdParty\FPDF->AddFont('helvetica', 'B')
 5 APPPATH\Controllers\BookController.php(83): App\ThirdParty\FPDF->SetFont('helvetica', 'B', 16)
 6 SYSTEMPATH\CodeIgniter.php(942): App\Controllers\BookController->getBookPDF('1')
 7 SYSTEMPATH\CodeIgniter.php(502): CodeIgniter\CodeIgniter->runController(Object(App\Controllers\BookController))
 8 SYSTEMPATH\CodeIgniter.php(361): CodeIgniter\CodeIgniter->handleRequest(null, Object(Config\Cache), false)
 9 FCPATH\index.php(79): CodeIgniter\CodeIgniter->run()
CRITICAL - 2023-12-11 23:00:33 --> Class "App\ThirdParty\Exception" not found
in APPPATH\ThirdParty\fpdf.php on line 267.
 1 APPPATH\ThirdParty\fpdf.php(630): App\ThirdParty\FPDF->Error('No font has been set')
 2 APPPATH\Controllers\BookController.php(83): App\ThirdParty\FPDF->Cell(40, 10, 'Hello World!')
 3 SYSTEMPATH\CodeIgniter.php(942): App\Controllers\BookController->getBookPDF('1')
 4 SYSTEMPATH\CodeIgniter.php(502): CodeIgniter\CodeIgniter->runController(Object(App\Controllers\BookController))
 5 SYSTEMPATH\CodeIgniter.php(361): CodeIgniter\CodeIgniter->handleRequest(null, Object(Config\Cache), false)
 6 FCPATH\index.php(79): CodeIgniter\CodeIgniter->run()
CRITICAL - 2023-12-11 23:02:49 --> Class "App\ThirdParty\Exception" not found
in APPPATH\ThirdParty\fpdf.php on line 267.
 1 APPPATH\ThirdParty\fpdf.php(630): App\ThirdParty\FPDF->Error('No font has been set')
 2 APPPATH\Controllers\BookController.php(83): App\ThirdParty\FPDF->Cell(40, 10, 'Hello World!')
 3 SYSTEMPATH\CodeIgniter.php(942): App\Controllers\BookController->getBookPDF('1')
 4 SYSTEMPATH\CodeIgniter.php(502): CodeIgniter\CodeIgniter->runController(Object(App\Controllers\BookController))
 5 SYSTEMPATH\CodeIgniter.php(361): CodeIgniter\CodeIgniter->handleRequest(null, Object(Config\Cache), false)
 6 FCPATH\index.php(79): CodeIgniter\CodeIgniter->run()
