CRITICAL - 2023-12-10 20:46:38 --> Undefined variable $data
in APPPATH\Views\user.php on line 2.
 1 APPPATH\Views\user.php(2): CodeIgniter\Debug\Exceptions->errorHandler(2, 'Undefined variable $data', 'D:\\projects\\biblioteka_cyfr\\app\\Views\\user.php', 2)
 2 SYSTEMPATH\View\View.php(228): include('D:\\projects\\biblioteka_cyfr\\app\\Views\\user.php')
 3 SYSTEMPATH\View\View.php(231): CodeIgniter\View\View->CodeIgniter\View\{closure}()
 4 SYSTEMPATH\Common.php(1190): CodeIgniter\View\View->render('user', [], true)
 5 APPPATH\Controllers\UserController.php(20): view('user', [...])
 6 SYSTEMPATH\CodeIgniter.php(942): App\Controllers\UserController->index('6')
 7 SYSTEMPATH\CodeIgniter.php(502): CodeIgniter\CodeIgniter->runController(Object(App\Controllers\UserController))
 8 SYSTEMPATH\CodeIgniter.php(361): CodeIgniter\CodeIgniter->handleRequest(null, Object(Config\Cache), false)
 9 FCPATH\index.php(79): CodeIgniter\CodeIgniter->run()
CRITICAL - 2023-12-10 20:48:33 --> foreach() argument must be of type array|object, null given
in APPPATH\Views\user.php on line 2.
 1 APPPATH\Views\user.php(2): CodeIgniter\Debug\Exceptions->errorHandler(2, 'foreach() argument must be of type array|object, null given', 'D:\\projects\\biblioteka_cyfr\\app\\Views\\user.php', 2)
 2 SYSTEMPATH\View\View.php(228): include('D:\\projects\\biblioteka_cyfr\\app\\Views\\user.php')
 3 SYSTEMPATH\View\View.php(231): CodeIgniter\View\View->CodeIgniter\View\{closure}()
 4 SYSTEMPATH\Common.php(1190): CodeIgniter\View\View->render('user', [], true)
 5 APPPATH\Controllers\UserController.php(20): view('user', [...])
 6 SYSTEMPATH\CodeIgniter.php(942): App\Controllers\UserController->index('6')
 7 SYSTEMPATH\CodeIgniter.php(502): CodeIgniter\CodeIgniter->runController(Object(App\Controllers\UserController))
 8 SYSTEMPATH\CodeIgniter.php(361): CodeIgniter\CodeIgniter->handleRequest(null, Object(Config\Cache), false)
 9 FCPATH\index.php(79): CodeIgniter\CodeIgniter->run()
CRITICAL - 2023-12-10 20:49:00 --> foreach() argument must be of type array|object, null given
in APPPATH\Views\user.php on line 2.
 1 APPPATH\Views\user.php(2): CodeIgniter\Debug\Exceptions->errorHandler(2, 'foreach() argument must be of type array|object, null given', 'D:\\projects\\biblioteka_cyfr\\app\\Views\\user.php', 2)
 2 SYSTEMPATH\View\View.php(228): include('D:\\projects\\biblioteka_cyfr\\app\\Views\\user.php')
 3 SYSTEMPATH\View\View.php(231): CodeIgniter\View\View->CodeIgniter\View\{closure}()
 4 SYSTEMPATH\Common.php(1190): CodeIgniter\View\View->render('user', [], true)
 5 APPPATH\Controllers\UserController.php(20): view('user', [...])
 6 SYSTEMPATH\CodeIgniter.php(942): App\Controllers\UserController->index('1')
 7 SYSTEMPATH\CodeIgniter.php(502): CodeIgniter\CodeIgniter->runController(Object(App\Controllers\UserController))
 8 SYSTEMPATH\CodeIgniter.php(361): CodeIgniter\CodeIgniter->handleRequest(null, Object(Config\Cache), false)
 9 FCPATH\index.php(79): CodeIgniter\CodeIgniter->run()
CRITICAL - 2023-12-10 20:49:05 --> foreach() argument must be of type array|object, null given
in APPPATH\Views\user.php on line 2.
 1 APPPATH\Views\user.php(2): CodeIgniter\Debug\Exceptions->errorHandler(2, 'foreach() argument must be of type array|object, null given', 'D:\\projects\\biblioteka_cyfr\\app\\Views\\user.php', 2)
 2 SYSTEMPATH\View\View.php(228): include('D:\\projects\\biblioteka_cyfr\\app\\Views\\user.php')
 3 SYSTEMPATH\View\View.php(231): CodeIgniter\View\View->CodeIgniter\View\{closure}()
 4 SYSTEMPATH\Common.php(1190): CodeIgniter\View\View->render('user', [], true)
 5 APPPATH\Controllers\UserController.php(20): view('user', [...])
 6 SYSTEMPATH\CodeIgniter.php(942): App\Controllers\UserController->index('6')
 7 SYSTEMPATH\CodeIgniter.php(502): CodeIgniter\CodeIgniter->runController(Object(App\Controllers\UserController))
 8 SYSTEMPATH\CodeIgniter.php(361): CodeIgniter\CodeIgniter->handleRequest(null, Object(Config\Cache), false)
 9 FCPATH\index.php(79): CodeIgniter\CodeIgniter->run()
CRITICAL - 2023-12-10 20:50:21 --> Attempt to read property "name" on string
in APPPATH\Views\user.php on line 10.
 1 APPPATH\Views\user.php(10): CodeIgniter\Debug\Exceptions->errorHandler(2, 'Attempt to read property "name" on string', 'D:\\projects\\biblioteka_cyfr\\app\\Views\\user.php', 10)
 2 SYSTEMPATH\View\View.php(228): include('D:\\projects\\biblioteka_cyfr\\app\\Views\\user.php')
 3 SYSTEMPATH\View\View.php(231): CodeIgniter\View\View->CodeIgniter\View\{closure}()
 4 SYSTEMPATH\Common.php(1190): CodeIgniter\View\View->render('user', [], true)
 5 APPPATH\Controllers\UserController.php(20): view('user', [...])
 6 SYSTEMPATH\CodeIgniter.php(942): App\Controllers\UserController->index('7')
 7 SYSTEMPATH\CodeIgniter.php(502): CodeIgniter\CodeIgniter->runController(Object(App\Controllers\UserController))
 8 SYSTEMPATH\CodeIgniter.php(361): CodeIgniter\CodeIgniter->handleRequest(null, Object(Config\Cache), false)
 9 FCPATH\index.php(79): CodeIgniter\CodeIgniter->run()
CRITICAL - 2023-12-10 20:51:25 --> Undefined variable $data
in APPPATH\Views\user.php on line 2.
 1 APPPATH\Views\user.php(2): CodeIgniter\Debug\Exceptions->errorHandler(2, 'Undefined variable $data', 'D:\\projects\\biblioteka_cyfr\\app\\Views\\user.php', 2)
 2 SYSTEMPATH\View\View.php(228): include('D:\\projects\\biblioteka_cyfr\\app\\Views\\user.php')
 3 SYSTEMPATH\View\View.php(231): CodeIgniter\View\View->CodeIgniter\View\{closure}()
 4 SYSTEMPATH\Common.php(1190): CodeIgniter\View\View->render('user', [], true)
 5 APPPATH\Controllers\UserController.php(14): view('user')
 6 SYSTEMPATH\CodeIgniter.php(942): App\Controllers\UserController->index('7')
 7 SYSTEMPATH\CodeIgniter.php(502): CodeIgniter\CodeIgniter->runController(Object(App\Controllers\UserController))
 8 SYSTEMPATH\CodeIgniter.php(361): CodeIgniter\CodeIgniter->handleRequest(null, Object(Config\Cache), false)
 9 FCPATH\index.php(79): CodeIgniter\CodeIgniter->run()
CRITICAL - 2023-12-10 20:55:26 --> Undefined property: stdClass::$surname
in APPPATH\Views\user.php on line 20.
 1 APPPATH\Views\user.php(20): CodeIgniter\Debug\Exceptions->errorHandler(2, 'Undefined property: stdClass::$surname', 'D:\\projects\\biblioteka_cyfr\\app\\Views\\user.php', 20)
 2 SYSTEMPATH\View\View.php(228): include('D:\\projects\\biblioteka_cyfr\\app\\Views\\user.php')
 3 SYSTEMPATH\View\View.php(231): CodeIgniter\View\View->CodeIgniter\View\{closure}()
 4 SYSTEMPATH\Common.php(1190): CodeIgniter\View\View->render('user', [], true)
 5 APPPATH\Controllers\UserController.php(14): view('user')
 6 SYSTEMPATH\CodeIgniter.php(942): App\Controllers\UserController->index('7')
 7 SYSTEMPATH\CodeIgniter.php(502): CodeIgniter\CodeIgniter->runController(Object(App\Controllers\UserController))
 8 SYSTEMPATH\CodeIgniter.php(361): CodeIgniter\CodeIgniter->handleRequest(null, Object(Config\Cache), false)
 9 FCPATH\index.php(79): CodeIgniter\CodeIgniter->run()
CRITICAL - 2023-12-10 21:06:23 --> Allowed fields must be specified for model: "App\Models\UserModel"
in SYSTEMPATH\BaseModel.php on line 1257.
 1 SYSTEMPATH\BaseModel.php(1257): CodeIgniter\Database\Exceptions\DataException::forInvalidAllowedFields('App\\Models\\UserModel')
 2 SYSTEMPATH\BaseModel.php(925): CodeIgniter\BaseModel->doProtectFields([...])
 3 SYSTEMPATH\Model.php(776): CodeIgniter\BaseModel->update([...], [...])
 4 APPPATH\Controllers\UserController.php(29): CodeIgniter\Model->update('', [...])
 5 SYSTEMPATH\CodeIgniter.php(942): App\Controllers\UserController->update()
 6 SYSTEMPATH\CodeIgniter.php(502): CodeIgniter\CodeIgniter->runController(Object(App\Controllers\UserController))
 7 SYSTEMPATH\CodeIgniter.php(361): CodeIgniter\CodeIgniter->handleRequest(null, Object(Config\Cache), false)
 8 FCPATH\index.php(79): CodeIgniter\CodeIgniter->run()
ERROR - 2023-12-10 21:07:33 --> mysqli_sql_exception: Unknown column 'phone' in 'field list' in D:\projects\biblioteka_cyfr\system\Database\MySQLi\Connection.php:306
Stack trace:
#0 D:\projects\biblioteka_cyfr\system\Database\MySQLi\Connection.php(306): mysqli->query('UPDATE `users` ...', 0)
#1 D:\projects\biblioteka_cyfr\system\Database\BaseConnection.php(693): CodeIgniter\Database\MySQLi\Connection->execute('UPDATE `users` ...')
#2 D:\projects\biblioteka_cyfr\system\Database\BaseConnection.php(607): CodeIgniter\Database\BaseConnection->simpleQuery('UPDATE `users` ...')
#3 D:\projects\biblioteka_cyfr\system\Database\BaseBuilder.php(2475): CodeIgniter\Database\BaseConnection->query('UPDATE `users` ...', Array, false)
#4 D:\projects\biblioteka_cyfr\system\Model.php(385): CodeIgniter\Database\BaseBuilder->update()
#5 D:\projects\biblioteka_cyfr\system\BaseModel.php(949): CodeIgniter\Model->doUpdate(Array, Array)
#6 D:\projects\biblioteka_cyfr\system\Model.php(776): CodeIgniter\BaseModel->update(Array, Array)
#7 D:\projects\biblioteka_cyfr\app\Controllers\UserController.php(29): CodeIgniter\Model->update('', Array)
#8 D:\projects\biblioteka_cyfr\system\CodeIgniter.php(942): App\Controllers\UserController->update()
#9 D:\projects\biblioteka_cyfr\system\CodeIgniter.php(502): CodeIgniter\CodeIgniter->runController(Object(App\Controllers\UserController))
#10 D:\projects\biblioteka_cyfr\system\CodeIgniter.php(361): CodeIgniter\CodeIgniter->handleRequest(NULL, Object(Config\Cache), false)
#11 D:\projects\biblioteka_cyfr\public\index.php(79): CodeIgniter\CodeIgniter->run()
#12 {main}
CRITICAL - 2023-12-10 21:07:33 --> Unknown column 'phone' in 'field list'
in SYSTEMPATH\Database\BaseConnection.php on line 647.
 1 SYSTEMPATH\Database\BaseBuilder.php(2475): CodeIgniter\Database\BaseConnection->query('UPDATE `users` SET `name` = :name:, `surname` = :surname:, `email` = :email:, `password` = :password:, `adres` = :adres:, `phone` = :phone:
WHERE `users`.`id` IN :users.id:', [...], false)
 2 SYSTEMPATH\Model.php(385): CodeIgniter\Database\BaseBuilder->update()
 3 SYSTEMPATH\BaseModel.php(949): CodeIgniter\Model->doUpdate([...], [...])
 4 SYSTEMPATH\Model.php(776): CodeIgniter\BaseModel->update([...], [...])
 5 APPPATH\Controllers\UserController.php(29): CodeIgniter\Model->update('', [...])
 6 SYSTEMPATH\CodeIgniter.php(942): App\Controllers\UserController->update()
 7 SYSTEMPATH\CodeIgniter.php(502): CodeIgniter\CodeIgniter->runController(Object(App\Controllers\UserController))
 8 SYSTEMPATH\CodeIgniter.php(361): CodeIgniter\CodeIgniter->handleRequest(null, Object(Config\Cache), false)
 9 FCPATH\index.php(79): CodeIgniter\CodeIgniter->run()
CRITICAL - 2023-12-10 21:37:26 --> foreach() argument must be of type array|object, null given
in APPPATH\Views\user.php on line 2.
 1 APPPATH\Views\user.php(2): CodeIgniter\Debug\Exceptions->errorHandler(2, 'foreach() argument must be of type array|object, null given', 'D:\\projects\\biblioteka_cyfr\\app\\Views\\user.php', 2)
 2 SYSTEMPATH\View\View.php(228): include('D:\\projects\\biblioteka_cyfr\\app\\Views\\user.php')
 3 SYSTEMPATH\View\View.php(231): CodeIgniter\View\View->CodeIgniter\View\{closure}()
 4 SYSTEMPATH\Common.php(1190): CodeIgniter\View\View->render('user', [], true)
 5 APPPATH\Controllers\UserController.php(19): view('user', [...])
 6 SYSTEMPATH\CodeIgniter.php(942): App\Controllers\UserController->index()
 7 SYSTEMPATH\CodeIgniter.php(502): CodeIgniter\CodeIgniter->runController(Object(App\Controllers\UserController))
 8 SYSTEMPATH\CodeIgniter.php(361): CodeIgniter\CodeIgniter->handleRequest(null, Object(Config\Cache), false)
 9 FCPATH\index.php(79): CodeIgniter\CodeIgniter->run()
CRITICAL - 2023-12-10 21:40:00 --> Attempt to read property "name" on string
in APPPATH\Views\user.php on line 8.
 1 APPPATH\Views\user.php(8): CodeIgniter\Debug\Exceptions->errorHandler(2, 'Attempt to read property "name" on string', 'D:\\projects\\biblioteka_cyfr\\app\\Views\\user.php', 8)
 2 SYSTEMPATH\View\View.php(228): include('D:\\projects\\biblioteka_cyfr\\app\\Views\\user.php')
 3 SYSTEMPATH\View\View.php(231): CodeIgniter\View\View->CodeIgniter\View\{closure}()
 4 SYSTEMPATH\Common.php(1190): CodeIgniter\View\View->render('user', [], true)
 5 APPPATH\Controllers\UserController.php(19): view('user', [...])
 6 SYSTEMPATH\CodeIgniter.php(942): App\Controllers\UserController->index()
 7 SYSTEMPATH\CodeIgniter.php(502): CodeIgniter\CodeIgniter->runController(Object(App\Controllers\UserController))
 8 SYSTEMPATH\CodeIgniter.php(361): CodeIgniter\CodeIgniter->handleRequest(null, Object(Config\Cache), false)
 9 FCPATH\index.php(79): CodeIgniter\CodeIgniter->run()
CRITICAL - 2023-12-10 21:40:43 --> Attempt to read property "name" on string
in APPPATH\Views\user.php on line 8.
 1 APPPATH\Views\user.php(8): CodeIgniter\Debug\Exceptions->errorHandler(2, 'Attempt to read property "name" on string', 'D:\\projects\\biblioteka_cyfr\\app\\Views\\user.php', 8)
 2 SYSTEMPATH\View\View.php(228): include('D:\\projects\\biblioteka_cyfr\\app\\Views\\user.php')
 3 SYSTEMPATH\View\View.php(231): CodeIgniter\View\View->CodeIgniter\View\{closure}()
 4 SYSTEMPATH\Common.php(1190): CodeIgniter\View\View->render('user', [], true)
 5 APPPATH\Controllers\UserController.php(19): view('user', [...])
 6 SYSTEMPATH\CodeIgniter.php(942): App\Controllers\UserController->index()
 7 SYSTEMPATH\CodeIgniter.php(502): CodeIgniter\CodeIgniter->runController(Object(App\Controllers\UserController))
 8 SYSTEMPATH\CodeIgniter.php(361): CodeIgniter\CodeIgniter->handleRequest(null, Object(Config\Cache), false)
 9 FCPATH\index.php(79): CodeIgniter\CodeIgniter->run()
CRITICAL - 2023-12-10 21:42:00 --> Cannot use object of type stdClass as array
in APPPATH\Views\user.php on line 8.
 1 SYSTEMPATH\View\View.php(228): include()
 2 SYSTEMPATH\View\View.php(231): CodeIgniter\View\View->CodeIgniter\View\{closure}()
 3 SYSTEMPATH\Common.php(1190): CodeIgniter\View\View->render('user', [], true)
 4 APPPATH\Controllers\UserController.php(19): view('user', [...])
 5 SYSTEMPATH\CodeIgniter.php(942): App\Controllers\UserController->index()
 6 SYSTEMPATH\CodeIgniter.php(502): CodeIgniter\CodeIgniter->runController(Object(App\Controllers\UserController))
 7 SYSTEMPATH\CodeIgniter.php(361): CodeIgniter\CodeIgniter->handleRequest(null, Object(Config\Cache), false)
 8 FCPATH\index.php(79): CodeIgniter\CodeIgniter->run()
CRITICAL - 2023-12-10 21:42:31 --> Undefined constant "user"
in APPPATH\Views\user.php on line 8.
 1 SYSTEMPATH\View\View.php(228): include()
 2 SYSTEMPATH\View\View.php(231): CodeIgniter\View\View->CodeIgniter\View\{closure}()
 3 SYSTEMPATH\Common.php(1190): CodeIgniter\View\View->render('user', [], true)
 4 APPPATH\Controllers\UserController.php(19): view('user', [...])
 5 SYSTEMPATH\CodeIgniter.php(942): App\Controllers\UserController->index()
 6 SYSTEMPATH\CodeIgniter.php(502): CodeIgniter\CodeIgniter->runController(Object(App\Controllers\UserController))
 7 SYSTEMPATH\CodeIgniter.php(361): CodeIgniter\CodeIgniter->handleRequest(null, Object(Config\Cache), false)
 8 FCPATH\index.php(79): CodeIgniter\CodeIgniter->run()
CRITICAL - 2023-12-10 21:53:25 --> Undefined property: stdClass::$name
in APPPATH\Views\bookList.php on line 22.
 1 APPPATH\Views\bookList.php(22): CodeIgniter\Debug\Exceptions->errorHandler(2, 'Undefined property: stdClass::$name', 'D:\\projects\\biblioteka_cyfr\\app\\Views\\bookList.php', 22)
 2 SYSTEMPATH\View\View.php(228): include('D:\\projects\\biblioteka_cyfr\\app\\Views\\bookList.php')
 3 SYSTEMPATH\View\View.php(231): CodeIgniter\View\View->CodeIgniter\View\{closure}()
 4 SYSTEMPATH\Common.php(1190): CodeIgniter\View\View->render('bookList', [], true)
 5 APPPATH\Controllers\BookController.php(61): view('bookList', [...])
 6 SYSTEMPATH\CodeIgniter.php(942): App\Controllers\BookController->index()
 7 SYSTEMPATH\CodeIgniter.php(502): CodeIgniter\CodeIgniter->runController(Object(App\Controllers\BookController))
 8 SYSTEMPATH\CodeIgniter.php(361): CodeIgniter\CodeIgniter->handleRequest(null, Object(Config\Cache), false)
 9 FCPATH\index.php(79): CodeIgniter\CodeIgniter->run()
CRITICAL - 2023-12-10 22:02:33 --> Call to undefined function AuthorModel()
in APPPATH\Views\bookList.php on line 24.
 1 SYSTEMPATH\View\View.php(228): include()
 2 SYSTEMPATH\View\View.php(231): CodeIgniter\View\View->CodeIgniter\View\{closure}()
 3 SYSTEMPATH\Common.php(1190): CodeIgniter\View\View->render('bookList', [], true)
 4 APPPATH\Controllers\BookController.php(61): view('bookList', [...])
 5 SYSTEMPATH\CodeIgniter.php(942): App\Controllers\BookController->index()
 6 SYSTEMPATH\CodeIgniter.php(502): CodeIgniter\CodeIgniter->runController(Object(App\Controllers\BookController))
 7 SYSTEMPATH\CodeIgniter.php(361): CodeIgniter\CodeIgniter->handleRequest(null, Object(Config\Cache), false)
 8 FCPATH\index.php(79): CodeIgniter\CodeIgniter->run()
CRITICAL - 2023-12-10 22:15:51 --> Undefined property: stdClass::$id
in APPPATH\Views\bookList.php on line 42.
 1 APPPATH\Views\bookList.php(42): CodeIgniter\Debug\Exceptions->errorHandler(2, 'Undefined property: stdClass::$id', 'D:\\projects\\biblioteka_cyfr\\app\\Views\\bookList.php', 42)
 2 SYSTEMPATH\View\View.php(228): include('D:\\projects\\biblioteka_cyfr\\app\\Views\\bookList.php')
 3 SYSTEMPATH\View\View.php(231): CodeIgniter\View\View->CodeIgniter\View\{closure}()
 4 SYSTEMPATH\Common.php(1190): CodeIgniter\View\View->render('bookList', [], true)
 5 APPPATH\Controllers\BookController.php(61): view('bookList', [...])
 6 SYSTEMPATH\CodeIgniter.php(942): App\Controllers\BookController->index()
 7 SYSTEMPATH\CodeIgniter.php(502): CodeIgniter\CodeIgniter->runController(Object(App\Controllers\BookController))
 8 SYSTEMPATH\CodeIgniter.php(361): CodeIgniter\CodeIgniter->handleRequest(null, Object(Config\Cache), false)
 9 FCPATH\index.php(79): CodeIgniter\CodeIgniter->run()
ERROR - 2023-12-10 22:16:10 --> mysqli_sql_exception: Unknown column 'books.id' in 'where clause' in D:\projects\biblioteka_cyfr\system\Database\MySQLi\Connection.php:306
Stack trace:
#0 D:\projects\biblioteka_cyfr\system\Database\MySQLi\Connection.php(306): mysqli->query('SELECT *\nFROM `...', 0)
#1 D:\projects\biblioteka_cyfr\system\Database\BaseConnection.php(693): CodeIgniter\Database\MySQLi\Connection->execute('SELECT *\nFROM `...')
#2 D:\projects\biblioteka_cyfr\system\Database\BaseConnection.php(607): CodeIgniter\Database\BaseConnection->simpleQuery('SELECT *\nFROM `...')
#3 D:\projects\biblioteka_cyfr\system\Database\BaseBuilder.php(1615): CodeIgniter\Database\BaseConnection->query('SELECT *\nFROM `...', Array, false)
#4 D:\projects\biblioteka_cyfr\system\Model.php(264): CodeIgniter\Database\BaseBuilder->get()
#5 D:\projects\biblioteka_cyfr\system\BaseModel.php(662): CodeIgniter\Model->doFirst()
#6 D:\projects\biblioteka_cyfr\app\Controllers\BookController.php(73): CodeIgniter\BaseModel->first()
#7 D:\projects\biblioteka_cyfr\system\CodeIgniter.php(942): App\Controllers\BookController->getBook('1')
#8 D:\projects\biblioteka_cyfr\system\CodeIgniter.php(502): CodeIgniter\CodeIgniter->runController(Object(App\Controllers\BookController))
#9 D:\projects\biblioteka_cyfr\system\CodeIgniter.php(361): CodeIgniter\CodeIgniter->handleRequest(NULL, Object(Config\Cache), false)
#10 D:\projects\biblioteka_cyfr\public\index.php(79): CodeIgniter\CodeIgniter->run()
#11 {main}
CRITICAL - 2023-12-10 22:16:10 --> Unknown column 'books.id' in 'where clause'
in SYSTEMPATH\Database\BaseConnection.php on line 647.
 1 SYSTEMPATH\Database\BaseBuilder.php(1615): CodeIgniter\Database\BaseConnection->query('SELECT *
FROM `books`
LEFT JOIN `authors` ON `books`.`author_id` = `authors`.`id`
WHERE `books`.`id` = :books.id:
 LIMIT 1', [...], false)
 2 SYSTEMPATH\Model.php(264): CodeIgniter\Database\BaseBuilder->get()
 3 SYSTEMPATH\BaseModel.php(662): CodeIgniter\Model->doFirst()
 4 APPPATH\Controllers\BookController.php(73): CodeIgniter\BaseModel->first()
 5 SYSTEMPATH\CodeIgniter.php(942): App\Controllers\BookController->getBook('1')
 6 SYSTEMPATH\CodeIgniter.php(502): CodeIgniter\CodeIgniter->runController(Object(App\Controllers\BookController))
 7 SYSTEMPATH\CodeIgniter.php(361): CodeIgniter\CodeIgniter->handleRequest(null, Object(Config\Cache), false)
 8 FCPATH\index.php(79): CodeIgniter\CodeIgniter->run()
ERROR - 2023-12-10 22:17:30 --> mysqli_sql_exception: Unknown column 'books.id' in 'where clause' in D:\projects\biblioteka_cyfr\system\Database\MySQLi\Connection.php:306
Stack trace:
#0 D:\projects\biblioteka_cyfr\system\Database\MySQLi\Connection.php(306): mysqli->query('SELECT *\nFROM `...', 0)
#1 D:\projects\biblioteka_cyfr\system\Database\BaseConnection.php(693): CodeIgniter\Database\MySQLi\Connection->execute('SELECT *\nFROM `...')
#2 D:\projects\biblioteka_cyfr\system\Database\BaseConnection.php(607): CodeIgniter\Database\BaseConnection->simpleQuery('SELECT *\nFROM `...')
#3 D:\projects\biblioteka_cyfr\system\Database\BaseBuilder.php(1615): CodeIgniter\Database\BaseConnection->query('SELECT *\nFROM `...', Array, false)
#4 D:\projects\biblioteka_cyfr\system\Model.php(264): CodeIgniter\Database\BaseBuilder->get()
#5 D:\projects\biblioteka_cyfr\system\BaseModel.php(662): CodeIgniter\Model->doFirst()
#6 D:\projects\biblioteka_cyfr\app\Controllers\BookController.php(73): CodeIgniter\BaseModel->first()
#7 D:\projects\biblioteka_cyfr\system\CodeIgniter.php(942): App\Controllers\BookController->getBook('1')
#8 D:\projects\biblioteka_cyfr\system\CodeIgniter.php(502): CodeIgniter\CodeIgniter->runController(Object(App\Controllers\BookController))
#9 D:\projects\biblioteka_cyfr\system\CodeIgniter.php(361): CodeIgniter\CodeIgniter->handleRequest(NULL, Object(Config\Cache), false)
#10 D:\projects\biblioteka_cyfr\public\index.php(79): CodeIgniter\CodeIgniter->run()
#11 {main}
CRITICAL - 2023-12-10 22:17:30 --> Unknown column 'books.id' in 'where clause'
in SYSTEMPATH\Database\BaseConnection.php on line 647.
 1 SYSTEMPATH\Database\BaseBuilder.php(1615): CodeIgniter\Database\BaseConnection->query('SELECT *
FROM `books`
LEFT JOIN `authors` ON `books`.`author_id` = `authors`.`id`
WHERE `books`.`id` = :books.id:
 LIMIT 1', [...], false)
 2 SYSTEMPATH\Model.php(264): CodeIgniter\Database\BaseBuilder->get()
 3 SYSTEMPATH\BaseModel.php(662): CodeIgniter\Model->doFirst()
 4 APPPATH\Controllers\BookController.php(73): CodeIgniter\BaseModel->first()
 5 SYSTEMPATH\CodeIgniter.php(942): App\Controllers\BookController->getBook('1')
 6 SYSTEMPATH\CodeIgniter.php(502): CodeIgniter\CodeIgniter->runController(Object(App\Controllers\BookController))
 7 SYSTEMPATH\CodeIgniter.php(361): CodeIgniter\CodeIgniter->handleRequest(null, Object(Config\Cache), false)
 8 FCPATH\index.php(79): CodeIgniter\CodeIgniter->run()
ERROR - 2023-12-10 22:17:39 --> mysqli_sql_exception: Unknown column 'books.author_id' in 'on clause' in D:\projects\biblioteka_cyfr\system\Database\MySQLi\Connection.php:306
Stack trace:
#0 D:\projects\biblioteka_cyfr\system\Database\MySQLi\Connection.php(306): mysqli->query('SELECT *\nFROM `...', 0)
#1 D:\projects\biblioteka_cyfr\system\Database\BaseConnection.php(693): CodeIgniter\Database\MySQLi\Connection->execute('SELECT *\nFROM `...')
#2 D:\projects\biblioteka_cyfr\system\Database\BaseConnection.php(607): CodeIgniter\Database\BaseConnection->simpleQuery('SELECT *\nFROM `...')
#3 D:\projects\biblioteka_cyfr\system\Database\BaseBuilder.php(1615): CodeIgniter\Database\BaseConnection->query('SELECT *\nFROM `...', Array, false)
#4 D:\projects\biblioteka_cyfr\system\Model.php(264): CodeIgniter\Database\BaseBuilder->get()
#5 D:\projects\biblioteka_cyfr\system\BaseModel.php(662): CodeIgniter\Model->doFirst()
#6 D:\projects\biblioteka_cyfr\app\Controllers\BookController.php(73): CodeIgniter\BaseModel->first()
#7 D:\projects\biblioteka_cyfr\system\CodeIgniter.php(942): App\Controllers\BookController->getBook('1')
#8 D:\projects\biblioteka_cyfr\system\CodeIgniter.php(502): CodeIgniter\CodeIgniter->runController(Object(App\Controllers\BookController))
#9 D:\projects\biblioteka_cyfr\system\CodeIgniter.php(361): CodeIgniter\CodeIgniter->handleRequest(NULL, Object(Config\Cache), false)
#10 D:\projects\biblioteka_cyfr\public\index.php(79): CodeIgniter\CodeIgniter->run()
#11 {main}
CRITICAL - 2023-12-10 22:17:39 --> Unknown column 'books.author_id' in 'on clause'
in SYSTEMPATH\Database\BaseConnection.php on line 647.
 1 SYSTEMPATH\Database\BaseBuilder.php(1615): CodeIgniter\Database\BaseConnection->query('SELECT *
FROM `books`
LEFT JOIN `authors` ON `books`.`author_id` = `authors`.`id`
WHERE `books`.`book_id` = :books.book_id:
 LIMIT 1', [...], false)
 2 SYSTEMPATH\Model.php(264): CodeIgniter\Database\BaseBuilder->get()
 3 SYSTEMPATH\BaseModel.php(662): CodeIgniter\Model->doFirst()
 4 APPPATH\Controllers\BookController.php(73): CodeIgniter\BaseModel->first()
 5 SYSTEMPATH\CodeIgniter.php(942): App\Controllers\BookController->getBook('1')
 6 SYSTEMPATH\CodeIgniter.php(502): CodeIgniter\CodeIgniter->runController(Object(App\Controllers\BookController))
 7 SYSTEMPATH\CodeIgniter.php(361): CodeIgniter\CodeIgniter->handleRequest(null, Object(Config\Cache), false)
 8 FCPATH\index.php(79): CodeIgniter\CodeIgniter->run()
ERROR - 2023-12-10 22:17:49 --> mysqli_sql_exception: Unknown column 'books.author_id' in 'on clause' in D:\projects\biblioteka_cyfr\system\Database\MySQLi\Connection.php:306
Stack trace:
#0 D:\projects\biblioteka_cyfr\system\Database\MySQLi\Connection.php(306): mysqli->query('SELECT *\nFROM `...', 0)
#1 D:\projects\biblioteka_cyfr\system\Database\BaseConnection.php(693): CodeIgniter\Database\MySQLi\Connection->execute('SELECT *\nFROM `...')
#2 D:\projects\biblioteka_cyfr\system\Database\BaseConnection.php(607): CodeIgniter\Database\BaseConnection->simpleQuery('SELECT *\nFROM `...')
#3 D:\projects\biblioteka_cyfr\system\Database\BaseBuilder.php(1615): CodeIgniter\Database\BaseConnection->query('SELECT *\nFROM `...', Array, false)
#4 D:\projects\biblioteka_cyfr\system\Model.php(264): CodeIgniter\Database\BaseBuilder->get()
#5 D:\projects\biblioteka_cyfr\system\BaseModel.php(662): CodeIgniter\Model->doFirst()
#6 D:\projects\biblioteka_cyfr\app\Controllers\BookController.php(73): CodeIgniter\BaseModel->first()
#7 D:\projects\biblioteka_cyfr\system\CodeIgniter.php(942): App\Controllers\BookController->getBook('1')
#8 D:\projects\biblioteka_cyfr\system\CodeIgniter.php(502): CodeIgniter\CodeIgniter->runController(Object(App\Controllers\BookController))
#9 D:\projects\biblioteka_cyfr\system\CodeIgniter.php(361): CodeIgniter\CodeIgniter->handleRequest(NULL, Object(Config\Cache), false)
#10 D:\projects\biblioteka_cyfr\public\index.php(79): CodeIgniter\CodeIgniter->run()
#11 {main}
CRITICAL - 2023-12-10 22:17:49 --> Unknown column 'books.author_id' in 'on clause'
in SYSTEMPATH\Database\BaseConnection.php on line 647.
 1 SYSTEMPATH\Database\BaseBuilder.php(1615): CodeIgniter\Database\BaseConnection->query('SELECT *
FROM `books`
LEFT JOIN `authors` ON `books`.`author_id` = `authors`.`author_id`
WHERE `books`.`book_id` = :books.book_id:
 LIMIT 1', [...], false)
 2 SYSTEMPATH\Model.php(264): CodeIgniter\Database\BaseBuilder->get()
 3 SYSTEMPATH\BaseModel.php(662): CodeIgniter\Model->doFirst()
 4 APPPATH\Controllers\BookController.php(73): CodeIgniter\BaseModel->first()
 5 SYSTEMPATH\CodeIgniter.php(942): App\Controllers\BookController->getBook('1')
 6 SYSTEMPATH\CodeIgniter.php(502): CodeIgniter\CodeIgniter->runController(Object(App\Controllers\BookController))
 7 SYSTEMPATH\CodeIgniter.php(361): CodeIgniter\CodeIgniter->handleRequest(null, Object(Config\Cache), false)
 8 FCPATH\index.php(79): CodeIgniter\CodeIgniter->run()
ERROR - 2023-12-10 22:18:13 --> mysqli_sql_exception: Unknown column 'books.author_id' in 'on clause' in D:\projects\biblioteka_cyfr\system\Database\MySQLi\Connection.php:306
Stack trace:
#0 D:\projects\biblioteka_cyfr\system\Database\MySQLi\Connection.php(306): mysqli->query('SELECT *\nFROM `...', 0)
#1 D:\projects\biblioteka_cyfr\system\Database\BaseConnection.php(693): CodeIgniter\Database\MySQLi\Connection->execute('SELECT *\nFROM `...')
#2 D:\projects\biblioteka_cyfr\system\Database\BaseConnection.php(607): CodeIgniter\Database\BaseConnection->simpleQuery('SELECT *\nFROM `...')
#3 D:\projects\biblioteka_cyfr\system\Database\BaseBuilder.php(1615): CodeIgniter\Database\BaseConnection->query('SELECT *\nFROM `...', Array, false)
#4 D:\projects\biblioteka_cyfr\system\Model.php(264): CodeIgniter\Database\BaseBuilder->get()
#5 D:\projects\biblioteka_cyfr\system\BaseModel.php(662): CodeIgniter\Model->doFirst()
#6 D:\projects\biblioteka_cyfr\app\Controllers\BookController.php(73): CodeIgniter\BaseModel->first()
#7 D:\projects\biblioteka_cyfr\system\CodeIgniter.php(942): App\Controllers\BookController->getBook('1')
#8 D:\projects\biblioteka_cyfr\system\CodeIgniter.php(502): CodeIgniter\CodeIgniter->runController(Object(App\Controllers\BookController))
#9 D:\projects\biblioteka_cyfr\system\CodeIgniter.php(361): CodeIgniter\CodeIgniter->handleRequest(NULL, Object(Config\Cache), false)
#10 D:\projects\biblioteka_cyfr\public\index.php(79): CodeIgniter\CodeIgniter->run()
#11 {main}
CRITICAL - 2023-12-10 22:18:13 --> Unknown column 'books.author_id' in 'on clause'
in SYSTEMPATH\Database\BaseConnection.php on line 647.
 1 SYSTEMPATH\Database\BaseBuilder.php(1615): CodeIgniter\Database\BaseConnection->query('SELECT *
FROM `books`
LEFT JOIN `authors` ON `books`.`author_id` = `authors`.`author_id`
WHERE `books`.`book_id` = :books.book_id:
 LIMIT 1', [...], false)
 2 SYSTEMPATH\Model.php(264): CodeIgniter\Database\BaseBuilder->get()
 3 SYSTEMPATH\BaseModel.php(662): CodeIgniter\Model->doFirst()
 4 APPPATH\Controllers\BookController.php(73): CodeIgniter\BaseModel->first()
 5 SYSTEMPATH\CodeIgniter.php(942): App\Controllers\BookController->getBook('1')
 6 SYSTEMPATH\CodeIgniter.php(502): CodeIgniter\CodeIgniter->runController(Object(App\Controllers\BookController))
 7 SYSTEMPATH\CodeIgniter.php(361): CodeIgniter\CodeIgniter->handleRequest(null, Object(Config\Cache), false)
 8 FCPATH\index.php(79): CodeIgniter\CodeIgniter->run()
