CRITICAL - 2023-10-30 18:20:40 --> syntax error, unexpected token "=>"
in APPPATH\Controllers\Book.php on line 12.
 1 SYSTEMPATH\Autoloader\Autoloader.php(291): CodeIgniter\Autoloader\Autoloader->includeFile('C:\\wamp64\\www\\framework-4.4.2\\app\\Controllers\\Book.php')
 2 SYSTEMPATH\Autoloader\Autoloader.php(269): CodeIgniter\Autoloader\Autoloader->loadInNamespace('App\\Controllers\\Book')
 3 [internal function]: CodeIgniter\Autoloader\Autoloader->loadClass('App\\Controllers\\Book')
 4 SYSTEMPATH\CodeIgniter.php(900): class_exists('\\App\\Controllers\\Book', true)
 5 SYSTEMPATH\CodeIgniter.php(489): CodeIgniter\CodeIgniter->startController()
 6 SYSTEMPATH\CodeIgniter.php(361): CodeIgniter\CodeIgniter->handleRequest(null, Object(Config\Cache), false)
 7 FCPATH\index.php(79): CodeIgniter\CodeIgniter->run()
ERROR - 2023-10-30 18:21:23 --> mysqli_sql_exception: Unknown column 'books.deleted_at' in 'where clause' in C:\wamp64\www\framework-4.4.2\system\Database\MySQLi\Connection.php:306
Stack trace:
#0 C:\wamp64\www\framework-4.4.2\system\Database\MySQLi\Connection.php(306): mysqli->query('SELECT *\nFROM `...', 0)
#1 C:\wamp64\www\framework-4.4.2\system\Database\BaseConnection.php(693): CodeIgniter\Database\MySQLi\Connection->execute('SELECT *\nFROM `...')
#2 C:\wamp64\www\framework-4.4.2\system\Database\BaseConnection.php(607): CodeIgniter\Database\BaseConnection->simpleQuery('SELECT *\nFROM `...')
#3 C:\wamp64\www\framework-4.4.2\system\Database\BaseBuilder.php(1615): CodeIgniter\Database\BaseConnection->query('SELECT *\nFROM `...', Array, false)
#4 C:\wamp64\www\framework-4.4.2\system\Model.php(237): CodeIgniter\Database\BaseBuilder->get()
#5 C:\wamp64\www\framework-4.4.2\system\BaseModel.php(624): CodeIgniter\Model->doFindAll(0, 0)
#6 C:\wamp64\www\framework-4.4.2\app\Models\BookModel.php(27): CodeIgniter\BaseModel->findAll()
#7 C:\wamp64\www\framework-4.4.2\app\Controllers\Book.php(12): App\Models\BookModel->getBooks()
#8 C:\wamp64\www\framework-4.4.2\system\CodeIgniter.php(942): App\Controllers\Book->index()
#9 C:\wamp64\www\framework-4.4.2\system\CodeIgniter.php(502): CodeIgniter\CodeIgniter->runController(Object(App\Controllers\Book))
#10 C:\wamp64\www\framework-4.4.2\system\CodeIgniter.php(361): CodeIgniter\CodeIgniter->handleRequest(NULL, Object(Config\Cache), false)
#11 C:\wamp64\www\framework-4.4.2\public\index.php(79): CodeIgniter\CodeIgniter->run()
#12 {main}
CRITICAL - 2023-10-30 18:21:23 --> Unknown column 'books.deleted_at' in 'where clause'
in SYSTEMPATH\Database\BaseConnection.php on line 647.
 1 SYSTEMPATH\Database\BaseBuilder.php(1615): CodeIgniter\Database\BaseConnection->query('SELECT *
FROM `books`
WHERE `books`.`deleted_at` IS NULL', [], false)
 2 SYSTEMPATH\Model.php(237): CodeIgniter\Database\BaseBuilder->get()
 3 SYSTEMPATH\BaseModel.php(624): CodeIgniter\Model->doFindAll(0, 0)
 4 APPPATH\Models\BookModel.php(27): CodeIgniter\BaseModel->findAll()
 5 APPPATH\Controllers\Book.php(12): App\Models\BookModel->getBooks()
 6 SYSTEMPATH\CodeIgniter.php(942): App\Controllers\Book->index()
 7 SYSTEMPATH\CodeIgniter.php(502): CodeIgniter\CodeIgniter->runController(Object(App\Controllers\Book))
 8 SYSTEMPATH\CodeIgniter.php(361): CodeIgniter\CodeIgniter->handleRequest(null, Object(Config\Cache), false)
 9 FCPATH\index.php(79): CodeIgniter\CodeIgniter->run()
CRITICAL - 2023-10-30 18:28:18 --> syntax error, unexpected identifier "view"
in APPPATH\Controllers\Book.php on line 14.
 1 SYSTEMPATH\Autoloader\Autoloader.php(291): CodeIgniter\Autoloader\Autoloader->includeFile('C:\\wamp64\\www\\framework-4.4.2\\app\\Controllers\\Book.php')
 2 SYSTEMPATH\Autoloader\Autoloader.php(269): CodeIgniter\Autoloader\Autoloader->loadInNamespace('App\\Controllers\\Book')
 3 [internal function]: CodeIgniter\Autoloader\Autoloader->loadClass('App\\Controllers\\Book')
 4 SYSTEMPATH\CodeIgniter.php(900): class_exists('\\App\\Controllers\\Book', true)
 5 SYSTEMPATH\CodeIgniter.php(489): CodeIgniter\CodeIgniter->startController()
 6 SYSTEMPATH\CodeIgniter.php(361): CodeIgniter\CodeIgniter->handleRequest(null, Object(Config\Cache), false)
 7 FCPATH\index.php(79): CodeIgniter\CodeIgniter->run()
CRITICAL - 2023-10-30 18:29:51 --> Undefined variable $data
in APPPATH\Views\bookList.php on line 2.
 1 APPPATH\Views\bookList.php(2): CodeIgniter\Debug\Exceptions->errorHandler(2, 'Undefined variable $data', 'C:\\wamp64\\www\\framework-4.4.2\\app\\Views\\bookList.php', 2)
 2 SYSTEMPATH\View\View.php(228): include('C:\\wamp64\\www\\framework-4.4.2\\app\\Views\\bookList.php')
 3 SYSTEMPATH\View\View.php(231): CodeIgniter\View\View->CodeIgniter\View\{closure}()
 4 SYSTEMPATH\Common.php(1190): CodeIgniter\View\View->render('bookList', [], true)
 5 APPPATH\Controllers\Book.php(15): view('bookList', [...])
 6 SYSTEMPATH\CodeIgniter.php(942): App\Controllers\Book->index()
 7 SYSTEMPATH\CodeIgniter.php(502): CodeIgniter\CodeIgniter->runController(Object(App\Controllers\Book))
 8 SYSTEMPATH\CodeIgniter.php(361): CodeIgniter\CodeIgniter->handleRequest(null, Object(Config\Cache), false)
 9 FCPATH\index.php(79): CodeIgniter\CodeIgniter->run()
CRITICAL - 2023-10-30 18:30:31 --> Array to string conversion
in APPPATH\Views\bookList.php on line 2.
 1 APPPATH\Views\bookList.php(2): CodeIgniter\Debug\Exceptions->errorHandler(2, 'Array to string conversion', 'C:\\wamp64\\www\\framework-4.4.2\\app\\Views\\bookList.php', 2)
 2 SYSTEMPATH\View\View.php(228): include('C:\\wamp64\\www\\framework-4.4.2\\app\\Views\\bookList.php')
 3 SYSTEMPATH\View\View.php(231): CodeIgniter\View\View->CodeIgniter\View\{closure}()
 4 SYSTEMPATH\Common.php(1190): CodeIgniter\View\View->render('bookList', [], true)
 5 APPPATH\Controllers\Book.php(15): view('bookList', [...])
 6 SYSTEMPATH\CodeIgniter.php(942): App\Controllers\Book->index()
 7 SYSTEMPATH\CodeIgniter.php(502): CodeIgniter\CodeIgniter->runController(Object(App\Controllers\Book))
 8 SYSTEMPATH\CodeIgniter.php(361): CodeIgniter\CodeIgniter->handleRequest(null, Object(Config\Cache), false)
 9 FCPATH\index.php(79): CodeIgniter\CodeIgniter->run()
CRITICAL - 2023-10-30 18:30:31 --> Array to string conversion
in APPPATH\Views\bookList.php on line 2.
 1 APPPATH\Views\bookList.php(2): CodeIgniter\Debug\Exceptions->errorHandler(2, 'Array to string conversion', 'C:\\wamp64\\www\\framework-4.4.2\\app\\Views\\bookList.php', 2)
 2 SYSTEMPATH\View\View.php(228): include('C:\\wamp64\\www\\framework-4.4.2\\app\\Views\\bookList.php')
 3 SYSTEMPATH\View\View.php(231): CodeIgniter\View\View->CodeIgniter\View\{closure}()
 4 SYSTEMPATH\Common.php(1190): CodeIgniter\View\View->render('bookList', [], true)
 5 APPPATH\Controllers\Book.php(15): view('bookList', [...])
 6 SYSTEMPATH\CodeIgniter.php(942): App\Controllers\Book->index()
 7 SYSTEMPATH\CodeIgniter.php(502): CodeIgniter\CodeIgniter->runController(Object(App\Controllers\Book))
 8 SYSTEMPATH\CodeIgniter.php(361): CodeIgniter\CodeIgniter->handleRequest(null, Object(Config\Cache), false)
 9 FCPATH\index.php(79): CodeIgniter\CodeIgniter->run()
CRITICAL - 2023-10-30 18:31:14 --> Object of class stdClass could not be converted to string
in APPPATH\Views\bookList.php on line 4.
 1 SYSTEMPATH\View\View.php(228): include()
 2 SYSTEMPATH\View\View.php(231): CodeIgniter\View\View->CodeIgniter\View\{closure}()
 3 SYSTEMPATH\Common.php(1190): CodeIgniter\View\View->render('bookList', [], true)
 4 APPPATH\Controllers\Book.php(15): view('bookList', [...])
 5 SYSTEMPATH\CodeIgniter.php(942): App\Controllers\Book->index()
 6 SYSTEMPATH\CodeIgniter.php(502): CodeIgniter\CodeIgniter->runController(Object(App\Controllers\Book))
 7 SYSTEMPATH\CodeIgniter.php(361): CodeIgniter\CodeIgniter->handleRequest(null, Object(Config\Cache), false)
 8 FCPATH\index.php(79): CodeIgniter\CodeIgniter->run()
CRITICAL - 2023-10-30 18:31:30 --> Array to string conversion
in APPPATH\Views\bookList.php on line 4.
 1 APPPATH\Views\bookList.php(4): CodeIgniter\Debug\Exceptions->errorHandler(2, 'Array to string conversion', 'C:\\wamp64\\www\\framework-4.4.2\\app\\Views\\bookList.php', 4)
 2 SYSTEMPATH\View\View.php(228): include('C:\\wamp64\\www\\framework-4.4.2\\app\\Views\\bookList.php')
 3 SYSTEMPATH\View\View.php(231): CodeIgniter\View\View->CodeIgniter\View\{closure}()
 4 SYSTEMPATH\Common.php(1190): CodeIgniter\View\View->render('bookList', [], true)
 5 APPPATH\Controllers\Book.php(15): view('bookList', [...])
 6 SYSTEMPATH\CodeIgniter.php(942): App\Controllers\Book->index()
 7 SYSTEMPATH\CodeIgniter.php(502): CodeIgniter\CodeIgniter->runController(Object(App\Controllers\Book))
 8 SYSTEMPATH\CodeIgniter.php(361): CodeIgniter\CodeIgniter->handleRequest(null, Object(Config\Cache), false)
 9 FCPATH\index.php(79): CodeIgniter\CodeIgniter->run()
CRITICAL - 2023-10-30 18:32:00 --> Undefined variable $data
in APPPATH\Views\bookList.php on line 2.
 1 APPPATH\Views\bookList.php(2): CodeIgniter\Debug\Exceptions->errorHandler(2, 'Undefined variable $data', 'C:\\wamp64\\www\\framework-4.4.2\\app\\Views\\bookList.php', 2)
 2 SYSTEMPATH\View\View.php(228): include('C:\\wamp64\\www\\framework-4.4.2\\app\\Views\\bookList.php')
 3 SYSTEMPATH\View\View.php(231): CodeIgniter\View\View->CodeIgniter\View\{closure}()
 4 SYSTEMPATH\Common.php(1190): CodeIgniter\View\View->render('bookList', [], true)
 5 APPPATH\Controllers\Book.php(15): view('bookList', [...])
 6 SYSTEMPATH\CodeIgniter.php(942): App\Controllers\Book->index()
 7 SYSTEMPATH\CodeIgniter.php(502): CodeIgniter\CodeIgniter->runController(Object(App\Controllers\Book))
 8 SYSTEMPATH\CodeIgniter.php(361): CodeIgniter\CodeIgniter->handleRequest(null, Object(Config\Cache), false)
 9 FCPATH\index.php(79): CodeIgniter\CodeIgniter->run()
CRITICAL - 2023-10-30 18:32:01 --> Undefined variable $data
in APPPATH\Views\bookList.php on line 2.
 1 APPPATH\Views\bookList.php(2): CodeIgniter\Debug\Exceptions->errorHandler(2, 'Undefined variable $data', 'C:\\wamp64\\www\\framework-4.4.2\\app\\Views\\bookList.php', 2)
 2 SYSTEMPATH\View\View.php(228): include('C:\\wamp64\\www\\framework-4.4.2\\app\\Views\\bookList.php')
 3 SYSTEMPATH\View\View.php(231): CodeIgniter\View\View->CodeIgniter\View\{closure}()
 4 SYSTEMPATH\Common.php(1190): CodeIgniter\View\View->render('bookList', [], true)
 5 APPPATH\Controllers\Book.php(15): view('bookList', [...])
 6 SYSTEMPATH\CodeIgniter.php(942): App\Controllers\Book->index()
 7 SYSTEMPATH\CodeIgniter.php(502): CodeIgniter\CodeIgniter->runController(Object(App\Controllers\Book))
 8 SYSTEMPATH\CodeIgniter.php(361): CodeIgniter\CodeIgniter->handleRequest(null, Object(Config\Cache), false)
 9 FCPATH\index.php(79): CodeIgniter\CodeIgniter->run()
CRITICAL - 2023-10-30 19:20:44 --> Object of class stdClass could not be converted to string
in APPPATH\Views\bookList.php on line 4.
 1 SYSTEMPATH\View\View.php(228): include()
 2 SYSTEMPATH\View\View.php(231): CodeIgniter\View\View->CodeIgniter\View\{closure}()
 3 SYSTEMPATH\Common.php(1190): CodeIgniter\View\View->render('bookList', [], true)
 4 APPPATH\Controllers\Book.php(15): view('bookList', [...])
 5 SYSTEMPATH\CodeIgniter.php(942): App\Controllers\Book->index()
 6 SYSTEMPATH\CodeIgniter.php(502): CodeIgniter\CodeIgniter->runController(Object(App\Controllers\Book))
 7 SYSTEMPATH\CodeIgniter.php(361): CodeIgniter\CodeIgniter->handleRequest(null, Object(Config\Cache), false)
 8 FCPATH\index.php(79): CodeIgniter\CodeIgniter->run()
CRITICAL - 2023-10-30 19:21:06 --> Cannot use object of type stdClass as array
in APPPATH\Views\bookList.php on line 4.
 1 SYSTEMPATH\View\View.php(228): include()
 2 SYSTEMPATH\View\View.php(231): CodeIgniter\View\View->CodeIgniter\View\{closure}()
 3 SYSTEMPATH\Common.php(1190): CodeIgniter\View\View->render('bookList', [], true)
 4 APPPATH\Controllers\Book.php(15): view('bookList', [...])
 5 SYSTEMPATH\CodeIgniter.php(942): App\Controllers\Book->index()
 6 SYSTEMPATH\CodeIgniter.php(502): CodeIgniter\CodeIgniter->runController(Object(App\Controllers\Book))
 7 SYSTEMPATH\CodeIgniter.php(361): CodeIgniter\CodeIgniter->handleRequest(null, Object(Config\Cache), false)
 8 FCPATH\index.php(79): CodeIgniter\CodeIgniter->run()
CRITICAL - 2023-10-30 19:21:07 --> Cannot use object of type stdClass as array
in APPPATH\Views\bookList.php on line 4.
 1 SYSTEMPATH\View\View.php(228): include()
 2 SYSTEMPATH\View\View.php(231): CodeIgniter\View\View->CodeIgniter\View\{closure}()
 3 SYSTEMPATH\Common.php(1190): CodeIgniter\View\View->render('bookList', [], true)
 4 APPPATH\Controllers\Book.php(15): view('bookList', [...])
 5 SYSTEMPATH\CodeIgniter.php(942): App\Controllers\Book->index()
 6 SYSTEMPATH\CodeIgniter.php(502): CodeIgniter\CodeIgniter->runController(Object(App\Controllers\Book))
 7 SYSTEMPATH\CodeIgniter.php(361): CodeIgniter\CodeIgniter->handleRequest(null, Object(Config\Cache), false)
 8 FCPATH\index.php(79): CodeIgniter\CodeIgniter->run()
CRITICAL - 2023-10-30 19:22:20 --> Cannot use object of type stdClass as array
in APPPATH\Views\bookList.php on line 4.
 1 SYSTEMPATH\View\View.php(228): include()
 2 SYSTEMPATH\View\View.php(231): CodeIgniter\View\View->CodeIgniter\View\{closure}()
 3 SYSTEMPATH\Common.php(1190): CodeIgniter\View\View->render('bookList', [], true)
 4 APPPATH\Controllers\Book.php(15): view('bookList', [...])
 5 SYSTEMPATH\CodeIgniter.php(942): App\Controllers\Book->index()
 6 SYSTEMPATH\CodeIgniter.php(502): CodeIgniter\CodeIgniter->runController(Object(App\Controllers\Book))
 7 SYSTEMPATH\CodeIgniter.php(361): CodeIgniter\CodeIgniter->handleRequest(null, Object(Config\Cache), false)
 8 FCPATH\index.php(79): CodeIgniter\CodeIgniter->run()
CRITICAL - 2023-10-30 19:22:28 --> syntax error, unexpected token "echo"
in APPPATH\Views\bookList.php on line 4.
 1 SYSTEMPATH\View\View.php(231): CodeIgniter\View\View->CodeIgniter\View\{closure}()
 2 SYSTEMPATH\Common.php(1190): CodeIgniter\View\View->render('bookList', [], true)
 3 APPPATH\Controllers\Book.php(15): view('bookList', [...])
 4 SYSTEMPATH\CodeIgniter.php(942): App\Controllers\Book->index()
 5 SYSTEMPATH\CodeIgniter.php(502): CodeIgniter\CodeIgniter->runController(Object(App\Controllers\Book))
 6 SYSTEMPATH\CodeIgniter.php(361): CodeIgniter\CodeIgniter->handleRequest(null, Object(Config\Cache), false)
 7 FCPATH\index.php(79): CodeIgniter\CodeIgniter->run()
CRITICAL - 2023-10-30 19:22:29 --> syntax error, unexpected token "echo"
in APPPATH\Views\bookList.php on line 4.
 1 SYSTEMPATH\View\View.php(231): CodeIgniter\View\View->CodeIgniter\View\{closure}()
 2 SYSTEMPATH\Common.php(1190): CodeIgniter\View\View->render('bookList', [], true)
 3 APPPATH\Controllers\Book.php(15): view('bookList', [...])
 4 SYSTEMPATH\CodeIgniter.php(942): App\Controllers\Book->index()
 5 SYSTEMPATH\CodeIgniter.php(502): CodeIgniter\CodeIgniter->runController(Object(App\Controllers\Book))
 6 SYSTEMPATH\CodeIgniter.php(361): CodeIgniter\CodeIgniter->handleRequest(null, Object(Config\Cache), false)
 7 FCPATH\index.php(79): CodeIgniter\CodeIgniter->run()
CRITICAL - 2023-10-30 19:22:36 --> syntax error, unexpected token "echo"
in APPPATH\Views\bookList.php on line 4.
 1 SYSTEMPATH\View\View.php(231): CodeIgniter\View\View->CodeIgniter\View\{closure}()
 2 SYSTEMPATH\Common.php(1190): CodeIgniter\View\View->render('bookList', [], true)
 3 APPPATH\Controllers\Book.php(15): view('bookList', [...])
 4 SYSTEMPATH\CodeIgniter.php(942): App\Controllers\Book->index()
 5 SYSTEMPATH\CodeIgniter.php(502): CodeIgniter\CodeIgniter->runController(Object(App\Controllers\Book))
 6 SYSTEMPATH\CodeIgniter.php(361): CodeIgniter\CodeIgniter->handleRequest(null, Object(Config\Cache), false)
 7 FCPATH\index.php(79): CodeIgniter\CodeIgniter->run()
CRITICAL - 2023-10-30 19:22:37 --> syntax error, unexpected token "echo"
in APPPATH\Views\bookList.php on line 4.
 1 SYSTEMPATH\View\View.php(231): CodeIgniter\View\View->CodeIgniter\View\{closure}()
 2 SYSTEMPATH\Common.php(1190): CodeIgniter\View\View->render('bookList', [], true)
 3 APPPATH\Controllers\Book.php(15): view('bookList', [...])
 4 SYSTEMPATH\CodeIgniter.php(942): App\Controllers\Book->index()
 5 SYSTEMPATH\CodeIgniter.php(502): CodeIgniter\CodeIgniter->runController(Object(App\Controllers\Book))
 6 SYSTEMPATH\CodeIgniter.php(361): CodeIgniter\CodeIgniter->handleRequest(null, Object(Config\Cache), false)
 7 FCPATH\index.php(79): CodeIgniter\CodeIgniter->run()
CRITICAL - 2023-10-30 20:09:35 --> syntax error, unexpected token "=", expecting "]"
in APPPATH\Controllers\Book.php on line 27.
 1 SYSTEMPATH\Autoloader\Autoloader.php(291): CodeIgniter\Autoloader\Autoloader->includeFile('C:\\wamp64\\www\\framework-4.4.2\\app\\Controllers\\Book.php')
 2 SYSTEMPATH\Autoloader\Autoloader.php(269): CodeIgniter\Autoloader\Autoloader->loadInNamespace('App\\Controllers\\Book')
 3 [internal function]: CodeIgniter\Autoloader\Autoloader->loadClass('App\\Controllers\\Book')
 4 SYSTEMPATH\CodeIgniter.php(900): class_exists('\\App\\Controllers\\Book', true)
 5 SYSTEMPATH\CodeIgniter.php(489): CodeIgniter\CodeIgniter->startController()
 6 SYSTEMPATH\CodeIgniter.php(361): CodeIgniter\CodeIgniter->handleRequest(null, Object(Config\Cache), false)
 7 FCPATH\index.php(79): CodeIgniter\CodeIgniter->run()
CRITICAL - 2023-10-30 20:09:58 --> syntax error, unexpected token "=", expecting "]"
in APPPATH\Controllers\Book.php on line 27.
 1 SYSTEMPATH\Autoloader\Autoloader.php(291): CodeIgniter\Autoloader\Autoloader->includeFile('C:\\wamp64\\www\\framework-4.4.2\\app\\Controllers\\Book.php')
 2 SYSTEMPATH\Autoloader\Autoloader.php(269): CodeIgniter\Autoloader\Autoloader->loadInNamespace('App\\Controllers\\Book')
 3 [internal function]: CodeIgniter\Autoloader\Autoloader->loadClass('App\\Controllers\\Book')
 4 SYSTEMPATH\CodeIgniter.php(900): class_exists('\\App\\Controllers\\Book', true)
 5 SYSTEMPATH\CodeIgniter.php(489): CodeIgniter\CodeIgniter->startController()
 6 SYSTEMPATH\CodeIgniter.php(361): CodeIgniter\CodeIgniter->handleRequest(null, Object(Config\Cache), false)
 7 FCPATH\index.php(79): CodeIgniter\CodeIgniter->run()
CRITICAL - 2023-10-30 20:09:59 --> syntax error, unexpected token "=", expecting "]"
in APPPATH\Controllers\Book.php on line 27.
 1 SYSTEMPATH\Autoloader\Autoloader.php(291): CodeIgniter\Autoloader\Autoloader->includeFile('C:\\wamp64\\www\\framework-4.4.2\\app\\Controllers\\Book.php')
 2 SYSTEMPATH\Autoloader\Autoloader.php(269): CodeIgniter\Autoloader\Autoloader->loadInNamespace('App\\Controllers\\Book')
 3 [internal function]: CodeIgniter\Autoloader\Autoloader->loadClass('App\\Controllers\\Book')
 4 SYSTEMPATH\CodeIgniter.php(900): class_exists('\\App\\Controllers\\Book', true)
 5 SYSTEMPATH\CodeIgniter.php(489): CodeIgniter\CodeIgniter->startController()
 6 SYSTEMPATH\CodeIgniter.php(361): CodeIgniter\CodeIgniter->handleRequest(null, Object(Config\Cache), false)
 7 FCPATH\index.php(79): CodeIgniter\CodeIgniter->run()
CRITICAL - 2023-10-30 20:11:47 --> Attempt to read property "title" on string
in APPPATH\Views\book.php on line 4.
 1 APPPATH\Views\book.php(4): CodeIgniter\Debug\Exceptions->errorHandler(2, 'Attempt to read property "title" on string', 'C:\\wamp64\\www\\framework-4.4.2\\app\\Views\\book.php', 4)
 2 SYSTEMPATH\View\View.php(228): include('C:\\wamp64\\www\\framework-4.4.2\\app\\Views\\book.php')
 3 SYSTEMPATH\View\View.php(231): CodeIgniter\View\View->CodeIgniter\View\{closure}()
 4 SYSTEMPATH\Common.php(1190): CodeIgniter\View\View->render('book', [], true)
 5 APPPATH\Controllers\Book.php(29): view('book', [...])
 6 SYSTEMPATH\CodeIgniter.php(942): App\Controllers\Book->getBook('5')
 7 SYSTEMPATH\CodeIgniter.php(502): CodeIgniter\CodeIgniter->runController(Object(App\Controllers\Book))
 8 SYSTEMPATH\CodeIgniter.php(361): CodeIgniter\CodeIgniter->handleRequest(null, Object(Config\Cache), false)
 9 FCPATH\index.php(79): CodeIgniter\CodeIgniter->run()
CRITICAL - 2023-10-30 20:11:56 --> Attempt to read property "title" on string
in APPPATH\Views\book.php on line 4.
 1 APPPATH\Views\book.php(4): CodeIgniter\Debug\Exceptions->errorHandler(2, 'Attempt to read property "title" on string', 'C:\\wamp64\\www\\framework-4.4.2\\app\\Views\\book.php', 4)
 2 SYSTEMPATH\View\View.php(228): include('C:\\wamp64\\www\\framework-4.4.2\\app\\Views\\book.php')
 3 SYSTEMPATH\View\View.php(231): CodeIgniter\View\View->CodeIgniter\View\{closure}()
 4 SYSTEMPATH\Common.php(1190): CodeIgniter\View\View->render('book', [], true)
 5 APPPATH\Controllers\Book.php(29): view('book', [...])
 6 SYSTEMPATH\CodeIgniter.php(942): App\Controllers\Book->getBook('1')
 7 SYSTEMPATH\CodeIgniter.php(502): CodeIgniter\CodeIgniter->runController(Object(App\Controllers\Book))
 8 SYSTEMPATH\CodeIgniter.php(361): CodeIgniter\CodeIgniter->handleRequest(null, Object(Config\Cache), false)
 9 FCPATH\index.php(79): CodeIgniter\CodeIgniter->run()
CRITICAL - 2023-10-30 20:11:59 --> Attempt to read property "title" on string
in APPPATH\Views\book.php on line 4.
 1 APPPATH\Views\book.php(4): CodeIgniter\Debug\Exceptions->errorHandler(2, 'Attempt to read property "title" on string', 'C:\\wamp64\\www\\framework-4.4.2\\app\\Views\\book.php', 4)
 2 SYSTEMPATH\View\View.php(228): include('C:\\wamp64\\www\\framework-4.4.2\\app\\Views\\book.php')
 3 SYSTEMPATH\View\View.php(231): CodeIgniter\View\View->CodeIgniter\View\{closure}()
 4 SYSTEMPATH\Common.php(1190): CodeIgniter\View\View->render('book', [], true)
 5 APPPATH\Controllers\Book.php(29): view('book', [...])
 6 SYSTEMPATH\CodeIgniter.php(942): App\Controllers\Book->getBook('5')
 7 SYSTEMPATH\CodeIgniter.php(502): CodeIgniter\CodeIgniter->runController(Object(App\Controllers\Book))
 8 SYSTEMPATH\CodeIgniter.php(361): CodeIgniter\CodeIgniter->handleRequest(null, Object(Config\Cache), false)
 9 FCPATH\index.php(79): CodeIgniter\CodeIgniter->run()
CRITICAL - 2023-10-30 20:12:05 --> Attempt to read property "title" on string
in APPPATH\Views\book.php on line 4.
 1 APPPATH\Views\book.php(4): CodeIgniter\Debug\Exceptions->errorHandler(2, 'Attempt to read property "title" on string', 'C:\\wamp64\\www\\framework-4.4.2\\app\\Views\\book.php', 4)
 2 SYSTEMPATH\View\View.php(228): include('C:\\wamp64\\www\\framework-4.4.2\\app\\Views\\book.php')
 3 SYSTEMPATH\View\View.php(231): CodeIgniter\View\View->CodeIgniter\View\{closure}()
 4 SYSTEMPATH\Common.php(1190): CodeIgniter\View\View->render('book', [], true)
 5 APPPATH\Controllers\Book.php(29): view('book', [...])
 6 SYSTEMPATH\CodeIgniter.php(942): App\Controllers\Book->getBook('7')
 7 SYSTEMPATH\CodeIgniter.php(502): CodeIgniter\CodeIgniter->runController(Object(App\Controllers\Book))
 8 SYSTEMPATH\CodeIgniter.php(361): CodeIgniter\CodeIgniter->handleRequest(null, Object(Config\Cache), false)
 9 FCPATH\index.php(79): CodeIgniter\CodeIgniter->run()
CRITICAL - 2023-10-30 20:13:04 --> Attempt to read property "id" on string
in APPPATH\Views\book.php on line 18.
 1 APPPATH\Views\book.php(18): CodeIgniter\Debug\Exceptions->errorHandler(2, 'Attempt to read property "id" on string', 'C:\\wamp64\\www\\framework-4.4.2\\app\\Views\\book.php', 18)
 2 SYSTEMPATH\View\View.php(228): include('C:\\wamp64\\www\\framework-4.4.2\\app\\Views\\book.php')
 3 SYSTEMPATH\View\View.php(231): CodeIgniter\View\View->CodeIgniter\View\{closure}()
 4 SYSTEMPATH\Common.php(1190): CodeIgniter\View\View->render('book', [], true)
 5 APPPATH\Controllers\Book.php(29): view('book', [...])
 6 SYSTEMPATH\CodeIgniter.php(942): App\Controllers\Book->getBook('7')
 7 SYSTEMPATH\CodeIgniter.php(502): CodeIgniter\CodeIgniter->runController(Object(App\Controllers\Book))
 8 SYSTEMPATH\CodeIgniter.php(361): CodeIgniter\CodeIgniter->handleRequest(null, Object(Config\Cache), false)
 9 FCPATH\index.php(79): CodeIgniter\CodeIgniter->run()
