INFO - 2024-01-23 19:07:05 --> Session: Class initialized using 'CodeIgniter\Session\Handlers\FileHandler' driver.
INFO - 2024-01-23 19:07:13 --> Session: Class initialized using 'CodeIgniter\Session\Handlers\FileHandler' driver.
INFO - 2024-01-23 19:07:14 --> Session: Class initialized using 'CodeIgniter\Session\Handlers\FileHandler' driver.
INFO - 2024-01-23 19:07:17 --> Session: Class initialized using 'CodeIgniter\Session\Handlers\FileHandler' driver.
INFO - 2024-01-23 19:07:23 --> Session: Class initialized using 'CodeIgniter\Session\Handlers\FileHandler' driver.
INFO - 2024-01-23 19:07:23 --> Session: Class initialized using 'CodeIgniter\Session\Handlers\FileHandler' driver.
INFO - 2024-01-23 19:07:28 --> Session: Class initialized using 'CodeIgniter\Session\Handlers\FileHandler' driver.
INFO - 2024-01-23 19:07:30 --> Session: Class initialized using 'CodeIgniter\Session\Handlers\FileHandler' driver.
CRITICAL - 2024-01-23 19:07:30 --> Class "Fpdi" not found
in APPPATH\Controllers\BookController.php on line 79.
 1 SYSTEMPATH\CodeIgniter.php(942): App\Controllers\BookController->getBookPDF('100')
 2 SYSTEMPATH\CodeIgniter.php(502): CodeIgniter\CodeIgniter->runController(Object(App\Controllers\BookController))
 3 SYSTEMPATH\CodeIgniter.php(361): CodeIgniter\CodeIgniter->handleRequest(null, Object(Config\Cache), false)
 4 FCPATH\index.php(79): CodeIgniter\CodeIgniter->run()
INFO - 2024-01-23 19:08:09 --> Session: Class initialized using 'CodeIgniter\Session\Handlers\FileHandler' driver.
CRITICAL - 2024-01-23 19:08:09 --> Call to undefined function setasign\Fpdi()
in APPPATH\Controllers\BookController.php on line 79.
 1 SYSTEMPATH\CodeIgniter.php(942): App\Controllers\BookController->getBookPDF('100')
 2 SYSTEMPATH\CodeIgniter.php(502): CodeIgniter\CodeIgniter->runController(Object(App\Controllers\BookController))
 3 SYSTEMPATH\CodeIgniter.php(361): CodeIgniter\CodeIgniter->handleRequest(null, Object(Config\Cache), false)
 4 FCPATH\index.php(79): CodeIgniter\CodeIgniter->run()
INFO - 2024-01-23 19:08:26 --> Session: Class initialized using 'CodeIgniter\Session\Handlers\FileHandler' driver.
CRITICAL - 2024-01-23 19:08:26 --> Call to undefined function App\Controllers\setasign\Fpdi\Fpdi()
in APPPATH\Controllers\BookController.php on line 79.
 1 SYSTEMPATH\CodeIgniter.php(942): App\Controllers\BookController->getBookPDF('100')
 2 SYSTEMPATH\CodeIgniter.php(502): CodeIgniter\CodeIgniter->runController(Object(App\Controllers\BookController))
 3 SYSTEMPATH\CodeIgniter.php(361): CodeIgniter\CodeIgniter->handleRequest(null, Object(Config\Cache), false)
 4 FCPATH\index.php(79): CodeIgniter\CodeIgniter->run()
INFO - 2024-01-23 19:08:44 --> Session: Class initialized using 'CodeIgniter\Session\Handlers\FileHandler' driver.
CRITICAL - 2024-01-23 19:08:44 --> Call to undefined function App\Controllers\setasign\Fpdi()
in APPPATH\Controllers\BookController.php on line 79.
 1 SYSTEMPATH\CodeIgniter.php(942): App\Controllers\BookController->getBookPDF('100')
 2 SYSTEMPATH\CodeIgniter.php(502): CodeIgniter\CodeIgniter->runController(Object(App\Controllers\BookController))
 3 SYSTEMPATH\CodeIgniter.php(361): CodeIgniter\CodeIgniter->handleRequest(null, Object(Config\Cache), false)
 4 FCPATH\index.php(79): CodeIgniter\CodeIgniter->run()
INFO - 2024-01-23 19:09:48 --> Session: Class initialized using 'CodeIgniter\Session\Handlers\FileHandler' driver.
CRITICAL - 2024-01-23 19:09:48 --> Call to undefined function App\Controllers\Fpdi()
in APPPATH\Controllers\BookController.php on line 79.
 1 SYSTEMPATH\CodeIgniter.php(942): App\Controllers\BookController->getBookPDF('100')
 2 SYSTEMPATH\CodeIgniter.php(502): CodeIgniter\CodeIgniter->runController(Object(App\Controllers\BookController))
 3 SYSTEMPATH\CodeIgniter.php(361): CodeIgniter\CodeIgniter->handleRequest(null, Object(Config\Cache), false)
 4 FCPATH\index.php(79): CodeIgniter\CodeIgniter->run()
INFO - 2024-01-23 19:10:28 --> Session: Class initialized using 'CodeIgniter\Session\Handlers\FileHandler' driver.
CRITICAL - 2024-01-23 19:10:28 --> Call to undefined function App\Controllers\setasign\FpdfTpl()
in APPPATH\Controllers\BookController.php on line 80.
 1 SYSTEMPATH\CodeIgniter.php(942): App\Controllers\BookController->getBookPDF('100')
 2 SYSTEMPATH\CodeIgniter.php(502): CodeIgniter\CodeIgniter->runController(Object(App\Controllers\BookController))
 3 SYSTEMPATH\CodeIgniter.php(361): CodeIgniter\CodeIgniter->handleRequest(null, Object(Config\Cache), false)
 4 FCPATH\index.php(79): CodeIgniter\CodeIgniter->run()
INFO - 2024-01-23 19:11:45 --> Session: Class initialized using 'CodeIgniter\Session\Handlers\FileHandler' driver.
CRITICAL - 2024-01-23 19:11:45 --> Call to undefined function App\Controllers\setasign\Fpdi()
in APPPATH\Controllers\BookController.php on line 80.
 1 SYSTEMPATH\CodeIgniter.php(942): App\Controllers\BookController->getBookPDF('100')
 2 SYSTEMPATH\CodeIgniter.php(502): CodeIgniter\CodeIgniter->runController(Object(App\Controllers\BookController))
 3 SYSTEMPATH\CodeIgniter.php(361): CodeIgniter\CodeIgniter->handleRequest(null, Object(Config\Cache), false)
 4 FCPATH\index.php(79): CodeIgniter\CodeIgniter->run()
INFO - 2024-01-23 19:12:10 --> Session: Class initialized using 'CodeIgniter\Session\Handlers\FileHandler' driver.
CRITICAL - 2024-01-23 19:12:10 --> Class "Fpdi" not found
in APPPATH\Controllers\BookController.php on line 80.
 1 SYSTEMPATH\CodeIgniter.php(942): App\Controllers\BookController->getBookPDF('100')
 2 SYSTEMPATH\CodeIgniter.php(502): CodeIgniter\CodeIgniter->runController(Object(App\Controllers\BookController))
 3 SYSTEMPATH\CodeIgniter.php(361): CodeIgniter\CodeIgniter->handleRequest(null, Object(Config\Cache), false)
 4 FCPATH\index.php(79): CodeIgniter\CodeIgniter->run()
INFO - 2024-01-23 19:12:11 --> Session: Class initialized using 'CodeIgniter\Session\Handlers\FileHandler' driver.
CRITICAL - 2024-01-23 19:12:11 --> Class "Fpdi" not found
in APPPATH\Controllers\BookController.php on line 80.
 1 SYSTEMPATH\CodeIgniter.php(942): App\Controllers\BookController->getBookPDF('100')
 2 SYSTEMPATH\CodeIgniter.php(502): CodeIgniter\CodeIgniter->runController(Object(App\Controllers\BookController))
 3 SYSTEMPATH\CodeIgniter.php(361): CodeIgniter\CodeIgniter->handleRequest(null, Object(Config\Cache), false)
 4 FCPATH\index.php(79): CodeIgniter\CodeIgniter->run()
INFO - 2024-01-23 19:12:36 --> Session: Class initialized using 'CodeIgniter\Session\Handlers\FileHandler' driver.
CRITICAL - 2024-01-23 19:12:36 --> Class "setasign\Fpdi\FpdfTpl" not found
in APPPATH\Controllers\BookController.php on line 80.
 1 SYSTEMPATH\CodeIgniter.php(942): App\Controllers\BookController->getBookPDF('100')
 2 SYSTEMPATH\CodeIgniter.php(502): CodeIgniter\CodeIgniter->runController(Object(App\Controllers\BookController))
 3 SYSTEMPATH\CodeIgniter.php(361): CodeIgniter\CodeIgniter->handleRequest(null, Object(Config\Cache), false)
 4 FCPATH\index.php(79): CodeIgniter\CodeIgniter->run()
INFO - 2024-01-23 19:12:47 --> Session: Class initialized using 'CodeIgniter\Session\Handlers\FileHandler' driver.
CRITICAL - 2024-01-23 19:12:47 --> Class "Fpdi" not found
in APPPATH\Controllers\BookController.php on line 80.
 1 SYSTEMPATH\CodeIgniter.php(942): App\Controllers\BookController->getBookPDF('100')
 2 SYSTEMPATH\CodeIgniter.php(502): CodeIgniter\CodeIgniter->runController(Object(App\Controllers\BookController))
 3 SYSTEMPATH\CodeIgniter.php(361): CodeIgniter\CodeIgniter->handleRequest(null, Object(Config\Cache), false)
 4 FCPATH\index.php(79): CodeIgniter\CodeIgniter->run()
INFO - 2024-01-23 19:13:16 --> Session: Class initialized using 'CodeIgniter\Session\Handlers\FileHandler' driver.
INFO - 2024-01-23 19:13:19 --> Session: Class initialized using 'CodeIgniter\Session\Handlers\FileHandler' driver.
CRITICAL - 2024-01-23 19:13:19 --> Class "setasign\Fpdi\Fpdi" not found
in APPPATH\Controllers\BookController.php on line 80.
 1 SYSTEMPATH\CodeIgniter.php(942): App\Controllers\BookController->getBookPDF('100')
 2 SYSTEMPATH\CodeIgniter.php(502): CodeIgniter\CodeIgniter->runController(Object(App\Controllers\BookController))
 3 SYSTEMPATH\CodeIgniter.php(361): CodeIgniter\CodeIgniter->handleRequest(null, Object(Config\Cache), false)
 4 FCPATH\index.php(79): CodeIgniter\CodeIgniter->run()
INFO - 2024-01-23 19:16:19 --> Session: Class initialized using 'CodeIgniter\Session\Handlers\FileHandler' driver.
CRITICAL - 2024-01-23 19:16:19 --> Class "Fpdi" not found
in APPPATH\Controllers\BookController.php on line 80.
 1 SYSTEMPATH\CodeIgniter.php(942): App\Controllers\BookController->getBookPDF('100')
 2 SYSTEMPATH\CodeIgniter.php(502): CodeIgniter\CodeIgniter->runController(Object(App\Controllers\BookController))
 3 SYSTEMPATH\CodeIgniter.php(361): CodeIgniter\CodeIgniter->handleRequest(null, Object(Config\Cache), false)
 4 FCPATH\index.php(79): CodeIgniter\CodeIgniter->run()
INFO - 2024-01-23 19:16:45 --> Session: Class initialized using 'CodeIgniter\Session\Handlers\FileHandler' driver.
CRITICAL - 2024-01-23 19:16:45 --> Class "setasign\Fpdi" not found
in APPPATH\Controllers\BookController.php on line 80.
 1 SYSTEMPATH\CodeIgniter.php(942): App\Controllers\BookController->getBookPDF('100')
 2 SYSTEMPATH\CodeIgniter.php(502): CodeIgniter\CodeIgniter->runController(Object(App\Controllers\BookController))
 3 SYSTEMPATH\CodeIgniter.php(361): CodeIgniter\CodeIgniter->handleRequest(null, Object(Config\Cache), false)
 4 FCPATH\index.php(79): CodeIgniter\CodeIgniter->run()
CRITICAL - 2024-01-23 19:17:53 --> Class "setasign\Fpdi\BaseController" not found
in APPPATH\Controllers\BookController.php on line 9.
 1 SYSTEMPATH\Autoloader\Autoloader.php(312): include_once()
 2 SYSTEMPATH\Autoloader\Autoloader.php(291): CodeIgniter\Autoloader\Autoloader->includeFile('D:\\projects\\biblioteka_cyfr\\app\\Controllers\\BookController.php')
 3 SYSTEMPATH\Autoloader\Autoloader.php(269): CodeIgniter\Autoloader\Autoloader->loadInNamespace('App\\Controllers\\BookController')
 4 [internal function]: CodeIgniter\Autoloader\Autoloader->loadClass('App\\Controllers\\BookController')
 5 SYSTEMPATH\CodeIgniter.php(900): class_exists('\\App\\Controllers\\BookController', true)
 6 SYSTEMPATH\CodeIgniter.php(489): CodeIgniter\CodeIgniter->startController()
 7 SYSTEMPATH\CodeIgniter.php(361): CodeIgniter\CodeIgniter->handleRequest(null, Object(Config\Cache), false)
 8 FCPATH\index.php(79): CodeIgniter\CodeIgniter->run()
CRITICAL - 2024-01-23 19:18:40 --> Class "setasign\Fpdi\BaseController" not found
in APPPATH\Controllers\BookController.php on line 9.
 1 SYSTEMPATH\Autoloader\Autoloader.php(312): include_once()
 2 SYSTEMPATH\Autoloader\Autoloader.php(291): CodeIgniter\Autoloader\Autoloader->includeFile('D:\\projects\\biblioteka_cyfr\\app\\Controllers\\BookController.php')
 3 SYSTEMPATH\Autoloader\Autoloader.php(269): CodeIgniter\Autoloader\Autoloader->loadInNamespace('App\\Controllers\\BookController')
 4 [internal function]: CodeIgniter\Autoloader\Autoloader->loadClass('App\\Controllers\\BookController')
 5 SYSTEMPATH\CodeIgniter.php(900): class_exists('\\App\\Controllers\\BookController', true)
 6 SYSTEMPATH\CodeIgniter.php(489): CodeIgniter\CodeIgniter->startController()
 7 SYSTEMPATH\CodeIgniter.php(361): CodeIgniter\CodeIgniter->handleRequest(null, Object(Config\Cache), false)
 8 FCPATH\index.php(79): CodeIgniter\CodeIgniter->run()
INFO - 2024-01-23 19:19:32 --> Session: Class initialized using 'CodeIgniter\Session\Handlers\FileHandler' driver.
INFO - 2024-01-23 19:20:02 --> Session: Class initialized using 'CodeIgniter\Session\Handlers\FileHandler' driver.
INFO - 2024-01-23 19:20:25 --> Session: Class initialized using 'CodeIgniter\Session\Handlers\FileHandler' driver.
INFO - 2024-01-23 19:20:26 --> Session: Class initialized using 'CodeIgniter\Session\Handlers\FileHandler' driver.
INFO - 2024-01-23 19:21:02 --> Session: Class initialized using 'CodeIgniter\Session\Handlers\FileHandler' driver.
CRITICAL - 2024-01-23 19:21:02 --> Class "App\Controllers\pdf" not found
in APPPATH\Controllers\BookController.php on line 79.
 1 SYSTEMPATH\CodeIgniter.php(942): App\Controllers\BookController->getBookPDF('100')
 2 SYSTEMPATH\CodeIgniter.php(502): CodeIgniter\CodeIgniter->runController(Object(App\Controllers\BookController))
 3 SYSTEMPATH\CodeIgniter.php(361): CodeIgniter\CodeIgniter->handleRequest(null, Object(Config\Cache), false)
 4 FCPATH\index.php(79): CodeIgniter\CodeIgniter->run()
INFO - 2024-01-23 19:31:02 --> Session: Class initialized using 'CodeIgniter\Session\Handlers\FileHandler' driver.
CRITICAL - 2024-01-23 19:31:02 --> Class "setasign\Fpdi" not found
in APPPATH\Controllers\BookController.php on line 82.
 1 SYSTEMPATH\CodeIgniter.php(942): App\Controllers\BookController->getBookPDF('100')
 2 SYSTEMPATH\CodeIgniter.php(502): CodeIgniter\CodeIgniter->runController(Object(App\Controllers\BookController))
 3 SYSTEMPATH\CodeIgniter.php(361): CodeIgniter\CodeIgniter->handleRequest(null, Object(Config\Cache), false)
 4 FCPATH\index.php(79): CodeIgniter\CodeIgniter->run()
INFO - 2024-01-23 19:31:09 --> Session: Class initialized using 'CodeIgniter\Session\Handlers\FileHandler' driver.
CRITICAL - 2024-01-23 19:31:09 --> Class "setasign\Fpdi" not found
in APPPATH\Controllers\BookController.php on line 82.
 1 SYSTEMPATH\CodeIgniter.php(942): App\Controllers\BookController->getBookPDF('100')
 2 SYSTEMPATH\CodeIgniter.php(502): CodeIgniter\CodeIgniter->runController(Object(App\Controllers\BookController))
 3 SYSTEMPATH\CodeIgniter.php(361): CodeIgniter\CodeIgniter->handleRequest(null, Object(Config\Cache), false)
 4 FCPATH\index.php(79): CodeIgniter\CodeIgniter->run()
INFO - 2024-01-23 19:31:19 --> Session: Class initialized using 'CodeIgniter\Session\Handlers\FileHandler' driver.
CRITICAL - 2024-01-23 19:31:19 --> Call to undefined method Dompdf\Dompdf::AddPage()
in APPPATH\Controllers\BookController.php on line 84.
 1 SYSTEMPATH\CodeIgniter.php(942): App\Controllers\BookController->getBookPDF('100')
 2 SYSTEMPATH\CodeIgniter.php(502): CodeIgniter\CodeIgniter->runController(Object(App\Controllers\BookController))
 3 SYSTEMPATH\CodeIgniter.php(361): CodeIgniter\CodeIgniter->handleRequest(null, Object(Config\Cache), false)
 4 FCPATH\index.php(79): CodeIgniter\CodeIgniter->run()
INFO - 2024-01-23 19:31:51 --> Session: Class initialized using 'CodeIgniter\Session\Handlers\FileHandler' driver.
INFO - 2024-01-23 19:34:29 --> Session: Class initialized using 'CodeIgniter\Session\Handlers\FileHandler' driver.
INFO - 2024-01-23 19:34:45 --> Session: Class initialized using 'CodeIgniter\Session\Handlers\FileHandler' driver.
INFO - 2024-01-23 19:34:55 --> Session: Class initialized using 'CodeIgniter\Session\Handlers\FileHandler' driver.
INFO - 2024-01-23 19:37:03 --> Session: Class initialized using 'CodeIgniter\Session\Handlers\FileHandler' driver.
INFO - 2024-01-23 19:38:12 --> Session: Class initialized using 'CodeIgniter\Session\Handlers\FileHandler' driver.
INFO - 2024-01-23 19:41:15 --> Session: Class initialized using 'CodeIgniter\Session\Handlers\FileHandler' driver.
INFO - 2024-01-23 19:41:17 --> Session: Class initialized using 'CodeIgniter\Session\Handlers\FileHandler' driver.
CRITICAL - 2024-01-23 19:41:17 --> Too few arguments to function App\Controllers\BookController::App\Controllers\{closure}(), 4 passed in D:\projects\biblioteka_cyfr\vendor\dompdf\dompdf\src\Adapter\CPDF.php on line 895 and exactly 5 expected
in APPPATH\Controllers\BookController.php on line 100.
 1 VENDORPATH\dompdf\dompdf\src\Adapter\CPDF.php(895): App\Controllers\BookController->App\Controllers\{closure}(1, 3, Object(Dompdf\Adapter\CPDF), Object(Dompdf\FontMetrics))
 2 VENDORPATH\dompdf\dompdf\src\Adapter\CPDF.php(852): Dompdf\Adapter\CPDF->processPageScript(Object(Closure))
 3 APPPATH\Controllers\BookController.php(108): Dompdf\Adapter\CPDF->page_script(Object(Closure))
 4 SYSTEMPATH\CodeIgniter.php(942): App\Controllers\BookController->getBookPDF('100')
 5 SYSTEMPATH\CodeIgniter.php(502): CodeIgniter\CodeIgniter->runController(Object(App\Controllers\BookController))
 6 SYSTEMPATH\CodeIgniter.php(361): CodeIgniter\CodeIgniter->handleRequest(null, Object(Config\Cache), false)
 7 FCPATH\index.php(79): CodeIgniter\CodeIgniter->run()
CRITICAL - 2024-01-23 19:41:18 --> Allowed memory size of 134217728 bytes exhausted (tried to allocate 62177280 bytes)
【Previous Exception】
ArgumentCountError
Too few arguments to function App\Controllers\BookController::App\Controllers\{closure}(), 4 passed in D:\projects\biblioteka_cyfr\vendor\dompdf\dompdf\src\Adapter\CPDF.php on line 895 and exactly 5 expected
#0 D:\projects\biblioteka_cyfr\vendor\dompdf\dompdf\src\Adapter\CPDF.php(895): App\Controllers\BookController->App\Controllers\{closure}(1, 3, Object(Dompdf\Adapter\CPDF), Object(Dompdf\FontMetrics))
#1 D:\projects\biblioteka_cyfr\vendor\dompdf\dompdf\src\Adapter\CPDF.php(852): Dompdf\Adapter\CPDF->processPageScript(Object(Closure))
#2 D:\projects\biblioteka_cyfr\app\Controllers\BookController.php(108): Dompdf\Adapter\CPDF->page_script(Object(Closure))
#3 D:\projects\biblioteka_cyfr\system\CodeIgniter.php(942): App\Controllers\BookController->getBookPDF('100')
#4 D:\projects\biblioteka_cyfr\system\CodeIgniter.php(502): CodeIgniter\CodeIgniter->runController(Object(App\Controllers\BookController))
#5 D:\projects\biblioteka_cyfr\system\CodeIgniter.php(361): CodeIgniter\CodeIgniter->handleRequest(NULL, Object(Config\Cache), false)
#6 D:\projects\biblioteka_cyfr\public\index.php(79): CodeIgniter\CodeIgniter->run()
#7 {main}
in APPPATH\Views\errors\html\error_exception.php on line 101.
 1 [internal function]: CodeIgniter\Debug\Exceptions->shutdownHandler()
INFO - 2024-01-23 19:41:26 --> Session: Class initialized using 'CodeIgniter\Session\Handlers\FileHandler' driver.
CRITICAL - 2024-01-23 19:41:27 --> Too few arguments to function App\Controllers\BookController::App\Controllers\{closure}(), 4 passed in D:\projects\biblioteka_cyfr\vendor\dompdf\dompdf\src\Adapter\CPDF.php on line 895 and exactly 5 expected
in APPPATH\Controllers\BookController.php on line 100.
 1 VENDORPATH\dompdf\dompdf\src\Adapter\CPDF.php(895): App\Controllers\BookController->App\Controllers\{closure}(1, 3, Object(Dompdf\Adapter\CPDF), Object(Dompdf\FontMetrics))
 2 VENDORPATH\dompdf\dompdf\src\Adapter\CPDF.php(852): Dompdf\Adapter\CPDF->processPageScript(Object(Closure))
 3 APPPATH\Controllers\BookController.php(108): Dompdf\Adapter\CPDF->page_script(Object(Closure))
 4 SYSTEMPATH\CodeIgniter.php(942): App\Controllers\BookController->getBookPDF('100')
 5 SYSTEMPATH\CodeIgniter.php(502): CodeIgniter\CodeIgniter->runController(Object(App\Controllers\BookController))
 6 SYSTEMPATH\CodeIgniter.php(361): CodeIgniter\CodeIgniter->handleRequest(null, Object(Config\Cache), false)
 7 FCPATH\index.php(79): CodeIgniter\CodeIgniter->run()
CRITICAL - 2024-01-23 19:41:28 --> Allowed memory size of 134217728 bytes exhausted (tried to allocate 62177280 bytes)
【Previous Exception】
ArgumentCountError
Too few arguments to function App\Controllers\BookController::App\Controllers\{closure}(), 4 passed in D:\projects\biblioteka_cyfr\vendor\dompdf\dompdf\src\Adapter\CPDF.php on line 895 and exactly 5 expected
#0 D:\projects\biblioteka_cyfr\vendor\dompdf\dompdf\src\Adapter\CPDF.php(895): App\Controllers\BookController->App\Controllers\{closure}(1, 3, Object(Dompdf\Adapter\CPDF), Object(Dompdf\FontMetrics))
#1 D:\projects\biblioteka_cyfr\vendor\dompdf\dompdf\src\Adapter\CPDF.php(852): Dompdf\Adapter\CPDF->processPageScript(Object(Closure))
#2 D:\projects\biblioteka_cyfr\app\Controllers\BookController.php(108): Dompdf\Adapter\CPDF->page_script(Object(Closure))
#3 D:\projects\biblioteka_cyfr\system\CodeIgniter.php(942): App\Controllers\BookController->getBookPDF('100')
#4 D:\projects\biblioteka_cyfr\system\CodeIgniter.php(502): CodeIgniter\CodeIgniter->runController(Object(App\Controllers\BookController))
#5 D:\projects\biblioteka_cyfr\system\CodeIgniter.php(361): CodeIgniter\CodeIgniter->handleRequest(NULL, Object(Config\Cache), false)
#6 D:\projects\biblioteka_cyfr\public\index.php(79): CodeIgniter\CodeIgniter->run()
#7 {main}
in APPPATH\Views\errors\html\error_exception.php on line 101.
 1 [internal function]: CodeIgniter\Debug\Exceptions->shutdownHandler()
INFO - 2024-01-23 19:44:23 --> Session: Class initialized using 'CodeIgniter\Session\Handlers\FileHandler' driver.
INFO - 2024-01-23 19:44:25 --> Session: Class initialized using 'CodeIgniter\Session\Handlers\FileHandler' driver.
CRITICAL - 2024-01-23 19:44:25 --> Too few arguments to function App\Controllers\BookController::App\Controllers\{closure}(), 4 passed in D:\projects\biblioteka_cyfr\vendor\dompdf\dompdf\src\Adapter\CPDF.php on line 895 and exactly 5 expected
in APPPATH\Controllers\BookController.php on line 101.
 1 VENDORPATH\dompdf\dompdf\src\Adapter\CPDF.php(895): App\Controllers\BookController->App\Controllers\{closure}(1, 3, Object(Dompdf\Adapter\CPDF), Object(Dompdf\FontMetrics))
 2 VENDORPATH\dompdf\dompdf\src\Adapter\CPDF.php(852): Dompdf\Adapter\CPDF->processPageScript(Object(Closure))
 3 APPPATH\Controllers\BookController.php(110): Dompdf\Adapter\CPDF->page_script(Object(Closure))
 4 SYSTEMPATH\CodeIgniter.php(942): App\Controllers\BookController->getBookPDF('100')
 5 SYSTEMPATH\CodeIgniter.php(502): CodeIgniter\CodeIgniter->runController(Object(App\Controllers\BookController))
 6 SYSTEMPATH\CodeIgniter.php(361): CodeIgniter\CodeIgniter->handleRequest(null, Object(Config\Cache), false)
 7 FCPATH\index.php(79): CodeIgniter\CodeIgniter->run()
CRITICAL - 2024-01-23 19:44:27 --> Allowed memory size of 134217728 bytes exhausted (tried to allocate 62177280 bytes)
【Previous Exception】
ArgumentCountError
Too few arguments to function App\Controllers\BookController::App\Controllers\{closure}(), 4 passed in D:\projects\biblioteka_cyfr\vendor\dompdf\dompdf\src\Adapter\CPDF.php on line 895 and exactly 5 expected
#0 D:\projects\biblioteka_cyfr\vendor\dompdf\dompdf\src\Adapter\CPDF.php(895): App\Controllers\BookController->App\Controllers\{closure}(1, 3, Object(Dompdf\Adapter\CPDF), Object(Dompdf\FontMetrics))
#1 D:\projects\biblioteka_cyfr\vendor\dompdf\dompdf\src\Adapter\CPDF.php(852): Dompdf\Adapter\CPDF->processPageScript(Object(Closure))
#2 D:\projects\biblioteka_cyfr\app\Controllers\BookController.php(110): Dompdf\Adapter\CPDF->page_script(Object(Closure))
#3 D:\projects\biblioteka_cyfr\system\CodeIgniter.php(942): App\Controllers\BookController->getBookPDF('100')
#4 D:\projects\biblioteka_cyfr\system\CodeIgniter.php(502): CodeIgniter\CodeIgniter->runController(Object(App\Controllers\BookController))
#5 D:\projects\biblioteka_cyfr\system\CodeIgniter.php(361): CodeIgniter\CodeIgniter->handleRequest(NULL, Object(Config\Cache), false)
#6 D:\projects\biblioteka_cyfr\public\index.php(79): CodeIgniter\CodeIgniter->run()
#7 {main}
in APPPATH\Views\errors\html\error_exception.php on line 101.
 1 [internal function]: CodeIgniter\Debug\Exceptions->shutdownHandler()
INFO - 2024-01-23 19:44:52 --> Session: Class initialized using 'CodeIgniter\Session\Handlers\FileHandler' driver.
INFO - 2024-01-23 19:44:53 --> Session: Class initialized using 'CodeIgniter\Session\Handlers\FileHandler' driver.
CRITICAL - 2024-01-23 19:44:54 --> Too few arguments to function App\Controllers\BookController::App\Controllers\{closure}(), 4 passed in D:\projects\biblioteka_cyfr\vendor\dompdf\dompdf\src\Adapter\CPDF.php on line 895 and exactly 5 expected
in APPPATH\Controllers\BookController.php on line 101.
 1 VENDORPATH\dompdf\dompdf\src\Adapter\CPDF.php(895): App\Controllers\BookController->App\Controllers\{closure}(1, 3, Object(Dompdf\Adapter\CPDF), Object(Dompdf\FontMetrics))
 2 VENDORPATH\dompdf\dompdf\src\Adapter\CPDF.php(852): Dompdf\Adapter\CPDF->processPageScript(Object(Closure))
 3 APPPATH\Controllers\BookController.php(110): Dompdf\Adapter\CPDF->page_script(Object(Closure))
 4 SYSTEMPATH\CodeIgniter.php(942): App\Controllers\BookController->getBookPDF('100')
 5 SYSTEMPATH\CodeIgniter.php(502): CodeIgniter\CodeIgniter->runController(Object(App\Controllers\BookController))
 6 SYSTEMPATH\CodeIgniter.php(361): CodeIgniter\CodeIgniter->handleRequest(null, Object(Config\Cache), false)
 7 FCPATH\index.php(79): CodeIgniter\CodeIgniter->run()
CRITICAL - 2024-01-23 19:44:55 --> Allowed memory size of 134217728 bytes exhausted (tried to allocate 62177280 bytes)
【Previous Exception】
ArgumentCountError
Too few arguments to function App\Controllers\BookController::App\Controllers\{closure}(), 4 passed in D:\projects\biblioteka_cyfr\vendor\dompdf\dompdf\src\Adapter\CPDF.php on line 895 and exactly 5 expected
#0 D:\projects\biblioteka_cyfr\vendor\dompdf\dompdf\src\Adapter\CPDF.php(895): App\Controllers\BookController->App\Controllers\{closure}(1, 3, Object(Dompdf\Adapter\CPDF), Object(Dompdf\FontMetrics))
#1 D:\projects\biblioteka_cyfr\vendor\dompdf\dompdf\src\Adapter\CPDF.php(852): Dompdf\Adapter\CPDF->processPageScript(Object(Closure))
#2 D:\projects\biblioteka_cyfr\app\Controllers\BookController.php(110): Dompdf\Adapter\CPDF->page_script(Object(Closure))
#3 D:\projects\biblioteka_cyfr\system\CodeIgniter.php(942): App\Controllers\BookController->getBookPDF('100')
#4 D:\projects\biblioteka_cyfr\system\CodeIgniter.php(502): CodeIgniter\CodeIgniter->runController(Object(App\Controllers\BookController))
#5 D:\projects\biblioteka_cyfr\system\CodeIgniter.php(361): CodeIgniter\CodeIgniter->handleRequest(NULL, Object(Config\Cache), false)
#6 D:\projects\biblioteka_cyfr\public\index.php(79): CodeIgniter\CodeIgniter->run()
#7 {main}
in APPPATH\Views\errors\html\error_exception.php on line 101.
 1 [internal function]: CodeIgniter\Debug\Exceptions->shutdownHandler()
INFO - 2024-01-23 19:50:47 --> Session: Class initialized using 'CodeIgniter\Session\Handlers\FileHandler' driver.
INFO - 2024-01-23 20:15:50 --> Session: Class initialized using 'CodeIgniter\Session\Handlers\FileHandler' driver.
INFO - 2024-01-23 20:15:52 --> Session: Class initialized using 'CodeIgniter\Session\Handlers\FileHandler' driver.
CRITICAL - 2024-01-23 20:15:52 --> Too few arguments to function App\Controllers\BookController::App\Controllers\{closure}(), 4 passed in D:\projects\biblioteka_cyfr\vendor\dompdf\dompdf\src\Adapter\CPDF.php on line 895 and exactly 5 expected
in APPPATH\Controllers\BookController.php on line 101.
 1 VENDORPATH\dompdf\dompdf\src\Adapter\CPDF.php(895): App\Controllers\BookController->App\Controllers\{closure}(1, 3, Object(Dompdf\Adapter\CPDF), Object(Dompdf\FontMetrics))
 2 VENDORPATH\dompdf\dompdf\src\Adapter\CPDF.php(852): Dompdf\Adapter\CPDF->processPageScript(Object(Closure))
 3 APPPATH\Controllers\BookController.php(110): Dompdf\Adapter\CPDF->page_script(Object(Closure))
 4 SYSTEMPATH\CodeIgniter.php(942): App\Controllers\BookController->getBookPDF('100')
 5 SYSTEMPATH\CodeIgniter.php(502): CodeIgniter\CodeIgniter->runController(Object(App\Controllers\BookController))
 6 SYSTEMPATH\CodeIgniter.php(361): CodeIgniter\CodeIgniter->handleRequest(null, Object(Config\Cache), false)
 7 FCPATH\index.php(79): CodeIgniter\CodeIgniter->run()
CRITICAL - 2024-01-23 20:15:53 --> Allowed memory size of 134217728 bytes exhausted (tried to allocate 62177280 bytes)
【Previous Exception】
ArgumentCountError
Too few arguments to function App\Controllers\BookController::App\Controllers\{closure}(), 4 passed in D:\projects\biblioteka_cyfr\vendor\dompdf\dompdf\src\Adapter\CPDF.php on line 895 and exactly 5 expected
#0 D:\projects\biblioteka_cyfr\vendor\dompdf\dompdf\src\Adapter\CPDF.php(895): App\Controllers\BookController->App\Controllers\{closure}(1, 3, Object(Dompdf\Adapter\CPDF), Object(Dompdf\FontMetrics))
#1 D:\projects\biblioteka_cyfr\vendor\dompdf\dompdf\src\Adapter\CPDF.php(852): Dompdf\Adapter\CPDF->processPageScript(Object(Closure))
#2 D:\projects\biblioteka_cyfr\app\Controllers\BookController.php(110): Dompdf\Adapter\CPDF->page_script(Object(Closure))
#3 D:\projects\biblioteka_cyfr\system\CodeIgniter.php(942): App\Controllers\BookController->getBookPDF('100')
#4 D:\projects\biblioteka_cyfr\system\CodeIgniter.php(502): CodeIgniter\CodeIgniter->runController(Object(App\Controllers\BookController))
#5 D:\projects\biblioteka_cyfr\system\CodeIgniter.php(361): CodeIgniter\CodeIgniter->handleRequest(NULL, Object(Config\Cache), false)
#6 D:\projects\biblioteka_cyfr\public\index.php(79): CodeIgniter\CodeIgniter->run()
#7 {main}
in APPPATH\Views\errors\html\error_exception.php on line 101.
 1 [internal function]: CodeIgniter\Debug\Exceptions->shutdownHandler()
INFO - 2024-01-23 20:16:31 --> Session: Class initialized using 'CodeIgniter\Session\Handlers\FileHandler' driver.
INFO - 2024-01-23 20:16:32 --> Session: Class initialized using 'CodeIgniter\Session\Handlers\FileHandler' driver.
CRITICAL - 2024-01-23 20:16:32 --> Too few arguments to function App\Controllers\BookController::App\Controllers\{closure}(), 4 passed in D:\projects\biblioteka_cyfr\vendor\dompdf\dompdf\src\Adapter\CPDF.php on line 895 and exactly 5 expected
in APPPATH\Controllers\BookController.php on line 101.
 1 VENDORPATH\dompdf\dompdf\src\Adapter\CPDF.php(895): App\Controllers\BookController->App\Controllers\{closure}(1, 3, Object(Dompdf\Adapter\CPDF), Object(Dompdf\FontMetrics))
 2 VENDORPATH\dompdf\dompdf\src\Adapter\CPDF.php(852): Dompdf\Adapter\CPDF->processPageScript(Object(Closure))
 3 APPPATH\Controllers\BookController.php(110): Dompdf\Adapter\CPDF->page_script(Object(Closure))
 4 SYSTEMPATH\CodeIgniter.php(942): App\Controllers\BookController->getBookPDF('100')
 5 SYSTEMPATH\CodeIgniter.php(502): CodeIgniter\CodeIgniter->runController(Object(App\Controllers\BookController))
 6 SYSTEMPATH\CodeIgniter.php(361): CodeIgniter\CodeIgniter->handleRequest(null, Object(Config\Cache), false)
 7 FCPATH\index.php(79): CodeIgniter\CodeIgniter->run()
CRITICAL - 2024-01-23 20:16:34 --> Allowed memory size of 134217728 bytes exhausted (tried to allocate 62177280 bytes)
【Previous Exception】
ArgumentCountError
Too few arguments to function App\Controllers\BookController::App\Controllers\{closure}(), 4 passed in D:\projects\biblioteka_cyfr\vendor\dompdf\dompdf\src\Adapter\CPDF.php on line 895 and exactly 5 expected
#0 D:\projects\biblioteka_cyfr\vendor\dompdf\dompdf\src\Adapter\CPDF.php(895): App\Controllers\BookController->App\Controllers\{closure}(1, 3, Object(Dompdf\Adapter\CPDF), Object(Dompdf\FontMetrics))
#1 D:\projects\biblioteka_cyfr\vendor\dompdf\dompdf\src\Adapter\CPDF.php(852): Dompdf\Adapter\CPDF->processPageScript(Object(Closure))
#2 D:\projects\biblioteka_cyfr\app\Controllers\BookController.php(110): Dompdf\Adapter\CPDF->page_script(Object(Closure))
#3 D:\projects\biblioteka_cyfr\system\CodeIgniter.php(942): App\Controllers\BookController->getBookPDF('100')
#4 D:\projects\biblioteka_cyfr\system\CodeIgniter.php(502): CodeIgniter\CodeIgniter->runController(Object(App\Controllers\BookController))
#5 D:\projects\biblioteka_cyfr\system\CodeIgniter.php(361): CodeIgniter\CodeIgniter->handleRequest(NULL, Object(Config\Cache), false)
#6 D:\projects\biblioteka_cyfr\public\index.php(79): CodeIgniter\CodeIgniter->run()
#7 {main}
in APPPATH\Views\errors\html\error_exception.php on line 101.
 1 [internal function]: CodeIgniter\Debug\Exceptions->shutdownHandler()
INFO - 2024-01-23 20:16:47 --> Session: Class initialized using 'CodeIgniter\Session\Handlers\FileHandler' driver.
CRITICAL - 2024-01-23 20:16:47 --> Too few arguments to function App\Controllers\BookController::App\Controllers\{closure}(), 4 passed in D:\projects\biblioteka_cyfr\vendor\dompdf\dompdf\src\Adapter\CPDF.php on line 895 and exactly 5 expected
in APPPATH\Controllers\BookController.php on line 101.
 1 VENDORPATH\dompdf\dompdf\src\Adapter\CPDF.php(895): App\Controllers\BookController->App\Controllers\{closure}(1, 3, Object(Dompdf\Adapter\CPDF), Object(Dompdf\FontMetrics))
 2 VENDORPATH\dompdf\dompdf\src\Adapter\CPDF.php(852): Dompdf\Adapter\CPDF->processPageScript(Object(Closure))
 3 APPPATH\Controllers\BookController.php(110): Dompdf\Adapter\CPDF->page_script(Object(Closure))
 4 SYSTEMPATH\CodeIgniter.php(942): App\Controllers\BookController->getBookPDF('100')
 5 SYSTEMPATH\CodeIgniter.php(502): CodeIgniter\CodeIgniter->runController(Object(App\Controllers\BookController))
 6 SYSTEMPATH\CodeIgniter.php(361): CodeIgniter\CodeIgniter->handleRequest(null, Object(Config\Cache), false)
 7 FCPATH\index.php(79): CodeIgniter\CodeIgniter->run()
CRITICAL - 2024-01-23 20:16:49 --> Allowed memory size of 134217728 bytes exhausted (tried to allocate 62177280 bytes)
【Previous Exception】
ArgumentCountError
Too few arguments to function App\Controllers\BookController::App\Controllers\{closure}(), 4 passed in D:\projects\biblioteka_cyfr\vendor\dompdf\dompdf\src\Adapter\CPDF.php on line 895 and exactly 5 expected
#0 D:\projects\biblioteka_cyfr\vendor\dompdf\dompdf\src\Adapter\CPDF.php(895): App\Controllers\BookController->App\Controllers\{closure}(1, 3, Object(Dompdf\Adapter\CPDF), Object(Dompdf\FontMetrics))
#1 D:\projects\biblioteka_cyfr\vendor\dompdf\dompdf\src\Adapter\CPDF.php(852): Dompdf\Adapter\CPDF->processPageScript(Object(Closure))
#2 D:\projects\biblioteka_cyfr\app\Controllers\BookController.php(110): Dompdf\Adapter\CPDF->page_script(Object(Closure))
#3 D:\projects\biblioteka_cyfr\system\CodeIgniter.php(942): App\Controllers\BookController->getBookPDF('100')
#4 D:\projects\biblioteka_cyfr\system\CodeIgniter.php(502): CodeIgniter\CodeIgniter->runController(Object(App\Controllers\BookController))
#5 D:\projects\biblioteka_cyfr\system\CodeIgniter.php(361): CodeIgniter\CodeIgniter->handleRequest(NULL, Object(Config\Cache), false)
#6 D:\projects\biblioteka_cyfr\public\index.php(79): CodeIgniter\CodeIgniter->run()
#7 {main}
in APPPATH\Views\errors\html\error_exception.php on line 101.
 1 [internal function]: CodeIgniter\Debug\Exceptions->shutdownHandler()
INFO - 2024-01-23 20:16:51 --> Session: Class initialized using 'CodeIgniter\Session\Handlers\FileHandler' driver.
INFO - 2024-01-23 20:16:52 --> Session: Class initialized using 'CodeIgniter\Session\Handlers\FileHandler' driver.
CRITICAL - 2024-01-23 20:16:52 --> Too few arguments to function App\Controllers\BookController::App\Controllers\{closure}(), 4 passed in D:\projects\biblioteka_cyfr\vendor\dompdf\dompdf\src\Adapter\CPDF.php on line 895 and exactly 5 expected
in APPPATH\Controllers\BookController.php on line 101.
 1 VENDORPATH\dompdf\dompdf\src\Adapter\CPDF.php(895): App\Controllers\BookController->App\Controllers\{closure}(1, 3, Object(Dompdf\Adapter\CPDF), Object(Dompdf\FontMetrics))
 2 VENDORPATH\dompdf\dompdf\src\Adapter\CPDF.php(852): Dompdf\Adapter\CPDF->processPageScript(Object(Closure))
 3 APPPATH\Controllers\BookController.php(110): Dompdf\Adapter\CPDF->page_script(Object(Closure))
 4 SYSTEMPATH\CodeIgniter.php(942): App\Controllers\BookController->getBookPDF('100')
 5 SYSTEMPATH\CodeIgniter.php(502): CodeIgniter\CodeIgniter->runController(Object(App\Controllers\BookController))
 6 SYSTEMPATH\CodeIgniter.php(361): CodeIgniter\CodeIgniter->handleRequest(null, Object(Config\Cache), false)
 7 FCPATH\index.php(79): CodeIgniter\CodeIgniter->run()
CRITICAL - 2024-01-23 20:16:54 --> Allowed memory size of 134217728 bytes exhausted (tried to allocate 62177280 bytes)
【Previous Exception】
ArgumentCountError
Too few arguments to function App\Controllers\BookController::App\Controllers\{closure}(), 4 passed in D:\projects\biblioteka_cyfr\vendor\dompdf\dompdf\src\Adapter\CPDF.php on line 895 and exactly 5 expected
#0 D:\projects\biblioteka_cyfr\vendor\dompdf\dompdf\src\Adapter\CPDF.php(895): App\Controllers\BookController->App\Controllers\{closure}(1, 3, Object(Dompdf\Adapter\CPDF), Object(Dompdf\FontMetrics))
#1 D:\projects\biblioteka_cyfr\vendor\dompdf\dompdf\src\Adapter\CPDF.php(852): Dompdf\Adapter\CPDF->processPageScript(Object(Closure))
#2 D:\projects\biblioteka_cyfr\app\Controllers\BookController.php(110): Dompdf\Adapter\CPDF->page_script(Object(Closure))
#3 D:\projects\biblioteka_cyfr\system\CodeIgniter.php(942): App\Controllers\BookController->getBookPDF('100')
#4 D:\projects\biblioteka_cyfr\system\CodeIgniter.php(502): CodeIgniter\CodeIgniter->runController(Object(App\Controllers\BookController))
#5 D:\projects\biblioteka_cyfr\system\CodeIgniter.php(361): CodeIgniter\CodeIgniter->handleRequest(NULL, Object(Config\Cache), false)
#6 D:\projects\biblioteka_cyfr\public\index.php(79): CodeIgniter\CodeIgniter->run()
#7 {main}
in APPPATH\Views\errors\html\error_exception.php on line 101.
 1 [internal function]: CodeIgniter\Debug\Exceptions->shutdownHandler()
INFO - 2024-01-23 20:37:14 --> Session: Class initialized using 'CodeIgniter\Session\Handlers\FileHandler' driver.
INFO - 2024-01-23 20:37:15 --> Session: Class initialized using 'CodeIgniter\Session\Handlers\FileHandler' driver.
CRITICAL - 2024-01-23 20:37:15 --> Too few arguments to function App\Controllers\BookController::App\Controllers\{closure}(), 4 passed in D:\projects\biblioteka_cyfr\vendor\dompdf\dompdf\src\Adapter\CPDF.php on line 895 and exactly 5 expected
in APPPATH\Controllers\BookController.php on line 101.
 1 VENDORPATH\dompdf\dompdf\src\Adapter\CPDF.php(895): App\Controllers\BookController->App\Controllers\{closure}(1, 3, Object(Dompdf\Adapter\CPDF), Object(Dompdf\FontMetrics))
 2 VENDORPATH\dompdf\dompdf\src\Adapter\CPDF.php(852): Dompdf\Adapter\CPDF->processPageScript(Object(Closure))
 3 APPPATH\Controllers\BookController.php(110): Dompdf\Adapter\CPDF->page_script(Object(Closure))
 4 SYSTEMPATH\CodeIgniter.php(942): App\Controllers\BookController->getBookPDF('100')
 5 SYSTEMPATH\CodeIgniter.php(502): CodeIgniter\CodeIgniter->runController(Object(App\Controllers\BookController))
 6 SYSTEMPATH\CodeIgniter.php(361): CodeIgniter\CodeIgniter->handleRequest(null, Object(Config\Cache), false)
 7 FCPATH\index.php(79): CodeIgniter\CodeIgniter->run()
CRITICAL - 2024-01-23 20:37:17 --> Allowed memory size of 134217728 bytes exhausted (tried to allocate 62238720 bytes)
【Previous Exception】
ArgumentCountError
Too few arguments to function App\Controllers\BookController::App\Controllers\{closure}(), 4 passed in D:\projects\biblioteka_cyfr\vendor\dompdf\dompdf\src\Adapter\CPDF.php on line 895 and exactly 5 expected
#0 D:\projects\biblioteka_cyfr\vendor\dompdf\dompdf\src\Adapter\CPDF.php(895): App\Controllers\BookController->App\Controllers\{closure}(1, 3, Object(Dompdf\Adapter\CPDF), Object(Dompdf\FontMetrics))
#1 D:\projects\biblioteka_cyfr\vendor\dompdf\dompdf\src\Adapter\CPDF.php(852): Dompdf\Adapter\CPDF->processPageScript(Object(Closure))
#2 D:\projects\biblioteka_cyfr\app\Controllers\BookController.php(110): Dompdf\Adapter\CPDF->page_script(Object(Closure))
#3 D:\projects\biblioteka_cyfr\system\CodeIgniter.php(942): App\Controllers\BookController->getBookPDF('100')
#4 D:\projects\biblioteka_cyfr\system\CodeIgniter.php(502): CodeIgniter\CodeIgniter->runController(Object(App\Controllers\BookController))
#5 D:\projects\biblioteka_cyfr\system\CodeIgniter.php(361): CodeIgniter\CodeIgniter->handleRequest(NULL, Object(Config\Cache), false)
#6 D:\projects\biblioteka_cyfr\public\index.php(79): CodeIgniter\CodeIgniter->run()
#7 {main}
in APPPATH\Views\errors\html\error_exception.php on line 101.
 1 [internal function]: CodeIgniter\Debug\Exceptions->shutdownHandler()
INFO - 2024-01-23 20:37:38 --> Session: Class initialized using 'CodeIgniter\Session\Handlers\FileHandler' driver.
INFO - 2024-01-23 20:37:40 --> Session: Class initialized using 'CodeIgniter\Session\Handlers\FileHandler' driver.
INFO - 2024-01-23 20:39:43 --> Session: Class initialized using 'CodeIgniter\Session\Handlers\FileHandler' driver.
INFO - 2024-01-23 20:39:46 --> Session: Class initialized using 'CodeIgniter\Session\Handlers\FileHandler' driver.
INFO - 2024-01-23 20:39:47 --> Session: Class initialized using 'CodeIgniter\Session\Handlers\FileHandler' driver.
INFO - 2024-01-23 20:40:31 --> Session: Class initialized using 'CodeIgniter\Session\Handlers\FileHandler' driver.
INFO - 2024-01-23 20:41:01 --> Session: Class initialized using 'CodeIgniter\Session\Handlers\FileHandler' driver.
INFO - 2024-01-23 20:44:58 --> Session: Class initialized using 'CodeIgniter\Session\Handlers\FileHandler' driver.
CRITICAL - 2024-01-23 20:44:58 --> Class "App\Controllers\FontMetrics" not found
in APPPATH\Controllers\BookController.php on line 112.
 1 SYSTEMPATH\CodeIgniter.php(942): App\Controllers\BookController->getBookPDF('100')
 2 SYSTEMPATH\CodeIgniter.php(502): CodeIgniter\CodeIgniter->runController(Object(App\Controllers\BookController))
 3 SYSTEMPATH\CodeIgniter.php(361): CodeIgniter\CodeIgniter->handleRequest(null, Object(Config\Cache), false)
 4 FCPATH\index.php(79): CodeIgniter\CodeIgniter->run()
INFO - 2024-01-23 20:45:33 --> Session: Class initialized using 'CodeIgniter\Session\Handlers\FileHandler' driver.
CRITICAL - 2024-01-23 20:45:33 --> Class "Dompdf\Dompdf\FontMetrics" not found
in APPPATH\Controllers\BookController.php on line 114.
 1 SYSTEMPATH\CodeIgniter.php(942): App\Controllers\BookController->getBookPDF('100')
 2 SYSTEMPATH\CodeIgniter.php(502): CodeIgniter\CodeIgniter->runController(Object(App\Controllers\BookController))
 3 SYSTEMPATH\CodeIgniter.php(361): CodeIgniter\CodeIgniter->handleRequest(null, Object(Config\Cache), false)
 4 FCPATH\index.php(79): CodeIgniter\CodeIgniter->run()
INFO - 2024-01-23 20:45:35 --> Session: Class initialized using 'CodeIgniter\Session\Handlers\FileHandler' driver.
CRITICAL - 2024-01-23 20:45:35 --> Class "Dompdf\Dompdf\FontMetrics" not found
in APPPATH\Controllers\BookController.php on line 114.
 1 SYSTEMPATH\CodeIgniter.php(942): App\Controllers\BookController->getBookPDF('100')
 2 SYSTEMPATH\CodeIgniter.php(502): CodeIgniter\CodeIgniter->runController(Object(App\Controllers\BookController))
 3 SYSTEMPATH\CodeIgniter.php(361): CodeIgniter\CodeIgniter->handleRequest(null, Object(Config\Cache), false)
 4 FCPATH\index.php(79): CodeIgniter\CodeIgniter->run()
INFO - 2024-01-23 20:47:27 --> Session: Class initialized using 'CodeIgniter\Session\Handlers\FileHandler' driver.
INFO - 2024-01-23 20:48:23 --> Session: Class initialized using 'CodeIgniter\Session\Handlers\FileHandler' driver.
INFO - 2024-01-23 20:48:42 --> Session: Class initialized using 'CodeIgniter\Session\Handlers\FileHandler' driver.
INFO - 2024-01-23 20:48:55 --> Session: Class initialized using 'CodeIgniter\Session\Handlers\FileHandler' driver.
INFO - 2024-01-23 20:49:48 --> Session: Class initialized using 'CodeIgniter\Session\Handlers\FileHandler' driver.
INFO - 2024-01-23 20:49:50 --> Session: Class initialized using 'CodeIgniter\Session\Handlers\FileHandler' driver.
INFO - 2024-01-23 20:51:40 --> Session: Class initialized using 'CodeIgniter\Session\Handlers\FileHandler' driver.
INFO - 2024-01-23 20:51:52 --> Session: Class initialized using 'CodeIgniter\Session\Handlers\FileHandler' driver.
INFO - 2024-01-23 20:52:58 --> Session: Class initialized using 'CodeIgniter\Session\Handlers\FileHandler' driver.
INFO - 2024-01-23 20:53:47 --> Session: Class initialized using 'CodeIgniter\Session\Handlers\FileHandler' driver.
INFO - 2024-01-23 20:53:57 --> Session: Class initialized using 'CodeIgniter\Session\Handlers\FileHandler' driver.
CRITICAL - 2024-01-23 20:53:57 --> Attempt to read property "id" on null
in APPPATH\Views\user.php on line 8.
 1 APPPATH\Views\user.php(8): CodeIgniter\Debug\Exceptions->errorHandler(2, 'Attempt to read property "id" on null', 'D:\\projects\\biblioteka_cyfr\\app\\Views\\user.php', 8)
 2 SYSTEMPATH\View\View.php(228): include('D:\\projects\\biblioteka_cyfr\\app\\Views\\user.php')
 3 SYSTEMPATH\View\View.php(231): CodeIgniter\View\View->CodeIgniter\View\{closure}()
 4 SYSTEMPATH\Common.php(1190): CodeIgniter\View\View->render('user', [], true)
 5 APPPATH\Controllers\UserController.php(19): view('user', [...])
 6 SYSTEMPATH\CodeIgniter.php(942): App\Controllers\UserController->index()
 7 SYSTEMPATH\CodeIgniter.php(502): CodeIgniter\CodeIgniter->runController(Object(App\Controllers\UserController))
 8 SYSTEMPATH\CodeIgniter.php(361): CodeIgniter\CodeIgniter->handleRequest(null, Object(Config\Cache), false)
 9 FCPATH\index.php(79): CodeIgniter\CodeIgniter->run()
INFO - 2024-01-23 20:55:18 --> Session: Class initialized using 'CodeIgniter\Session\Handlers\FileHandler' driver.
INFO - 2024-01-23 20:55:29 --> Session: Class initialized using 'CodeIgniter\Session\Handlers\FileHandler' driver.
INFO - 2024-01-23 20:55:45 --> Session: Class initialized using 'CodeIgniter\Session\Handlers\FileHandler' driver.
INFO - 2024-01-23 20:55:48 --> Session: Class initialized using 'CodeIgniter\Session\Handlers\FileHandler' driver.
INFO - 2024-01-23 20:57:06 --> Session: Class initialized using 'CodeIgniter\Session\Handlers\FileHandler' driver.
CRITICAL - 2024-01-23 20:57:06 --> Undefined property: stdClass::$id
in APPPATH\Views\book.php on line 76.
 1 APPPATH\Views\book.php(76): CodeIgniter\Debug\Exceptions->errorHandler(2, 'Undefined property: stdClass::$id', 'D:\\projects\\biblioteka_cyfr\\app\\Views\\book.php', 76)
 2 SYSTEMPATH\View\View.php(228): include('D:\\projects\\biblioteka_cyfr\\app\\Views\\book.php')
 3 SYSTEMPATH\View\View.php(231): CodeIgniter\View\View->CodeIgniter\View\{closure}()
 4 SYSTEMPATH\Common.php(1190): CodeIgniter\View\View->render('book', [], true)
 5 APPPATH\Controllers\BookController.php(73): view('book', [...])
 6 SYSTEMPATH\CodeIgniter.php(942): App\Controllers\BookController->getBook('100')
 7 SYSTEMPATH\CodeIgniter.php(502): CodeIgniter\CodeIgniter->runController(Object(App\Controllers\BookController))
 8 SYSTEMPATH\CodeIgniter.php(361): CodeIgniter\CodeIgniter->handleRequest(null, Object(Config\Cache), false)
 9 FCPATH\index.php(79): CodeIgniter\CodeIgniter->run()
INFO - 2024-01-23 20:57:10 --> Session: Class initialized using 'CodeIgniter\Session\Handlers\FileHandler' driver.
INFO - 2024-01-23 20:57:15 --> Session: Class initialized using 'CodeIgniter\Session\Handlers\FileHandler' driver.
INFO - 2024-01-23 20:57:21 --> Session: Class initialized using 'CodeIgniter\Session\Handlers\FileHandler' driver.
INFO - 2024-01-23 20:57:26 --> Session: Class initialized using 'CodeIgniter\Session\Handlers\FileHandler' driver.
CRITICAL - 2024-01-23 20:57:26 --> Undefined property: stdClass::$id
in APPPATH\Views\book.php on line 76.
 1 APPPATH\Views\book.php(76): CodeIgniter\Debug\Exceptions->errorHandler(2, 'Undefined property: stdClass::$id', 'D:\\projects\\biblioteka_cyfr\\app\\Views\\book.php', 76)
 2 SYSTEMPATH\View\View.php(228): include('D:\\projects\\biblioteka_cyfr\\app\\Views\\book.php')
 3 SYSTEMPATH\View\View.php(231): CodeIgniter\View\View->CodeIgniter\View\{closure}()
 4 SYSTEMPATH\Common.php(1190): CodeIgniter\View\View->render('book', [], true)
 5 APPPATH\Controllers\BookController.php(73): view('book', [...])
 6 SYSTEMPATH\CodeIgniter.php(942): App\Controllers\BookController->getBook('100')
 7 SYSTEMPATH\CodeIgniter.php(502): CodeIgniter\CodeIgniter->runController(Object(App\Controllers\BookController))
 8 SYSTEMPATH\CodeIgniter.php(361): CodeIgniter\CodeIgniter->handleRequest(null, Object(Config\Cache), false)
 9 FCPATH\index.php(79): CodeIgniter\CodeIgniter->run()
INFO - 2024-01-23 20:58:13 --> Session: Class initialized using 'CodeIgniter\Session\Handlers\FileHandler' driver.
CRITICAL - 2024-01-23 20:58:13 --> Undefined property: stdClass::$id
in APPPATH\Views\book.php on line 76.
 1 APPPATH\Views\book.php(76): CodeIgniter\Debug\Exceptions->errorHandler(2, 'Undefined property: stdClass::$id', 'D:\\projects\\biblioteka_cyfr\\app\\Views\\book.php', 76)
 2 SYSTEMPATH\View\View.php(228): include('D:\\projects\\biblioteka_cyfr\\app\\Views\\book.php')
 3 SYSTEMPATH\View\View.php(231): CodeIgniter\View\View->CodeIgniter\View\{closure}()
 4 SYSTEMPATH\Common.php(1190): CodeIgniter\View\View->render('book', [], true)
 5 APPPATH\Controllers\BookController.php(73): view('book', [...])
 6 SYSTEMPATH\CodeIgniter.php(942): App\Controllers\BookController->getBook('100')
 7 SYSTEMPATH\CodeIgniter.php(502): CodeIgniter\CodeIgniter->runController(Object(App\Controllers\BookController))
 8 SYSTEMPATH\CodeIgniter.php(361): CodeIgniter\CodeIgniter->handleRequest(null, Object(Config\Cache), false)
 9 FCPATH\index.php(79): CodeIgniter\CodeIgniter->run()
INFO - 2024-01-23 20:58:42 --> Session: Class initialized using 'CodeIgniter\Session\Handlers\FileHandler' driver.
INFO - 2024-01-23 20:58:47 --> Session: Class initialized using 'CodeIgniter\Session\Handlers\FileHandler' driver.
INFO - 2024-01-23 20:58:51 --> Session: Class initialized using 'CodeIgniter\Session\Handlers\FileHandler' driver.
INFO - 2024-01-23 20:59:12 --> Session: Class initialized using 'CodeIgniter\Session\Handlers\FileHandler' driver.
INFO - 2024-01-23 21:00:06 --> Session: Class initialized using 'CodeIgniter\Session\Handlers\FileHandler' driver.
INFO - 2024-01-23 21:00:11 --> Session: Class initialized using 'CodeIgniter\Session\Handlers\FileHandler' driver.
INFO - 2024-01-23 21:00:15 --> Session: Class initialized using 'CodeIgniter\Session\Handlers\FileHandler' driver.
INFO - 2024-01-23 21:00:15 --> Session: Class initialized using 'CodeIgniter\Session\Handlers\FileHandler' driver.
INFO - 2024-01-23 21:00:19 --> Session: Class initialized using 'CodeIgniter\Session\Handlers\FileHandler' driver.
